{"D:\\CHAT-Client\\src\\app\\App.tsx": {"path":"D:\\CHAT-Client\\src\\app\\App.tsx","statementMap":{"0":{"start":{"line":1,"column":0},"end":{"line":1,"column":49}},"1":{"start":{"line":2,"column":0},"end":{"line":2,"column":38}},"2":{"start":{"line":3,"column":0},"end":{"line":3,"column":40}},"3":{"start":{"line":4,"column":0},"end":{"line":4,"column":36}},"4":{"start":{"line":5,"column":0},"end":{"line":5,"column":60}},"5":{"start":{"line":6,"column":0},"end":{"line":6,"column":27}},"6":{"start":{"line":11,"column":0},"end":{"line":11,"column":71}},"7":{"start":{"line":12,"column":0},"end":{"line":12,"column":22}},"8":{"start":{"line":15,"column":1},"end":{"line":38,"column":3}},"9":{"start":{"line":41,"column":0},"end":{"line":41,"column":19}}},"fnMap":{"0":{"name":"App","decl":{"start":{"line":14,"column":9},"end":{"line":14,"column":12}},"loc":{"start":{"line":14,"column":12},"end":{"line":39,"column":1}}}},"branchMap":{},"s":{"0":1,"1":1,"2":1,"3":1,"4":1,"5":1,"6":1,"7":1,"8":3,"9":1},"f":{"0":3},"b":{}}
,"D:\\CHAT-Client\\src\\app\\socket.ts": {"path":"D:\\CHAT-Client\\src\\app\\socket.ts","statementMap":{"0":{"start":{"line":1,"column":0},"end":{"line":1,"column":38}},"1":{"start":{"line":3,"column":13},"end":{"line":3,"column":50}}},"fnMap":{},"branchMap":{},"s":{"0":3,"1":3},"f":{},"b":{}}
,"D:\\CHAT-Client\\src\\app\\ProtectedMiddleware\\ProtectedMiddleware.tsx": {"path":"D:\\CHAT-Client\\src\\app\\ProtectedMiddleware\\ProtectedMiddleware.tsx","statementMap":{"0":{"start":{"line":1,"column":0},"end":{"line":1,"column":42}},"1":{"start":{"line":3,"column":0},"end":{"line":3,"column":44}},"2":{"start":{"line":11,"column":21},"end":{"line":12,"column":null}},"3":{"start":{"line":12,"column":24},"end":{"line":12,"column":49}},"4":{"start":{"line":15,"column":1},"end":{"line":22,"column":2}},"5":{"start":{"line":16,"column":2},"end":{"line":21,"column":4}},"6":{"start":{"line":24,"column":1},"end":{"line":24,"column":17}},"7":{"start":{"line":10,"column":0},"end":{"line":10,"column":16}}},"fnMap":{"0":{"name":"ProtectedMiddleware","decl":{"start":{"line":10,"column":16},"end":{"line":10,"column":35}},"loc":{"start":{"line":10,"column":70},"end":{"line":25,"column":1}}},"1":{"name":"(anonymous_1)","decl":{"start":{"line":12,"column":2},"end":{"line":12,"column":3}},"loc":{"start":{"line":12,"column":24},"end":{"line":12,"column":49}}}},"branchMap":{"0":{"loc":{"start":{"line":15,"column":1},"end":{"line":22,"column":2}},"type":"if","locations":[{"start":{"line":15,"column":1},"end":{"line":22,"column":2}}]}},"s":{"0":1,"1":1,"2":4,"3":8,"4":4,"5":3,"6":1,"7":1},"f":{"0":4,"1":8},"b":{"0":[3]}}
,"D:\\CHAT-Client\\src\\app\\ProtectedMiddleware\\index.ts": {"path":"D:\\CHAT-Client\\src\\app\\ProtectedMiddleware\\index.ts","statementMap":{"0":{"start":{"line":1,"column":0},"end":{"line":1,"column":9}},"1":{"start":{"line":1,"column":9},"end":{"line":1,"column":60}}},"fnMap":{"0":{"name":"(anonymous_0)","decl":{"start":{"line":1,"column":9},"end":{"line":1,"column":28}},"loc":{"start":{"line":1,"column":9},"end":{"line":1,"column":60}}}},"branchMap":{},"s":{"0":1,"1":4},"f":{"0":3},"b":{}}
,"D:\\CHAT-Client\\src\\app\\contextProviders\\togglersProvider.tsx": {"path":"D:\\CHAT-Client\\src\\app\\contextProviders\\togglersProvider.tsx","statementMap":{"0":{"start":{"line":1,"column":0},"end":{"line":1,"column":62}},"1":{"start":{"line":2,"column":0},"end":{"line":2,"column":70}},"2":{"start":{"line":14,"column":45},"end":{"line":14,"column":60}},"3":{"start":{"line":15,"column":45},"end":{"line":15,"column":60}},"4":{"start":{"line":16,"column":33},"end":{"line":16,"column":47}},"5":{"start":{"line":18,"column":1},"end":{"line":25,"column":4}},"6":{"start":{"line":27,"column":1},"end":{"line":40,"column":3}},"7":{"start":{"line":13,"column":0},"end":{"line":13,"column":16}}},"fnMap":{"0":{"name":"TogglersProvider","decl":{"start":{"line":13,"column":16},"end":{"line":13,"column":32}},"loc":{"start":{"line":13,"column":70},"end":{"line":41,"column":1}}}},"branchMap":{},"s":{"0":1,"1":1,"2":1,"3":1,"4":1,"5":1,"6":1,"7":1},"f":{"0":1},"b":{}}
,"D:\\CHAT-Client\\src\\app\\contextProviders\\useSocketContext.tsx": {"path":"D:\\CHAT-Client\\src\\app\\contextProviders\\useSocketContext.tsx","statementMap":{"0":{"start":{"line":1,"column":0},"end":{"line":1,"column":73}},"1":{"start":{"line":2,"column":0},"end":{"line":2,"column":35}},"2":{"start":{"line":4,"column":22},"end":{"line":4,"column":43}},"3":{"start":{"line":7,"column":1},"end":{"line":7,"column":56}},"4":{"start":{"line":7,"column":48},"end":{"line":7,"column":54}},"5":{"start":{"line":6,"column":0},"end":{"line":6,"column":16}}},"fnMap":{"0":{"name":"useSocketContext","decl":{"start":{"line":6,"column":16},"end":{"line":6,"column":32}},"loc":{"start":{"line":6,"column":32},"end":{"line":8,"column":1}}},"1":{"name":"(anonymous_1)","decl":{"start":{"line":7,"column":42},"end":{"line":7,"column":45}},"loc":{"start":{"line":7,"column":48},"end":{"line":7,"column":54}}}},"branchMap":{},"s":{"0":3,"1":3,"2":3,"3":7,"4":7,"5":3},"f":{"0":7,"1":7},"b":{}}
,"D:\\CHAT-Client\\src\\app\\contextProviders\\useTogglers.ts": {"path":"D:\\CHAT-Client\\src\\app\\contextProviders\\useTogglers.ts","statementMap":{"0":{"start":{"line":1,"column":0},"end":{"line":1,"column":58}},"1":{"start":{"line":2,"column":0},"end":{"line":2,"column":53}},"2":{"start":{"line":5,"column":32},"end":{"line":6,"column":46}},"3":{"start":{"line":6,"column":1},"end":{"line":6,"column":46}},"4":{"start":{"line":5,"column":13},"end":{"line":5,"column":32}},"5":{"start":{"line":8,"column":34},"end":{"line":10,"column":50}},"6":{"start":{"line":10,"column":5},"end":{"line":10,"column":50}},"7":{"start":{"line":8,"column":13},"end":{"line":8,"column":34}}},"fnMap":{"0":{"name":"(anonymous_0)","decl":{"start":{"line":5,"column":32},"end":{"line":5,"column":33}},"loc":{"start":{"line":6,"column":1},"end":{"line":6,"column":46}}},"1":{"name":"(anonymous_1)","decl":{"start":{"line":8,"column":34},"end":{"line":8,"column":null}},"loc":{"start":{"line":10,"column":5},"end":{"line":10,"column":50}}}},"branchMap":{},"s":{"0":1,"1":1,"2":1,"3":6,"4":1,"5":1,"6":6,"7":1},"f":{"0":6,"1":6},"b":{}}
,"D:\\CHAT-Client\\src\\app\\store\\store.ts": {"path":"D:\\CHAT-Client\\src\\app\\store\\store.ts","statementMap":{"0":{"start":{"line":1,"column":0},"end":{"line":1,"column":50}},"1":{"start":{"line":2,"column":0},"end":{"line":2,"column":55}},"2":{"start":{"line":4,"column":0},"end":{"line":4,"column":46}},"3":{"start":{"line":5,"column":0},"end":{"line":5,"column":64}},"4":{"start":{"line":6,"column":0},"end":{"line":6,"column":58}},"5":{"start":{"line":7,"column":0},"end":{"line":7,"column":43}},"6":{"start":{"line":8,"column":0},"end":{"line":8,"column":91}},"7":{"start":{"line":9,"column":0},"end":{"line":9,"column":52}},"8":{"start":{"line":10,"column":0},"end":{"line":10,"column":65}},"9":{"start":{"line":12,"column":13},"end":{"line":23,"column":3}}},"fnMap":{},"branchMap":{},"s":{"0":5,"1":5,"2":5,"3":5,"4":5,"5":5,"6":5,"7":5,"8":5,"9":5},"f":{},"b":{}}
,"D:\\CHAT-Client\\src\\app\\store\\activeChatSlice\\activeChatSlice.ts": {"path":"D:\\CHAT-Client\\src\\app\\store\\activeChatSlice\\activeChatSlice.ts","statementMap":{"0":{"start":{"line":1,"column":0},"end":{"line":1,"column":62}},"1":{"start":{"line":11,"column":36},"end":{"line":11,"column":72}},"2":{"start":{"line":13,"column":24},"end":{"line":32,"column":2}},"3":{"start":{"line":21,"column":26},"end":{"line":21,"column":40}},"4":{"start":{"line":22,"column":3},"end":{"line":22,"column":33}},"5":{"start":{"line":25,"column":3},"end":{"line":25,"column":43}},"6":{"start":{"line":28,"column":23},"end":{"line":28,"column":37}},"7":{"start":{"line":29,"column":3},"end":{"line":29,"column":43}},"8":{"start":{"line":34,"column":13},"end":{"line":34,"column":null}},"9":{"start":{"line":36,"column":34},"end":{"line":37,"column":28}},"10":{"start":{"line":37,"column":1},"end":{"line":37,"column":28}},"11":{"start":{"line":36,"column":13},"end":{"line":36,"column":34}},"12":{"start":{"line":38,"column":0},"end":{"line":38,"column":39}}},"fnMap":{"0":{"name":"(anonymous_0)","decl":{"start":{"line":17,"column":17},"end":{"line":17,"column":null}},"loc":{"start":{"line":20,"column":6},"end":{"line":23,"column":3}}},"1":{"name":"(anonymous_1)","decl":{"start":{"line":24,"column":19},"end":{"line":24,"column":20}},"loc":{"start":{"line":24,"column":29},"end":{"line":26,"column":3}}},"2":{"name":"(anonymous_2)","decl":{"start":{"line":27,"column":20},"end":{"line":27,"column":21}},"loc":{"start":{"line":27,"column":76},"end":{"line":30,"column":3}}},"3":{"name":"(anonymous_3)","decl":{"start":{"line":36,"column":34},"end":{"line":36,"column":35}},"loc":{"start":{"line":37,"column":1},"end":{"line":37,"column":28}}}},"branchMap":{},"s":{"0":6,"1":6,"2":6,"3":0,"4":0,"5":0,"6":0,"7":0,"8":6,"9":6,"10":5,"11":6,"12":6},"f":{"0":0,"1":0,"2":0,"3":5},"b":{}}
,"D:\\CHAT-Client\\src\\app\\store\\channelsSlice\\channelsSlice.ts": {"path":"D:\\CHAT-Client\\src\\app\\store\\channelsSlice\\channelsSlice.ts","statementMap":{"0":{"start":{"line":1,"column":0},"end":{"line":1,"column":71}},"1":{"start":{"line":10,"column":21},"end":{"line":10,"column":51}},"2":{"start":{"line":12,"column":22},"end":{"line":60,"column":2}},"3":{"start":{"line":17,"column":24},"end":{"line":17,"column":38}},"4":{"start":{"line":18,"column":3},"end":{"line":18,"column":29}},"5":{"start":{"line":21,"column":3},"end":{"line":21,"column":23}},"6":{"start":{"line":24,"column":26},"end":{"line":24,"column":40}},"7":{"start":{"line":25,"column":3},"end":{"line":25,"column":35}},"8":{"start":{"line":31,"column":29},"end":{"line":31,"column":43}},"9":{"start":{"line":32,"column":22},"end":{"line":32,"column":24}},"10":{"start":{"line":33,"column":3},"end":{"line":37,"column":6}},"11":{"start":{"line":34,"column":4},"end":{"line":36,"column":5}},"12":{"start":{"line":35,"column":5},"end":{"line":35,"column":26}},"13":{"start":{"line":38,"column":3},"end":{"line":40,"column":4}},"14":{"start":{"line":39,"column":4},"end":{"line":39,"column":43}},"15":{"start":{"line":46,"column":38},"end":{"line":46,"column":52}},"16":{"start":{"line":47,"column":19},"end":{"line":47,"column":21}},"17":{"start":{"line":48,"column":3},"end":{"line":53,"column":6}},"18":{"start":{"line":49,"column":4},"end":{"line":52,"column":5}},"19":{"start":{"line":50,"column":5},"end":{"line":50,"column":23}},"20":{"start":{"line":51,"column":5},"end":{"line":51,"column":17}},"21":{"start":{"line":55,"column":3},"end":{"line":57,"column":4}},"22":{"start":{"line":56,"column":5},"end":{"line":56,"column":70}},"23":{"start":{"line":62,"column":13},"end":{"line":67,"column":null}},"24":{"start":{"line":69,"column":32},"end":{"line":69,"column":77}},"25":{"start":{"line":69,"column":54},"end":{"line":69,"column":77}},"26":{"start":{"line":69,"column":13},"end":{"line":69,"column":32}},"27":{"start":{"line":71,"column":0},"end":{"line":71,"column":37}}},"fnMap":{"0":{"name":"(anonymous_0)","decl":{"start":{"line":16,"column":15},"end":{"line":16,"column":16}},"loc":{"start":{"line":16,"column":74},"end":{"line":19,"column":3}}},"1":{"name":"(anonymous_1)","decl":{"start":{"line":20,"column":17},"end":{"line":20,"column":18}},"loc":{"start":{"line":20,"column":27},"end":{"line":22,"column":3}}},"2":{"name":"(anonymous_2)","decl":{"start":{"line":23,"column":14},"end":{"line":23,"column":15}},"loc":{"start":{"line":23,"column":73},"end":{"line":26,"column":3}}},"3":{"name":"(anonymous_3)","decl":{"start":{"line":27,"column":17},"end":{"line":27,"column":null}},"loc":{"start":{"line":30,"column":6},"end":{"line":41,"column":3}}},"4":{"name":"(anonymous_4)","decl":{"start":{"line":33,"column":25},"end":{"line":33,"column":26}},"loc":{"start":{"line":33,"column":44},"end":{"line":37,"column":4}}},"5":{"name":"(anonymous_5)","decl":{"start":{"line":42,"column":14},"end":{"line":42,"column":null}},"loc":{"start":{"line":45,"column":6},"end":{"line":58,"column":3}}},"6":{"name":"(anonymous_6)","decl":{"start":{"line":48,"column":32},"end":{"line":48,"column":33}},"loc":{"start":{"line":48,"column":66},"end":{"line":53,"column":4}}},"7":{"name":"(anonymous_7)","decl":{"start":{"line":69,"column":32},"end":{"line":69,"column":33}},"loc":{"start":{"line":69,"column":54},"end":{"line":69,"column":77}}}},"branchMap":{"0":{"loc":{"start":{"line":34,"column":4},"end":{"line":36,"column":5}},"type":"if","locations":[{"start":{"line":34,"column":4},"end":{"line":36,"column":5}}]},"1":{"loc":{"start":{"line":38,"column":3},"end":{"line":40,"column":4}},"type":"if","locations":[{"start":{"line":38,"column":3},"end":{"line":40,"column":4}}]},"2":{"loc":{"start":{"line":49,"column":4},"end":{"line":52,"column":5}},"type":"if","locations":[{"start":{"line":49,"column":4},"end":{"line":52,"column":5}}]},"3":{"loc":{"start":{"line":55,"column":3},"end":{"line":57,"column":4}},"type":"if","locations":[{"start":{"line":55,"column":3},"end":{"line":57,"column":4}}]}},"s":{"0":6,"1":6,"2":6,"3":2,"4":2,"5":1,"6":2,"7":2,"8":1,"9":1,"10":1,"11":1,"12":1,"13":1,"14":1,"15":1,"16":1,"17":1,"18":1,"19":1,"20":1,"21":1,"22":1,"23":6,"24":6,"25":0,"26":6,"27":6},"f":{"0":2,"1":1,"2":2,"3":1,"4":1,"5":1,"6":1,"7":0},"b":{"0":[1],"1":[1],"2":[1],"3":[1]}}
,"D:\\CHAT-Client\\src\\app\\store\\dmsSlice\\dmsSlice.ts": {"path":"D:\\CHAT-Client\\src\\app\\store\\dmsSlice\\dmsSlice.ts","statementMap":{"0":{"start":{"line":2,"column":0},"end":{"line":2,"column":71}},"1":{"start":{"line":10,"column":21},"end":{"line":10,"column":41}},"2":{"start":{"line":12,"column":17},"end":{"line":57,"column":2}},"3":{"start":{"line":17,"column":19},"end":{"line":17,"column":33}},"4":{"start":{"line":18,"column":3},"end":{"line":18,"column":19}},"5":{"start":{"line":21,"column":3},"end":{"line":21,"column":27}},"6":{"start":{"line":24,"column":22},"end":{"line":24,"column":36}},"7":{"start":{"line":25,"column":3},"end":{"line":25,"column":26}},"8":{"start":{"line":28,"column":25},"end":{"line":28,"column":39}},"9":{"start":{"line":29,"column":17},"end":{"line":29,"column":19}},"10":{"start":{"line":30,"column":3},"end":{"line":34,"column":6}},"11":{"start":{"line":31,"column":4},"end":{"line":33,"column":5}},"12":{"start":{"line":32,"column":5},"end":{"line":32,"column":21}},"13":{"start":{"line":35,"column":3},"end":{"line":37,"column":4}},"14":{"start":{"line":36,"column":4},"end":{"line":36,"column":33}},"15":{"start":{"line":43,"column":38},"end":{"line":43,"column":52}},"16":{"start":{"line":44,"column":19},"end":{"line":44,"column":21}},"17":{"start":{"line":45,"column":3},"end":{"line":50,"column":6}},"18":{"start":{"line":46,"column":4},"end":{"line":49,"column":5}},"19":{"start":{"line":47,"column":5},"end":{"line":47,"column":23}},"20":{"start":{"line":48,"column":5},"end":{"line":48,"column":15}},"21":{"start":{"line":52,"column":3},"end":{"line":54,"column":4}},"22":{"start":{"line":53,"column":4},"end":{"line":53,"column":51}},"23":{"start":{"line":59,"column":13},"end":{"line":59,"column":null}},"24":{"start":{"line":61,"column":27},"end":{"line":61,"column":62}},"25":{"start":{"line":61,"column":49},"end":{"line":61,"column":62}},"26":{"start":{"line":61,"column":13},"end":{"line":61,"column":27}},"27":{"start":{"line":62,"column":0},"end":{"line":62,"column":32}}},"fnMap":{"0":{"name":"(anonymous_0)","decl":{"start":{"line":16,"column":10},"end":{"line":16,"column":11}},"loc":{"start":{"line":16,"column":59},"end":{"line":19,"column":3}}},"1":{"name":"(anonymous_1)","decl":{"start":{"line":20,"column":12},"end":{"line":20,"column":13}},"loc":{"start":{"line":20,"column":22},"end":{"line":22,"column":3}}},"2":{"name":"(anonymous_2)","decl":{"start":{"line":23,"column":10},"end":{"line":23,"column":11}},"loc":{"start":{"line":23,"column":60},"end":{"line":26,"column":3}}},"3":{"name":"(anonymous_3)","decl":{"start":{"line":27,"column":13},"end":{"line":27,"column":14}},"loc":{"start":{"line":27,"column":66},"end":{"line":38,"column":3}}},"4":{"name":"(anonymous_4)","decl":{"start":{"line":30,"column":20},"end":{"line":30,"column":21}},"loc":{"start":{"line":30,"column":34},"end":{"line":34,"column":4}}},"5":{"name":"(anonymous_5)","decl":{"start":{"line":39,"column":13},"end":{"line":39,"column":null}},"loc":{"start":{"line":42,"column":6},"end":{"line":55,"column":3}}},"6":{"name":"(anonymous_6)","decl":{"start":{"line":45,"column":27},"end":{"line":45,"column":28}},"loc":{"start":{"line":45,"column":54},"end":{"line":50,"column":4}}},"7":{"name":"(anonymous_7)","decl":{"start":{"line":61,"column":27},"end":{"line":61,"column":28}},"loc":{"start":{"line":61,"column":49},"end":{"line":61,"column":62}}}},"branchMap":{"0":{"loc":{"start":{"line":31,"column":4},"end":{"line":33,"column":5}},"type":"if","locations":[{"start":{"line":31,"column":4},"end":{"line":33,"column":5}}]},"1":{"loc":{"start":{"line":35,"column":3},"end":{"line":37,"column":4}},"type":"if","locations":[{"start":{"line":35,"column":3},"end":{"line":37,"column":4}}]},"2":{"loc":{"start":{"line":46,"column":4},"end":{"line":49,"column":5}},"type":"if","locations":[{"start":{"line":46,"column":4},"end":{"line":49,"column":5}}]},"3":{"loc":{"start":{"line":52,"column":3},"end":{"line":54,"column":4}},"type":"if","locations":[{"start":{"line":52,"column":3},"end":{"line":54,"column":4}}]}},"s":{"0":6,"1":6,"2":6,"3":0,"4":0,"5":0,"6":0,"7":0,"8":0,"9":0,"10":0,"11":0,"12":0,"13":0,"14":0,"15":0,"16":0,"17":0,"18":0,"19":0,"20":0,"21":0,"22":0,"23":6,"24":6,"25":0,"26":6,"27":6},"f":{"0":0,"1":0,"2":0,"3":0,"4":0,"5":0,"6":0,"7":0},"b":{"0":[0],"1":[0],"2":[0],"3":[0]}}
,"D:\\CHAT-Client\\src\\app\\store\\messageNotificationSlice\\messageNotificationSlice.ts": {"path":"D:\\CHAT-Client\\src\\app\\store\\messageNotificationSlice\\messageNotificationSlice.ts","statementMap":{"0":{"start":{"line":1,"column":0},"end":{"line":1,"column":62}},"1":{"start":{"line":24,"column":36},"end":{"line":31,"column":2}},"2":{"start":{"line":33,"column":29},"end":{"line":257,"column":2}},"3":{"start":{"line":41,"column":29},"end":{"line":41,"column":43}},"4":{"start":{"line":43,"column":29},"end":{"line":43,"column":31}},"5":{"start":{"line":44,"column":3},"end":{"line":48,"column":6}},"6":{"start":{"line":45,"column":4},"end":{"line":47,"column":5}},"7":{"start":{"line":46,"column":5},"end":{"line":46,"column":33}},"8":{"start":{"line":50,"column":3},"end":{"line":59,"column":4}},"9":{"start":{"line":51,"column":4},"end":{"line":56,"column":7}},"10":{"start":{"line":58,"column":4},"end":{"line":58,"column":11}},"11":{"start":{"line":61,"column":3},"end":{"line":62,"column":56}},"12":{"start":{"line":68,"column":32},"end":{"line":68,"column":46}},"13":{"start":{"line":70,"column":3},"end":{"line":70,"column":47}},"14":{"start":{"line":76,"column":20},"end":{"line":76,"column":34}},"15":{"start":{"line":78,"column":27},"end":{"line":78,"column":29}},"16":{"start":{"line":79,"column":3},"end":{"line":83,"column":6}},"17":{"start":{"line":80,"column":4},"end":{"line":82,"column":5}},"18":{"start":{"line":81,"column":5},"end":{"line":81,"column":31}},"19":{"start":{"line":85,"column":3},"end":{"line":87,"column":4}},"20":{"start":{"line":86,"column":4},"end":{"line":86,"column":54}},"21":{"start":{"line":93,"column":30},"end":{"line":93,"column":44}},"22":{"start":{"line":94,"column":3},"end":{"line":94,"column":32}},"23":{"start":{"line":95,"column":3},"end":{"line":95,"column":36}},"24":{"start":{"line":97,"column":3},"end":{"line":101,"column":6}},"25":{"start":{"line":107,"column":32},"end":{"line":107,"column":46}},"26":{"start":{"line":109,"column":3},"end":{"line":109,"column":48}},"27":{"start":{"line":115,"column":23},"end":{"line":115,"column":37}},"28":{"start":{"line":116,"column":3},"end":{"line":116,"column":43}},"29":{"start":{"line":118,"column":30},"end":{"line":118,"column":32}},"30":{"start":{"line":119,"column":3},"end":{"line":123,"column":6}},"31":{"start":{"line":120,"column":4},"end":{"line":122,"column":5}},"32":{"start":{"line":121,"column":5},"end":{"line":121,"column":34}},"33":{"start":{"line":124,"column":3},"end":{"line":124,"column":62}},"34":{"start":{"line":126,"column":3},"end":{"line":128,"column":4}},"35":{"start":{"line":127,"column":4},"end":{"line":127,"column":58}},"36":{"start":{"line":134,"column":26},"end":{"line":134,"column":40}},"37":{"start":{"line":136,"column":20},"end":{"line":136,"column":22}},"38":{"start":{"line":137,"column":3},"end":{"line":141,"column":6}},"39":{"start":{"line":138,"column":4},"end":{"line":140,"column":5}},"40":{"start":{"line":139,"column":5},"end":{"line":139,"column":24}},"41":{"start":{"line":143,"column":3},"end":{"line":149,"column":4}},"42":{"start":{"line":144,"column":4},"end":{"line":148,"column":7}},"43":{"start":{"line":155,"column":31},"end":{"line":155,"column":45}},"44":{"start":{"line":157,"column":20},"end":{"line":157,"column":22}},"45":{"start":{"line":158,"column":3},"end":{"line":165,"column":6}},"46":{"start":{"line":159,"column":4},"end":{"line":164,"column":5}},"47":{"start":{"line":163,"column":5},"end":{"line":163,"column":24}},"48":{"start":{"line":167,"column":3},"end":{"line":169,"column":4}},"49":{"start":{"line":168,"column":4},"end":{"line":168,"column":46}},"50":{"start":{"line":175,"column":26},"end":{"line":175,"column":40}},"51":{"start":{"line":177,"column":20},"end":{"line":177,"column":22}},"52":{"start":{"line":178,"column":3},"end":{"line":182,"column":6}},"53":{"start":{"line":179,"column":4},"end":{"line":181,"column":5}},"54":{"start":{"line":180,"column":5},"end":{"line":180,"column":24}},"55":{"start":{"line":184,"column":3},"end":{"line":186,"column":4}},"56":{"start":{"line":185,"column":4},"end":{"line":185,"column":46}},"57":{"start":{"line":196,"column":38},"end":{"line":196,"column":52}},"58":{"start":{"line":198,"column":20},"end":{"line":198,"column":22}},"59":{"start":{"line":199,"column":3},"end":{"line":203,"column":6}},"60":{"start":{"line":200,"column":4},"end":{"line":202,"column":5}},"61":{"start":{"line":201,"column":5},"end":{"line":201,"column":24}},"62":{"start":{"line":205,"column":3},"end":{"line":212,"column":4}},"63":{"start":{"line":206,"column":4},"end":{"line":211,"column":7}},"64":{"start":{"line":218,"column":32},"end":{"line":218,"column":46}},"65":{"start":{"line":220,"column":20},"end":{"line":220,"column":22}},"66":{"start":{"line":221,"column":3},"end":{"line":228,"column":6}},"67":{"start":{"line":222,"column":4},"end":{"line":227,"column":5}},"68":{"start":{"line":226,"column":5},"end":{"line":226,"column":24}},"69":{"start":{"line":230,"column":3},"end":{"line":232,"column":4}},"70":{"start":{"line":231,"column":4},"end":{"line":231,"column":48}},"71":{"start":{"line":238,"column":26},"end":{"line":238,"column":40}},"72":{"start":{"line":240,"column":20},"end":{"line":240,"column":22}},"73":{"start":{"line":241,"column":3},"end":{"line":245,"column":6}},"74":{"start":{"line":242,"column":4},"end":{"line":244,"column":5}},"75":{"start":{"line":243,"column":5},"end":{"line":243,"column":24}},"76":{"start":{"line":247,"column":3},"end":{"line":249,"column":4}},"77":{"start":{"line":248,"column":4},"end":{"line":248,"column":47}},"78":{"start":{"line":259,"column":13},"end":{"line":271,"column":null}},"79":{"start":{"line":273,"column":40},"end":{"line":274,"column":19}},"80":{"start":{"line":274,"column":1},"end":{"line":274,"column":19}},"81":{"start":{"line":273,"column":13},"end":{"line":273,"column":40}},"82":{"start":{"line":275,"column":51},"end":{"line":276,"column":34}},"83":{"start":{"line":276,"column":1},"end":{"line":276,"column":34}},"84":{"start":{"line":275,"column":13},"end":{"line":275,"column":51}},"85":{"start":{"line":277,"column":52},"end":{"line":278,"column":35}},"86":{"start":{"line":278,"column":1},"end":{"line":278,"column":35}},"87":{"start":{"line":277,"column":13},"end":{"line":277,"column":52}},"88":{"start":{"line":279,"column":50},"end":{"line":280,"column":33}},"89":{"start":{"line":280,"column":1},"end":{"line":280,"column":33}},"90":{"start":{"line":279,"column":13},"end":{"line":279,"column":50}},"91":{"start":{"line":281,"column":51},"end":{"line":282,"column":34}},"92":{"start":{"line":282,"column":1},"end":{"line":282,"column":34}},"93":{"start":{"line":281,"column":13},"end":{"line":281,"column":51}},"94":{"start":{"line":283,"column":47},"end":{"line":284,"column":31}},"95":{"start":{"line":284,"column":1},"end":{"line":284,"column":31}},"96":{"start":{"line":283,"column":13},"end":{"line":283,"column":47}},"97":{"start":{"line":285,"column":45},"end":{"line":286,"column":28}},"98":{"start":{"line":286,"column":1},"end":{"line":286,"column":28}},"99":{"start":{"line":285,"column":13},"end":{"line":285,"column":45}},"100":{"start":{"line":296,"column":0},"end":{"line":296,"column":44}}},"fnMap":{"0":{"name":"(anonymous_0)","decl":{"start":{"line":37,"column":32},"end":{"line":37,"column":null}},"loc":{"start":{"line":40,"column":6},"end":{"line":63,"column":3}}},"1":{"name":"(anonymous_1)","decl":{"start":{"line":44,"column":28},"end":{"line":44,"column":29}},"loc":{"start":{"line":44,"column":53},"end":{"line":48,"column":4}}},"2":{"name":"(anonymous_2)","decl":{"start":{"line":64,"column":33},"end":{"line":64,"column":null}},"loc":{"start":{"line":67,"column":6},"end":{"line":71,"column":3}}},"3":{"name":"(anonymous_3)","decl":{"start":{"line":72,"column":35},"end":{"line":72,"column":null}},"loc":{"start":{"line":75,"column":6},"end":{"line":88,"column":3}}},"4":{"name":"(anonymous_4)","decl":{"start":{"line":79,"column":28},"end":{"line":79,"column":29}},"loc":{"start":{"line":79,"column":53},"end":{"line":83,"column":4}}},"5":{"name":"(anonymous_5)","decl":{"start":{"line":89,"column":34},"end":{"line":89,"column":null}},"loc":{"start":{"line":92,"column":6},"end":{"line":102,"column":3}}},"6":{"name":"(anonymous_6)","decl":{"start":{"line":103,"column":35},"end":{"line":103,"column":null}},"loc":{"start":{"line":106,"column":6},"end":{"line":110,"column":3}}},"7":{"name":"(anonymous_7)","decl":{"start":{"line":111,"column":37},"end":{"line":111,"column":null}},"loc":{"start":{"line":114,"column":6},"end":{"line":129,"column":3}}},"8":{"name":"(anonymous_8)","decl":{"start":{"line":119,"column":29},"end":{"line":119,"column":30}},"loc":{"start":{"line":119,"column":54},"end":{"line":123,"column":4}}},"9":{"name":"(anonymous_9)","decl":{"start":{"line":130,"column":31},"end":{"line":130,"column":null}},"loc":{"start":{"line":133,"column":6},"end":{"line":150,"column":3}}},"10":{"name":"(anonymous_10)","decl":{"start":{"line":137,"column":27},"end":{"line":137,"column":28}},"loc":{"start":{"line":137,"column":44},"end":{"line":141,"column":4}}},"11":{"name":"(anonymous_11)","decl":{"start":{"line":151,"column":32},"end":{"line":151,"column":null}},"loc":{"start":{"line":154,"column":6},"end":{"line":170,"column":3}}},"12":{"name":"(anonymous_12)","decl":{"start":{"line":158,"column":27},"end":{"line":158,"column":28}},"loc":{"start":{"line":158,"column":44},"end":{"line":165,"column":4}}},"13":{"name":"(anonymous_13)","decl":{"start":{"line":171,"column":34},"end":{"line":171,"column":null}},"loc":{"start":{"line":174,"column":6},"end":{"line":187,"column":3}}},"14":{"name":"(anonymous_14)","decl":{"start":{"line":178,"column":27},"end":{"line":178,"column":28}},"loc":{"start":{"line":178,"column":44},"end":{"line":182,"column":4}}},"15":{"name":"(anonymous_15)","decl":{"start":{"line":188,"column":32},"end":{"line":188,"column":null}},"loc":{"start":{"line":195,"column":6},"end":{"line":213,"column":3}}},"16":{"name":"(anonymous_16)","decl":{"start":{"line":199,"column":27},"end":{"line":199,"column":28}},"loc":{"start":{"line":199,"column":44},"end":{"line":203,"column":4}}},"17":{"name":"(anonymous_17)","decl":{"start":{"line":214,"column":33},"end":{"line":214,"column":null}},"loc":{"start":{"line":217,"column":6},"end":{"line":233,"column":3}}},"18":{"name":"(anonymous_18)","decl":{"start":{"line":221,"column":28},"end":{"line":221,"column":29}},"loc":{"start":{"line":221,"column":45},"end":{"line":228,"column":4}}},"19":{"name":"(anonymous_19)","decl":{"start":{"line":234,"column":35},"end":{"line":234,"column":null}},"loc":{"start":{"line":237,"column":6},"end":{"line":250,"column":3}}},"20":{"name":"(anonymous_20)","decl":{"start":{"line":241,"column":28},"end":{"line":241,"column":29}},"loc":{"start":{"line":241,"column":45},"end":{"line":245,"column":4}}},"21":{"name":"(anonymous_21)","decl":{"start":{"line":273,"column":40},"end":{"line":273,"column":41}},"loc":{"start":{"line":274,"column":1},"end":{"line":274,"column":19}}},"22":{"name":"(anonymous_22)","decl":{"start":{"line":275,"column":51},"end":{"line":275,"column":52}},"loc":{"start":{"line":276,"column":1},"end":{"line":276,"column":34}}},"23":{"name":"(anonymous_23)","decl":{"start":{"line":277,"column":52},"end":{"line":277,"column":53}},"loc":{"start":{"line":278,"column":1},"end":{"line":278,"column":35}}},"24":{"name":"(anonymous_24)","decl":{"start":{"line":279,"column":50},"end":{"line":279,"column":51}},"loc":{"start":{"line":280,"column":1},"end":{"line":280,"column":33}}},"25":{"name":"(anonymous_25)","decl":{"start":{"line":281,"column":51},"end":{"line":281,"column":52}},"loc":{"start":{"line":282,"column":1},"end":{"line":282,"column":34}}},"26":{"name":"(anonymous_26)","decl":{"start":{"line":283,"column":47},"end":{"line":283,"column":48}},"loc":{"start":{"line":284,"column":1},"end":{"line":284,"column":31}}},"27":{"name":"(anonymous_27)","decl":{"start":{"line":285,"column":45},"end":{"line":285,"column":46}},"loc":{"start":{"line":286,"column":1},"end":{"line":286,"column":28}}}},"branchMap":{"0":{"loc":{"start":{"line":45,"column":4},"end":{"line":47,"column":5}},"type":"if","locations":[{"start":{"line":45,"column":4},"end":{"line":47,"column":5}}]},"1":{"loc":{"start":{"line":50,"column":3},"end":{"line":59,"column":4}},"type":"if","locations":[{"start":{"line":50,"column":3},"end":{"line":59,"column":4}}]},"2":{"loc":{"start":{"line":80,"column":4},"end":{"line":82,"column":5}},"type":"if","locations":[{"start":{"line":80,"column":4},"end":{"line":82,"column":5}}]},"3":{"loc":{"start":{"line":85,"column":3},"end":{"line":87,"column":4}},"type":"if","locations":[{"start":{"line":85,"column":3},"end":{"line":87,"column":4}}]},"4":{"loc":{"start":{"line":120,"column":4},"end":{"line":122,"column":5}},"type":"if","locations":[{"start":{"line":120,"column":4},"end":{"line":122,"column":5}}]},"5":{"loc":{"start":{"line":126,"column":3},"end":{"line":128,"column":4}},"type":"if","locations":[{"start":{"line":126,"column":3},"end":{"line":128,"column":4}}]},"6":{"loc":{"start":{"line":138,"column":4},"end":{"line":140,"column":5}},"type":"if","locations":[{"start":{"line":138,"column":4},"end":{"line":140,"column":5}}]},"7":{"loc":{"start":{"line":138,"column":8},"end":{"line":138,"column":73}},"type":"binary-expr","locations":[{"start":{"line":138,"column":8},"end":{"line":138,"column":33}},{"start":{"line":138,"column":37},"end":{"line":138,"column":73}}]},"8":{"loc":{"start":{"line":143,"column":3},"end":{"line":149,"column":4}},"type":"if","locations":[{"start":{"line":143,"column":3},"end":{"line":149,"column":4}}]},"9":{"loc":{"start":{"line":159,"column":4},"end":{"line":164,"column":5}},"type":"if","locations":[{"start":{"line":159,"column":4},"end":{"line":164,"column":5}}]},"10":{"loc":{"start":{"line":160,"column":5},"end":{"line":161,"column":60}},"type":"binary-expr","locations":[{"start":{"line":160,"column":5},"end":{"line":160,"column":46}},{"start":{"line":161,"column":5},"end":{"line":161,"column":60}}]},"11":{"loc":{"start":{"line":167,"column":3},"end":{"line":169,"column":4}},"type":"if","locations":[{"start":{"line":167,"column":3},"end":{"line":169,"column":4}}]},"12":{"loc":{"start":{"line":179,"column":4},"end":{"line":181,"column":5}},"type":"if","locations":[{"start":{"line":179,"column":4},"end":{"line":181,"column":5}}]},"13":{"loc":{"start":{"line":179,"column":8},"end":{"line":179,"column":73}},"type":"binary-expr","locations":[{"start":{"line":179,"column":8},"end":{"line":179,"column":33}},{"start":{"line":179,"column":37},"end":{"line":179,"column":73}}]},"14":{"loc":{"start":{"line":184,"column":3},"end":{"line":186,"column":4}},"type":"if","locations":[{"start":{"line":184,"column":3},"end":{"line":186,"column":4}}]},"15":{"loc":{"start":{"line":200,"column":4},"end":{"line":202,"column":5}},"type":"if","locations":[{"start":{"line":200,"column":4},"end":{"line":202,"column":5}}]},"16":{"loc":{"start":{"line":200,"column":8},"end":{"line":200,"column":73}},"type":"binary-expr","locations":[{"start":{"line":200,"column":8},"end":{"line":200,"column":33}},{"start":{"line":200,"column":37},"end":{"line":200,"column":73}}]},"17":{"loc":{"start":{"line":205,"column":3},"end":{"line":212,"column":4}},"type":"if","locations":[{"start":{"line":205,"column":3},"end":{"line":212,"column":4}}]},"18":{"loc":{"start":{"line":222,"column":4},"end":{"line":227,"column":5}},"type":"if","locations":[{"start":{"line":222,"column":4},"end":{"line":227,"column":5}}]},"19":{"loc":{"start":{"line":223,"column":5},"end":{"line":224,"column":61}},"type":"binary-expr","locations":[{"start":{"line":223,"column":5},"end":{"line":223,"column":47}},{"start":{"line":224,"column":5},"end":{"line":224,"column":61}}]},"20":{"loc":{"start":{"line":230,"column":3},"end":{"line":232,"column":4}},"type":"if","locations":[{"start":{"line":230,"column":3},"end":{"line":232,"column":4}}]},"21":{"loc":{"start":{"line":242,"column":4},"end":{"line":244,"column":5}},"type":"if","locations":[{"start":{"line":242,"column":4},"end":{"line":244,"column":5}}]},"22":{"loc":{"start":{"line":242,"column":8},"end":{"line":242,"column":73}},"type":"binary-expr","locations":[{"start":{"line":242,"column":8},"end":{"line":242,"column":33}},{"start":{"line":242,"column":37},"end":{"line":242,"column":73}}]},"23":{"loc":{"start":{"line":247,"column":3},"end":{"line":249,"column":4}},"type":"if","locations":[{"start":{"line":247,"column":3},"end":{"line":249,"column":4}}]}},"s":{"0":6,"1":6,"2":6,"3":0,"4":0,"5":0,"6":0,"7":0,"8":0,"9":0,"10":0,"11":0,"12":0,"13":0,"14":0,"15":0,"16":0,"17":0,"18":0,"19":0,"20":0,"21":0,"22":0,"23":0,"24":0,"25":0,"26":0,"27":0,"28":0,"29":0,"30":0,"31":0,"32":0,"33":0,"34":0,"35":0,"36":0,"37":0,"38":0,"39":0,"40":0,"41":0,"42":0,"43":0,"44":0,"45":0,"46":0,"47":0,"48":0,"49":0,"50":0,"51":0,"52":0,"53":0,"54":0,"55":0,"56":0,"57":0,"58":0,"59":0,"60":0,"61":0,"62":0,"63":0,"64":0,"65":0,"66":0,"67":0,"68":0,"69":0,"70":0,"71":0,"72":0,"73":0,"74":0,"75":0,"76":0,"77":0,"78":6,"79":6,"80":1,"81":6,"82":6,"83":3,"84":6,"85":6,"86":0,"87":6,"88":6,"89":0,"90":6,"91":6,"92":0,"93":6,"94":6,"95":0,"96":6,"97":6,"98":0,"99":6,"100":6},"f":{"0":0,"1":0,"2":0,"3":0,"4":0,"5":0,"6":0,"7":0,"8":0,"9":0,"10":0,"11":0,"12":0,"13":0,"14":0,"15":0,"16":0,"17":0,"18":0,"19":0,"20":0,"21":1,"22":3,"23":0,"24":0,"25":0,"26":0,"27":0},"b":{"0":[0],"1":[0],"2":[0],"3":[0],"4":[0],"5":[0],"6":[0],"7":[0,0],"8":[0],"9":[0],"10":[0,0],"11":[0],"12":[0],"13":[0,0],"14":[0],"15":[0],"16":[0,0],"17":[0],"18":[0],"19":[0,0],"20":[0],"21":[0],"22":[0,0],"23":[0]}}
,"D:\\CHAT-Client\\src\\app\\store\\onlineUsersSlice\\onlineUserSlice.ts": {"path":"D:\\CHAT-Client\\src\\app\\store\\onlineUsersSlice\\onlineUserSlice.ts","statementMap":{"0":{"start":{"line":1,"column":0},"end":{"line":1,"column":62}},"1":{"start":{"line":6,"column":36},"end":{"line":6,"column":38}},"2":{"start":{"line":8,"column":25},"end":{"line":42,"column":2}},"3":{"start":{"line":16,"column":20},"end":{"line":16,"column":34}},"4":{"start":{"line":17,"column":3},"end":{"line":24,"column":4}},"5":{"start":{"line":18,"column":27},"end":{"line":18,"column":72}},"6":{"start":{"line":18,"column":50},"end":{"line":18,"column":71}},"7":{"start":{"line":19,"column":4},"end":{"line":23,"column":7}},"8":{"start":{"line":20,"column":5},"end":{"line":22,"column":6}},"9":{"start":{"line":21,"column":6},"end":{"line":21,"column":23}},"10":{"start":{"line":25,"column":3},"end":{"line":27,"column":4}},"11":{"start":{"line":26,"column":4},"end":{"line":26,"column":21}},"12":{"start":{"line":30,"column":20},"end":{"line":30,"column":34}},"13":{"start":{"line":31,"column":22},"end":{"line":31,"column":24}},"14":{"start":{"line":32,"column":3},"end":{"line":36,"column":6}},"15":{"start":{"line":33,"column":4},"end":{"line":35,"column":5}},"16":{"start":{"line":34,"column":5},"end":{"line":34,"column":26}},"17":{"start":{"line":37,"column":3},"end":{"line":39,"column":4}},"18":{"start":{"line":38,"column":4},"end":{"line":38,"column":34}},"19":{"start":{"line":44,"column":13},"end":{"line":44,"column":50}},"20":{"start":{"line":45,"column":35},"end":{"line":45,"column":73}},"21":{"start":{"line":45,"column":57},"end":{"line":45,"column":73}},"22":{"start":{"line":45,"column":13},"end":{"line":45,"column":35}},"23":{"start":{"line":46,"column":0},"end":{"line":46,"column":40}}},"fnMap":{"0":{"name":"(anonymous_0)","decl":{"start":{"line":12,"column":17},"end":{"line":12,"column":null}},"loc":{"start":{"line":15,"column":6},"end":{"line":28,"column":3}}},"1":{"name":"(anonymous_1)","decl":{"start":{"line":18,"column":39},"end":{"line":18,"column":40}},"loc":{"start":{"line":18,"column":50},"end":{"line":18,"column":71}}},"2":{"name":"(anonymous_2)","decl":{"start":{"line":19,"column":13},"end":{"line":19,"column":14}},"loc":{"start":{"line":19,"column":22},"end":{"line":23,"column":5}}},"3":{"name":"(anonymous_3)","decl":{"start":{"line":29,"column":19},"end":{"line":29,"column":20}},"loc":{"start":{"line":29,"column":70},"end":{"line":40,"column":3}}},"4":{"name":"(anonymous_4)","decl":{"start":{"line":32,"column":13},"end":{"line":32,"column":14}},"loc":{"start":{"line":32,"column":30},"end":{"line":36,"column":4}}},"5":{"name":"(anonymous_5)","decl":{"start":{"line":45,"column":35},"end":{"line":45,"column":36}},"loc":{"start":{"line":45,"column":57},"end":{"line":45,"column":73}}}},"branchMap":{"0":{"loc":{"start":{"line":17,"column":3},"end":{"line":24,"column":4}},"type":"if","locations":[{"start":{"line":17,"column":3},"end":{"line":24,"column":4}}]},"1":{"loc":{"start":{"line":20,"column":5},"end":{"line":22,"column":6}},"type":"if","locations":[{"start":{"line":20,"column":5},"end":{"line":22,"column":6}}]},"2":{"loc":{"start":{"line":25,"column":3},"end":{"line":27,"column":4}},"type":"if","locations":[{"start":{"line":25,"column":3},"end":{"line":27,"column":4}}]},"3":{"loc":{"start":{"line":25,"column":7},"end":{"line":25,"column":52}},"type":"binary-expr","locations":[{"start":{"line":25,"column":7},"end":{"line":25,"column":27}},{"start":{"line":25,"column":31},"end":{"line":25,"column":52}}]},"4":{"loc":{"start":{"line":33,"column":4},"end":{"line":35,"column":5}},"type":"if","locations":[{"start":{"line":33,"column":4},"end":{"line":35,"column":5}}]},"5":{"loc":{"start":{"line":37,"column":3},"end":{"line":39,"column":4}},"type":"if","locations":[{"start":{"line":37,"column":3},"end":{"line":39,"column":4}}]}},"s":{"0":6,"1":6,"2":6,"3":0,"4":0,"5":0,"6":0,"7":0,"8":0,"9":0,"10":0,"11":0,"12":0,"13":0,"14":0,"15":0,"16":0,"17":0,"18":0,"19":6,"20":6,"21":4,"22":6,"23":6},"f":{"0":0,"1":0,"2":0,"3":0,"4":0,"5":4},"b":{"0":[0],"1":[0],"2":[0],"3":[0,0],"4":[0],"5":[0]}}
,"D:\\CHAT-Client\\src\\app\\store\\sessionSlice\\sessionSlice.ts": {"path":"D:\\CHAT-Client\\src\\app\\store\\sessionSlice\\sessionSlice.ts","statementMap":{"0":{"start":{"line":2,"column":0},"end":{"line":2,"column":62}},"1":{"start":{"line":8,"column":36},"end":{"line":10,"column":2}},"2":{"start":{"line":12,"column":21},"end":{"line":24,"column":2}},"3":{"start":{"line":17,"column":27},"end":{"line":17,"column":41}},"4":{"start":{"line":18,"column":3},"end":{"line":18,"column":35}},"5":{"start":{"line":21,"column":3},"end":{"line":21,"column":26}},"6":{"start":{"line":26,"column":13},"end":{"line":26,"column":52}},"7":{"start":{"line":27,"column":31},"end":{"line":27,"column":78}},"8":{"start":{"line":27,"column":53},"end":{"line":27,"column":78}},"9":{"start":{"line":27,"column":13},"end":{"line":27,"column":31}},"10":{"start":{"line":28,"column":0},"end":{"line":28,"column":36}}},"fnMap":{"0":{"name":"(anonymous_0)","decl":{"start":{"line":16,"column":18},"end":{"line":16,"column":19}},"loc":{"start":{"line":16,"column":76},"end":{"line":19,"column":3}}},"1":{"name":"(anonymous_1)","decl":{"start":{"line":20,"column":20},"end":{"line":20,"column":21}},"loc":{"start":{"line":20,"column":30},"end":{"line":22,"column":3}}},"2":{"name":"(anonymous_2)","decl":{"start":{"line":27,"column":31},"end":{"line":27,"column":32}},"loc":{"start":{"line":27,"column":53},"end":{"line":27,"column":78}}}},"branchMap":{},"s":{"0":6,"1":6,"2":6,"3":1,"4":1,"5":0,"6":6,"7":6,"8":0,"9":6,"10":6},"f":{"0":1,"1":0,"2":0},"b":{}}
,"D:\\CHAT-Client\\src\\app\\store\\userSlice\\userSlice.ts": {"path":"D:\\CHAT-Client\\src\\app\\store\\userSlice\\userSlice.ts","statementMap":{"0":{"start":{"line":1,"column":0},"end":{"line":1,"column":62}},"1":{"start":{"line":6,"column":21},"end":{"line":8,"column":2}},"2":{"start":{"line":10,"column":18},"end":{"line":85,"column":2}},"3":{"start":{"line":15,"column":20},"end":{"line":15,"column":34}},"4":{"start":{"line":16,"column":3},"end":{"line":16,"column":21}},"5":{"start":{"line":19,"column":20},"end":{"line":19,"column":34}},"6":{"start":{"line":20,"column":3},"end":{"line":20,"column":21}},"7":{"start":{"line":26,"column":37},"end":{"line":26,"column":51}},"8":{"start":{"line":28,"column":22},"end":{"line":28,"column":24}},"9":{"start":{"line":29,"column":3},"end":{"line":34,"column":6}},"10":{"start":{"line":30,"column":4},"end":{"line":33,"column":5}},"11":{"start":{"line":31,"column":5},"end":{"line":31,"column":26}},"12":{"start":{"line":32,"column":5},"end":{"line":32,"column":17}},"13":{"start":{"line":36,"column":3},"end":{"line":38,"column":4}},"14":{"start":{"line":37,"column":4},"end":{"line":37,"column":64}},"15":{"start":{"line":44,"column":32},"end":{"line":44,"column":46}},"16":{"start":{"line":46,"column":17},"end":{"line":46,"column":19}},"17":{"start":{"line":47,"column":3},"end":{"line":52,"column":6}},"18":{"start":{"line":48,"column":4},"end":{"line":51,"column":5}},"19":{"start":{"line":49,"column":5},"end":{"line":49,"column":21}},"20":{"start":{"line":50,"column":5},"end":{"line":50,"column":17}},"21":{"start":{"line":54,"column":3},"end":{"line":56,"column":4}},"22":{"start":{"line":55,"column":4},"end":{"line":55,"column":54}},"23":{"start":{"line":59,"column":3},"end":{"line":59,"column":28}},"24":{"start":{"line":69,"column":48},"end":{"line":69,"column":62}},"25":{"start":{"line":71,"column":3},"end":{"line":73,"column":4}},"26":{"start":{"line":72,"column":4},"end":{"line":72,"column":39}},"27":{"start":{"line":74,"column":3},"end":{"line":79,"column":4}},"28":{"start":{"line":75,"column":25},"end":{"line":76,"column":null}},"29":{"start":{"line":76,"column":18},"end":{"line":76,"column":44}},"30":{"start":{"line":78,"column":4},"end":{"line":78,"column":48}},"31":{"start":{"line":80,"column":3},"end":{"line":82,"column":4}},"32":{"start":{"line":81,"column":4},"end":{"line":81,"column":34}},"33":{"start":{"line":87,"column":13},"end":{"line":93,"column":null}},"34":{"start":{"line":95,"column":28},"end":{"line":95,"column":65}},"35":{"start":{"line":95,"column":50},"end":{"line":95,"column":65}},"36":{"start":{"line":95,"column":13},"end":{"line":95,"column":28}},"37":{"start":{"line":96,"column":31},"end":{"line":96,"column":77}},"38":{"start":{"line":96,"column":53},"end":{"line":96,"column":77}},"39":{"start":{"line":96,"column":13},"end":{"line":96,"column":31}},"40":{"start":{"line":97,"column":26},"end":{"line":97,"column":67}},"41":{"start":{"line":97,"column":48},"end":{"line":97,"column":67}},"42":{"start":{"line":97,"column":13},"end":{"line":97,"column":26}},"43":{"start":{"line":98,"column":0},"end":{"line":98,"column":33}}},"fnMap":{"0":{"name":"(anonymous_0)","decl":{"start":{"line":14,"column":13},"end":{"line":14,"column":14}},"loc":{"start":{"line":14,"column":63},"end":{"line":17,"column":3}}},"1":{"name":"(anonymous_1)","decl":{"start":{"line":18,"column":14},"end":{"line":18,"column":15}},"loc":{"start":{"line":18,"column":64},"end":{"line":21,"column":3}}},"2":{"name":"(anonymous_2)","decl":{"start":{"line":22,"column":17},"end":{"line":22,"column":null}},"loc":{"start":{"line":25,"column":6},"end":{"line":39,"column":3}}},"3":{"name":"(anonymous_3)","decl":{"start":{"line":29,"column":28},"end":{"line":29,"column":29}},"loc":{"start":{"line":29,"column":52},"end":{"line":34,"column":4}}},"4":{"name":"(anonymous_4)","decl":{"start":{"line":40,"column":12},"end":{"line":40,"column":null}},"loc":{"start":{"line":43,"column":6},"end":{"line":57,"column":3}}},"5":{"name":"(anonymous_5)","decl":{"start":{"line":47,"column":23},"end":{"line":47,"column":24}},"loc":{"start":{"line":47,"column":47},"end":{"line":52,"column":4}}},"6":{"name":"(anonymous_6)","decl":{"start":{"line":58,"column":14},"end":{"line":58,"column":15}},"loc":{"start":{"line":58,"column":24},"end":{"line":60,"column":3}}},"7":{"name":"(anonymous_7)","decl":{"start":{"line":61,"column":12},"end":{"line":61,"column":null}},"loc":{"start":{"line":68,"column":6},"end":{"line":83,"column":3}}},"8":{"name":"(anonymous_8)","decl":{"start":{"line":76,"column":5},"end":{"line":76,"column":6}},"loc":{"start":{"line":76,"column":18},"end":{"line":76,"column":44}}},"9":{"name":"(anonymous_9)","decl":{"start":{"line":95,"column":28},"end":{"line":95,"column":29}},"loc":{"start":{"line":95,"column":50},"end":{"line":95,"column":65}}},"10":{"name":"(anonymous_10)","decl":{"start":{"line":96,"column":31},"end":{"line":96,"column":32}},"loc":{"start":{"line":96,"column":53},"end":{"line":96,"column":77}}},"11":{"name":"(anonymous_11)","decl":{"start":{"line":97,"column":26},"end":{"line":97,"column":27}},"loc":{"start":{"line":97,"column":48},"end":{"line":97,"column":67}}}},"branchMap":{"0":{"loc":{"start":{"line":30,"column":4},"end":{"line":33,"column":5}},"type":"if","locations":[{"start":{"line":30,"column":4},"end":{"line":33,"column":5}}]},"1":{"loc":{"start":{"line":36,"column":3},"end":{"line":38,"column":4}},"type":"if","locations":[{"start":{"line":36,"column":3},"end":{"line":38,"column":4}}]},"2":{"loc":{"start":{"line":48,"column":4},"end":{"line":51,"column":5}},"type":"if","locations":[{"start":{"line":48,"column":4},"end":{"line":51,"column":5}}]},"3":{"loc":{"start":{"line":54,"column":3},"end":{"line":56,"column":4}},"type":"if","locations":[{"start":{"line":54,"column":3},"end":{"line":56,"column":4}}]},"4":{"loc":{"start":{"line":71,"column":3},"end":{"line":73,"column":4}},"type":"if","locations":[{"start":{"line":71,"column":3},"end":{"line":73,"column":4}}]},"5":{"loc":{"start":{"line":71,"column":7},"end":{"line":71,"column":56}},"type":"binary-expr","locations":[{"start":{"line":71,"column":7},"end":{"line":71,"column":33}},{"start":{"line":71,"column":37},"end":{"line":71,"column":56}}]},"6":{"loc":{"start":{"line":74,"column":3},"end":{"line":79,"column":4}},"type":"if","locations":[{"start":{"line":74,"column":3},"end":{"line":79,"column":4}}]},"7":{"loc":{"start":{"line":74,"column":7},"end":{"line":74,"column":59}},"type":"binary-expr","locations":[{"start":{"line":74,"column":7},"end":{"line":74,"column":33}},{"start":{"line":74,"column":37},"end":{"line":74,"column":59}}]},"8":{"loc":{"start":{"line":80,"column":3},"end":{"line":82,"column":4}},"type":"if","locations":[{"start":{"line":80,"column":3},"end":{"line":82,"column":4}}]},"9":{"loc":{"start":{"line":80,"column":7},"end":{"line":80,"column":51}},"type":"binary-expr","locations":[{"start":{"line":80,"column":7},"end":{"line":80,"column":28}},{"start":{"line":80,"column":32},"end":{"line":80,"column":51}}]}},"s":{"0":6,"1":6,"2":6,"3":0,"4":0,"5":1,"6":1,"7":0,"8":0,"9":0,"10":0,"11":0,"12":0,"13":0,"14":0,"15":0,"16":0,"17":0,"18":0,"19":0,"20":0,"21":0,"22":0,"23":0,"24":0,"25":0,"26":0,"27":0,"28":0,"29":0,"30":0,"31":0,"32":0,"33":6,"34":6,"35":10,"36":6,"37":6,"38":4,"39":6,"40":6,"41":1,"42":6,"43":6},"f":{"0":0,"1":1,"2":0,"3":0,"4":0,"5":0,"6":0,"7":0,"8":0,"9":10,"10":4,"11":1},"b":{"0":[0],"1":[0],"2":[0],"3":[0],"4":[0],"5":[0,0],"6":[0],"7":[0,0],"8":[0],"9":[0,0]}}
,"D:\\CHAT-Client\\src\\app\\store\\usersTyping\\usersTyping.ts": {"path":"D:\\CHAT-Client\\src\\app\\store\\usersTyping\\usersTyping.ts","statementMap":{"0":{"start":{"line":1,"column":0},"end":{"line":1,"column":62}},"1":{"start":{"line":6,"column":36},"end":{"line":6,"column":38}},"2":{"start":{"line":8,"column":20},"end":{"line":22,"column":2}},"3":{"start":{"line":13,"column":24},"end":{"line":13,"column":38}},"4":{"start":{"line":14,"column":3},"end":{"line":14,"column":24}},"5":{"start":{"line":17,"column":24},"end":{"line":17,"column":38}},"6":{"start":{"line":18,"column":21},"end":{"line":18,"column":44}},"7":{"start":{"line":19,"column":3},"end":{"line":19,"column":30}},"8":{"start":{"line":24,"column":13},"end":{"line":24,"column":50}},"9":{"start":{"line":25,"column":35},"end":{"line":25,"column":69}},"10":{"start":{"line":25,"column":57},"end":{"line":25,"column":69}},"11":{"start":{"line":25,"column":13},"end":{"line":25,"column":35}},"12":{"start":{"line":26,"column":0},"end":{"line":26,"column":35}}},"fnMap":{"0":{"name":"(anonymous_0)","decl":{"start":{"line":12,"column":17},"end":{"line":12,"column":18}},"loc":{"start":{"line":12,"column":72},"end":{"line":15,"column":3}}},"1":{"name":"(anonymous_1)","decl":{"start":{"line":16,"column":19},"end":{"line":16,"column":20}},"loc":{"start":{"line":16,"column":74},"end":{"line":20,"column":3}}},"2":{"name":"(anonymous_2)","decl":{"start":{"line":25,"column":35},"end":{"line":25,"column":36}},"loc":{"start":{"line":25,"column":57},"end":{"line":25,"column":69}}}},"branchMap":{},"s":{"0":6,"1":6,"2":6,"3":0,"4":0,"5":0,"6":0,"7":0,"8":6,"9":6,"10":1,"11":6,"12":6},"f":{"0":0,"1":0,"2":1},"b":{}}
,"D:\\CHAT-Client\\src\\entities\\channel\\index.ts": {"path":"D:\\CHAT-Client\\src\\entities\\channel\\index.ts","statementMap":{"0":{"start":{"line":1,"column":0},"end":{"line":1,"column":9}},"1":{"start":{"line":1,"column":9},"end":{"line":1,"column":48}},"2":{"start":{"line":2,"column":0},"end":{"line":2,"column":9}},"3":{"start":{"line":2,"column":9},"end":{"line":2,"column":41}},"4":{"start":{"line":3,"column":0},"end":{"line":3,"column":9}},"5":{"start":{"line":3,"column":9},"end":{"line":3,"column":57}},"6":{"start":{"line":4,"column":0},"end":{"line":4,"column":9}},"7":{"start":{"line":4,"column":9},"end":{"line":4,"column":58}}},"fnMap":{"0":{"name":"(anonymous_0)","decl":{"start":{"line":1,"column":9},"end":{"line":1,"column":20}},"loc":{"start":{"line":1,"column":9},"end":{"line":1,"column":48}}},"1":{"name":"(anonymous_1)","decl":{"start":{"line":2,"column":9},"end":{"line":2,"column":21}},"loc":{"start":{"line":2,"column":9},"end":{"line":2,"column":41}}},"2":{"name":"(anonymous_2)","decl":{"start":{"line":3,"column":9},"end":{"line":3,"column":29}},"loc":{"start":{"line":3,"column":9},"end":{"line":3,"column":57}}},"3":{"name":"(anonymous_3)","decl":{"start":{"line":4,"column":9},"end":{"line":4,"column":30}},"loc":{"start":{"line":4,"column":9},"end":{"line":4,"column":58}}}},"branchMap":{},"s":{"0":1,"1":1,"2":1,"3":1,"4":1,"5":1,"6":1,"7":1},"f":{"0":0,"1":0,"2":0,"3":0},"b":{}}
,"D:\\CHAT-Client\\src\\entities\\channel\\queries.ts": {"path":"D:\\CHAT-Client\\src\\entities\\channel\\queries.ts","statementMap":{"0":{"start":{"line":1,"column":0},"end":{"line":1,"column":67}},"1":{"start":{"line":2,"column":0},"end":{"line":2,"column":48}},"2":{"start":{"line":5,"column":1},"end":{"line":9,"column":4}},"3":{"start":{"line":7,"column":17},"end":{"line":7,"column":42}},"4":{"start":{"line":4,"column":0},"end":{"line":4,"column":16}}},"fnMap":{"0":{"name":"loadChannels","decl":{"start":{"line":4,"column":16},"end":{"line":4,"column":28}},"loc":{"start":{"line":4,"column":58},"end":{"line":10,"column":1}}},"1":{"name":"(anonymous_1)","decl":{"start":{"line":7,"column":11},"end":{"line":7,"column":14}},"loc":{"start":{"line":7,"column":17},"end":{"line":7,"column":42}}}},"branchMap":{},"s":{"0":1,"1":1,"2":0,"3":0,"4":1},"f":{"0":0,"1":0},"b":{}}
,"D:\\CHAT-Client\\src\\entities\\channel\\api\\channelsApi.ts": {"path":"D:\\CHAT-Client\\src\\entities\\channel\\api\\channelsApi.ts","statementMap":{"0":{"start":{"line":2,"column":0},"end":{"line":2,"column":42}},"1":{"start":{"line":3,"column":0},"end":{"line":3,"column":55}},"2":{"start":{"line":4,"column":0},"end":{"line":4,"column":59}},"3":{"start":{"line":6,"column":0},"end":{"line":6,"column":76}},"4":{"start":{"line":7,"column":0},"end":{"line":7,"column":null}},"5":{"start":{"line":12,"column":0},"end":{"line":12,"column":108}},"6":{"start":{"line":15,"column":13},"end":{"line":17,"column":57}},"7":{"start":{"line":19,"column":18},"end":{"line":22,"column":3}},"8":{"start":{"line":24,"column":1},"end":{"line":24,"column":30}},"9":{"start":{"line":14,"column":0},"end":{"line":14,"column":7}},"10":{"start":{"line":33,"column":14},"end":{"line":33,"column":40}},"11":{"start":{"line":35,"column":1},"end":{"line":40,"column":4}},"12":{"start":{"line":27,"column":0},"end":{"line":27,"column":16}},"13":{"start":{"line":44,"column":1},"end":{"line":60,"column":4}},"14":{"start":{"line":45,"column":15},"end":{"line":45,"column":41}},"15":{"start":{"line":46,"column":19},"end":{"line":46,"column":33}},"16":{"start":{"line":48,"column":2},"end":{"line":56,"column":3}},"17":{"start":{"line":49,"column":3},"end":{"line":55,"column":5}},"18":{"start":{"line":58,"column":22},"end":{"line":58,"column":38}},"19":{"start":{"line":59,"column":2},"end":{"line":59,"column":60}},"20":{"start":{"line":43,"column":0},"end":{"line":43,"column":16}},"21":{"start":{"line":64,"column":1},"end":{"line":64,"column":44}},"22":{"start":{"line":63,"column":0},"end":{"line":63,"column":16}},"23":{"start":{"line":68,"column":14},"end":{"line":68,"column":40}},"24":{"start":{"line":69,"column":18},"end":{"line":69,"column":53}},"25":{"start":{"line":70,"column":20},"end":{"line":70,"column":58}},"26":{"start":{"line":71,"column":18},"end":{"line":71,"column":32}},"27":{"start":{"line":73,"column":1},"end":{"line":90,"column":4}},"28":{"start":{"line":74,"column":2},"end":{"line":80,"column":4}},"29":{"start":{"line":82,"column":2},"end":{"line":86,"column":3}},"30":{"start":{"line":83,"column":3},"end":{"line":85,"column":5}},"31":{"start":{"line":87,"column":2},"end":{"line":89,"column":3}},"32":{"start":{"line":88,"column":3},"end":{"line":88,"column":56}},"33":{"start":{"line":67,"column":0},"end":{"line":67,"column":16}},"34":{"start":{"line":94,"column":1},"end":{"line":94,"column":47}},"35":{"start":{"line":93,"column":0},"end":{"line":93,"column":16}},"36":{"start":{"line":98,"column":18},"end":{"line":98,"column":32}},"37":{"start":{"line":100,"column":1},"end":{"line":102,"column":4}},"38":{"start":{"line":101,"column":2},"end":{"line":101,"column":71}},"39":{"start":{"line":97,"column":0},"end":{"line":97,"column":16}},"40":{"start":{"line":110,"column":1},"end":{"line":110,"column":68}},"41":{"start":{"line":105,"column":0},"end":{"line":105,"column":16}},"42":{"start":{"line":114,"column":1},"end":{"line":114,"column":69}},"43":{"start":{"line":113,"column":0},"end":{"line":113,"column":16}},"44":{"start":{"line":118,"column":18},"end":{"line":118,"column":32}},"45":{"start":{"line":120,"column":1},"end":{"line":133,"column":4}},"46":{"start":{"line":121,"column":2},"end":{"line":121,"column":47}},"47":{"start":{"line":122,"column":2},"end":{"line":122,"column":78}},"48":{"start":{"line":124,"column":2},"end":{"line":132,"column":3}},"49":{"start":{"line":125,"column":3},"end":{"line":131,"column":5}},"50":{"start":{"line":117,"column":0},"end":{"line":117,"column":16}}},"fnMap":{"0":{"name":"getChannels","decl":{"start":{"line":14,"column":22},"end":{"line":14,"column":33}},"loc":{"start":{"line":14,"column":63},"end":{"line":25,"column":1}}},"1":{"name":"newChannel","decl":{"start":{"line":27,"column":16},"end":{"line":27,"column":26}},"loc":{"start":{"line":31,"column":20},"end":{"line":41,"column":1}}},"2":{"name":"getNewChannel","decl":{"start":{"line":43,"column":16},"end":{"line":43,"column":29}},"loc":{"start":{"line":43,"column":44},"end":{"line":61,"column":1}}},"3":{"name":"(anonymous_3)","decl":{"start":{"line":44,"column":26},"end":{"line":44,"column":27}},"loc":{"start":{"line":44,"column":52},"end":{"line":60,"column":2}}},"4":{"name":"deleteChannelRequest","decl":{"start":{"line":63,"column":16},"end":{"line":63,"column":36}},"loc":{"start":{"line":63,"column":70},"end":{"line":65,"column":1}}},"5":{"name":"deleteChannelResponse","decl":{"start":{"line":67,"column":16},"end":{"line":67,"column":37}},"loc":{"start":{"line":67,"column":52},"end":{"line":91,"column":1}}},"6":{"name":"(anonymous_6)","decl":{"start":{"line":73,"column":29},"end":{"line":73,"column":30}},"loc":{"start":{"line":73,"column":52},"end":{"line":90,"column":2}}},"7":{"name":"applyEnter","decl":{"start":{"line":93,"column":16},"end":{"line":93,"column":26}},"loc":{"start":{"line":93,"column":73},"end":{"line":95,"column":1}}},"8":{"name":"getApplyEnterRequest","decl":{"start":{"line":97,"column":16},"end":{"line":97,"column":36}},"loc":{"start":{"line":97,"column":51},"end":{"line":103,"column":1}}},"9":{"name":"(anonymous_9)","decl":{"start":{"line":100,"column":26},"end":{"line":100,"column":27}},"loc":{"start":{"line":100,"column":48},"end":{"line":102,"column":2}}},"10":{"name":"approveApplyEnter","decl":{"start":{"line":105,"column":16},"end":{"line":105,"column":33}},"loc":{"start":{"line":108,"column":18},"end":{"line":111,"column":1}}},"11":{"name":"denyApplyEnter","decl":{"start":{"line":113,"column":16},"end":{"line":113,"column":30}},"loc":{"start":{"line":113,"column":77},"end":{"line":115,"column":1}}},"12":{"name":"getApplyEnterResponse","decl":{"start":{"line":117,"column":16},"end":{"line":117,"column":37}},"loc":{"start":{"line":117,"column":52},"end":{"line":134,"column":1}}},"13":{"name":"(anonymous_13)","decl":{"start":{"line":120,"column":29},"end":{"line":120,"column":30}},"loc":{"start":{"line":120,"column":63},"end":{"line":133,"column":2}}}},"branchMap":{"0":{"loc":{"start":{"line":15,"column":13},"end":{"line":17,"column":57}},"type":"cond-expr","locations":[{"start":{"line":16,"column":4},"end":{"line":16,"column":74}},{"start":{"line":17,"column":4},"end":{"line":17,"column":57}}]},"1":{"loc":{"start":{"line":48,"column":2},"end":{"line":56,"column":3}},"type":"if","locations":[{"start":{"line":48,"column":2},"end":{"line":56,"column":3}}]},"2":{"loc":{"start":{"line":82,"column":2},"end":{"line":86,"column":3}},"type":"if","locations":[{"start":{"line":82,"column":2},"end":{"line":86,"column":3}}]},"3":{"loc":{"start":{"line":87,"column":2},"end":{"line":89,"column":3}},"type":"if","locations":[{"start":{"line":87,"column":2},"end":{"line":89,"column":3}}]},"4":{"loc":{"start":{"line":124,"column":2},"end":{"line":132,"column":3}},"type":"if","locations":[{"start":{"line":124,"column":2},"end":{"line":132,"column":3}}]}},"s":{"0":2,"1":2,"2":2,"3":2,"4":2,"5":2,"6":0,"7":0,"8":0,"9":2,"10":0,"11":0,"12":2,"13":1,"14":0,"15":0,"16":0,"17":0,"18":0,"19":0,"20":2,"21":0,"22":2,"23":1,"24":1,"25":1,"26":1,"27":1,"28":0,"29":0,"30":0,"31":0,"32":0,"33":2,"34":0,"35":2,"36":1,"37":1,"38":0,"39":2,"40":0,"41":2,"42":0,"43":2,"44":1,"45":1,"46":0,"47":0,"48":0,"49":0,"50":2},"f":{"0":0,"1":0,"2":1,"3":0,"4":0,"5":1,"6":0,"7":0,"8":1,"9":0,"10":0,"11":0,"12":1,"13":0},"b":{"0":[0,0],"1":[0],"2":[0],"3":[0],"4":[0]}}
,"D:\\CHAT-Client\\src\\entities\\dm\\index.ts": {"path":"D:\\CHAT-Client\\src\\entities\\dm\\index.ts","statementMap":{"0":{"start":{"line":1,"column":0},"end":{"line":1,"column":9}},"1":{"start":{"line":1,"column":9},"end":{"line":1,"column":38}},"2":{"start":{"line":2,"column":0},"end":{"line":2,"column":9}},"3":{"start":{"line":2,"column":9},"end":{"line":2,"column":36}},"4":{"start":{"line":3,"column":0},"end":{"line":3,"column":9}},"5":{"start":{"line":3,"column":9},"end":{"line":3,"column":39}},"6":{"start":{"line":4,"column":0},"end":{"line":4,"column":9}},"7":{"start":{"line":4,"column":9},"end":{"line":4,"column":40}}},"fnMap":{"0":{"name":"(anonymous_0)","decl":{"start":{"line":1,"column":9},"end":{"line":1,"column":15}},"loc":{"start":{"line":1,"column":9},"end":{"line":1,"column":38}}},"1":{"name":"(anonymous_1)","decl":{"start":{"line":2,"column":9},"end":{"line":2,"column":16}},"loc":{"start":{"line":2,"column":9},"end":{"line":2,"column":36}}},"2":{"name":"(anonymous_2)","decl":{"start":{"line":3,"column":9},"end":{"line":3,"column":16}},"loc":{"start":{"line":3,"column":9},"end":{"line":3,"column":39}}},"3":{"name":"(anonymous_3)","decl":{"start":{"line":4,"column":9},"end":{"line":4,"column":17}},"loc":{"start":{"line":4,"column":9},"end":{"line":4,"column":40}}}},"branchMap":{},"s":{"0":1,"1":1,"2":1,"3":1,"4":1,"5":2,"6":1,"7":1},"f":{"0":0,"1":0,"2":1,"3":0},"b":{}}
,"D:\\CHAT-Client\\src\\entities\\dm\\queries.ts": {"path":"D:\\CHAT-Client\\src\\entities\\dm\\queries.ts","statementMap":{"0":{"start":{"line":1,"column":0},"end":{"line":1,"column":67}},"1":{"start":{"line":2,"column":0},"end":{"line":2,"column":38}},"2":{"start":{"line":5,"column":1},"end":{"line":9,"column":4}},"3":{"start":{"line":7,"column":17},"end":{"line":7,"column":37}},"4":{"start":{"line":4,"column":0},"end":{"line":4,"column":16}}},"fnMap":{"0":{"name":"loadDms","decl":{"start":{"line":4,"column":16},"end":{"line":4,"column":23}},"loc":{"start":{"line":4,"column":53},"end":{"line":10,"column":1}}},"1":{"name":"(anonymous_1)","decl":{"start":{"line":7,"column":11},"end":{"line":7,"column":14}},"loc":{"start":{"line":7,"column":17},"end":{"line":7,"column":37}}}},"branchMap":{},"s":{"0":1,"1":1,"2":0,"3":0,"4":1},"f":{"0":0,"1":0},"b":{}}
,"D:\\CHAT-Client\\src\\entities\\dm\\api\\dmsApi.ts": {"path":"D:\\CHAT-Client\\src\\entities\\dm\\api\\dmsApi.ts","statementMap":{"0":{"start":{"line":2,"column":0},"end":{"line":2,"column":42}},"1":{"start":{"line":3,"column":0},"end":{"line":3,"column":59}},"2":{"start":{"line":4,"column":0},"end":{"line":4,"column":76}},"3":{"start":{"line":7,"column":13},"end":{"line":9,"column":52}},"4":{"start":{"line":11,"column":18},"end":{"line":14,"column":3}},"5":{"start":{"line":16,"column":1},"end":{"line":16,"column":30}},"6":{"start":{"line":6,"column":0},"end":{"line":6,"column":7}},"7":{"start":{"line":20,"column":14},"end":{"line":20,"column":40}},"8":{"start":{"line":22,"column":1},"end":{"line":29,"column":4}},"9":{"start":{"line":23,"column":2},"end":{"line":23,"column":32}},"10":{"start":{"line":24,"column":2},"end":{"line":28,"column":5}},"11":{"start":{"line":19,"column":0},"end":{"line":19,"column":16}},"12":{"start":{"line":33,"column":18},"end":{"line":33,"column":32}},"13":{"start":{"line":35,"column":1},"end":{"line":43,"column":4}},"14":{"start":{"line":36,"column":2},"end":{"line":36,"column":22}},"15":{"start":{"line":37,"column":2},"end":{"line":37,"column":43}},"16":{"start":{"line":38,"column":2},"end":{"line":40,"column":4}},"17":{"start":{"line":42,"column":2},"end":{"line":42,"column":49}},"18":{"start":{"line":32,"column":0},"end":{"line":32,"column":16}}},"fnMap":{"0":{"name":"getDms","decl":{"start":{"line":6,"column":22},"end":{"line":6,"column":28}},"loc":{"start":{"line":6,"column":58},"end":{"line":17,"column":1}}},"1":{"name":"enterDm","decl":{"start":{"line":19,"column":16},"end":{"line":19,"column":23}},"loc":{"start":{"line":19,"column":38},"end":{"line":30,"column":1}}},"2":{"name":"(anonymous_2)","decl":{"start":{"line":22,"column":23},"end":{"line":22,"column":24}},"loc":{"start":{"line":22,"column":47},"end":{"line":29,"column":2}}},"3":{"name":"getNewDm","decl":{"start":{"line":32,"column":16},"end":{"line":32,"column":24}},"loc":{"start":{"line":32,"column":39},"end":{"line":44,"column":1}}},"4":{"name":"(anonymous_4)","decl":{"start":{"line":35,"column":21},"end":{"line":35,"column":22}},"loc":{"start":{"line":35,"column":35},"end":{"line":43,"column":2}}}},"branchMap":{"0":{"loc":{"start":{"line":7,"column":13},"end":{"line":9,"column":52}},"type":"cond-expr","locations":[{"start":{"line":8,"column":4},"end":{"line":8,"column":69}},{"start":{"line":9,"column":4},"end":{"line":9,"column":52}}]}},"s":{"0":1,"1":1,"2":1,"3":0,"4":0,"5":0,"6":1,"7":1,"8":1,"9":0,"10":0,"11":1,"12":1,"13":1,"14":0,"15":0,"16":0,"17":0,"18":1},"f":{"0":0,"1":1,"2":0,"3":1,"4":0},"b":{"0":[0,0]}}
,"D:\\CHAT-Client\\src\\entities\\message\\index.ts": {"path":"D:\\CHAT-Client\\src\\entities\\message\\index.ts","statementMap":{"0":{"start":{"line":1,"column":0},"end":{"line":1,"column":null}},"1":{"start":{"line":2,"column":1},"end":{"line":2,"column":null}},"2":{"start":{"line":3,"column":1},"end":{"line":3,"column":null}},"3":{"start":{"line":4,"column":1},"end":{"line":4,"column":null}},"4":{"start":{"line":5,"column":1},"end":{"line":5,"column":null}},"5":{"start":{"line":6,"column":1},"end":{"line":6,"column":null}}},"fnMap":{"0":{"name":"(anonymous_0)","decl":{"start":{"line":2,"column":1},"end":{"line":2,"column":21}},"loc":{"start":{"line":2,"column":1},"end":{"line":2,"column":null}}},"1":{"name":"(anonymous_1)","decl":{"start":{"line":3,"column":1},"end":{"line":3,"column":24}},"loc":{"start":{"line":3,"column":1},"end":{"line":3,"column":null}}},"2":{"name":"(anonymous_2)","decl":{"start":{"line":4,"column":1},"end":{"line":4,"column":22}},"loc":{"start":{"line":4,"column":1},"end":{"line":4,"column":null}}},"3":{"name":"(anonymous_3)","decl":{"start":{"line":5,"column":1},"end":{"line":5,"column":12}},"loc":{"start":{"line":5,"column":1},"end":{"line":5,"column":null}}},"4":{"name":"(anonymous_4)","decl":{"start":{"line":6,"column":1},"end":{"line":6,"column":15}},"loc":{"start":{"line":6,"column":1},"end":{"line":6,"column":null}}}},"branchMap":{},"s":{"0":1,"1":2,"2":1,"3":1,"4":1,"5":2},"f":{"0":1,"1":0,"2":0,"3":0,"4":1},"b":{}}
,"D:\\CHAT-Client\\src\\entities\\message\\api\\messagesApi.ts": {"path":"D:\\CHAT-Client\\src\\entities\\message\\api\\messagesApi.ts","statementMap":{"0":{"start":{"line":2,"column":0},"end":{"line":2,"column":79}},"1":{"start":{"line":3,"column":0},"end":{"line":3,"column":109}},"2":{"start":{"line":5,"column":0},"end":{"line":5,"column":42}},"3":{"start":{"line":6,"column":0},"end":{"line":6,"column":68}},"4":{"start":{"line":7,"column":0},"end":{"line":7,"column":70}},"5":{"start":{"line":8,"column":0},"end":{"line":8,"column":74}},"6":{"start":{"line":11,"column":18},"end":{"line":11,"column":32}},"7":{"start":{"line":12,"column":20},"end":{"line":12,"column":58}},"8":{"start":{"line":14,"column":1},"end":{"line":21,"column":4}},"9":{"start":{"line":15,"column":2},"end":{"line":17,"column":3}},"10":{"start":{"line":16,"column":3},"end":{"line":16,"column":47}},"11":{"start":{"line":18,"column":2},"end":{"line":20,"column":3}},"12":{"start":{"line":19,"column":3},"end":{"line":19,"column":49}},"13":{"start":{"line":10,"column":0},"end":{"line":10,"column":16}},"14":{"start":{"line":25,"column":20},"end":{"line":25,"column":58}},"15":{"start":{"line":26,"column":14},"end":{"line":26,"column":40}},"16":{"start":{"line":28,"column":1},"end":{"line":32,"column":4}},"17":{"start":{"line":24,"column":0},"end":{"line":24,"column":16}},"18":{"start":{"line":36,"column":20},"end":{"line":36,"column":58}},"19":{"start":{"line":37,"column":14},"end":{"line":37,"column":40}},"20":{"start":{"line":39,"column":1},"end":{"line":43,"column":4}},"21":{"start":{"line":35,"column":0},"end":{"line":35,"column":16}},"22":{"start":{"line":51,"column":20},"end":{"line":51,"column":58}},"23":{"start":{"line":52,"column":14},"end":{"line":52,"column":40}},"24":{"start":{"line":55,"column":2},"end":{"line":77,"column":6}},"25":{"start":{"line":70,"column":6},"end":{"line":75,"column":8}},"26":{"start":{"line":79,"column":1},"end":{"line":84,"column":4}},"27":{"start":{"line":46,"column":0},"end":{"line":46,"column":16}},"28":{"start":{"line":88,"column":18},"end":{"line":88,"column":32}},"29":{"start":{"line":89,"column":20},"end":{"line":89,"column":58}},"30":{"start":{"line":91,"column":1},"end":{"line":111,"column":4}},"31":{"start":{"line":92,"column":2},"end":{"line":94,"column":3}},"32":{"start":{"line":93,"column":3},"end":{"line":93,"column":43}},"33":{"start":{"line":96,"column":2},"end":{"line":100,"column":3}},"34":{"start":{"line":97,"column":3},"end":{"line":99,"column":5}},"35":{"start":{"line":102,"column":2},"end":{"line":106,"column":3}},"36":{"start":{"line":103,"column":3},"end":{"line":105,"column":5}},"37":{"start":{"line":108,"column":2},"end":{"line":110,"column":3}},"38":{"start":{"line":109,"column":3},"end":{"line":109,"column":68}},"39":{"start":{"line":87,"column":0},"end":{"line":87,"column":16}},"40":{"start":{"line":115,"column":18},"end":{"line":120,"column":null}},"41":{"start":{"line":123,"column":1},"end":{"line":123,"column":30}},"42":{"start":{"line":114,"column":0},"end":{"line":114,"column":7}}},"fnMap":{"0":{"name":"receiveMessageStatus","decl":{"start":{"line":10,"column":16},"end":{"line":10,"column":36}},"loc":{"start":{"line":10,"column":51},"end":{"line":22,"column":1}}},"1":{"name":"(anonymous_1)","decl":{"start":{"line":14,"column":21},"end":{"line":14,"column":22}},"loc":{"start":{"line":14,"column":48},"end":{"line":21,"column":2}}},"2":{"name":"sendActiveMessageStatus","decl":{"start":{"line":24,"column":16},"end":{"line":24,"column":39}},"loc":{"start":{"line":24,"column":54},"end":{"line":33,"column":1}}},"3":{"name":"sendIdleMessageStatus","decl":{"start":{"line":35,"column":16},"end":{"line":35,"column":37}},"loc":{"start":{"line":35,"column":52},"end":{"line":44,"column":1}}},"4":{"name":"sendMessage","decl":{"start":{"line":46,"column":16},"end":{"line":46,"column":27}},"loc":{"start":{"line":49,"column":22},"end":{"line":85,"column":1}}},"5":{"name":"(anonymous_5)","decl":{"start":{"line":69,"column":27},"end":{"line":69,"column":28}},"loc":{"start":{"line":69,"column":36},"end":{"line":76,"column":6}}},"6":{"name":"receiveMessage","decl":{"start":{"line":87,"column":16},"end":{"line":87,"column":30}},"loc":{"start":{"line":87,"column":45},"end":{"line":112,"column":1}}},"7":{"name":"(anonymous_7)","decl":{"start":{"line":91,"column":22},"end":{"line":91,"column":23}},"loc":{"start":{"line":91,"column":69},"end":{"line":111,"column":2}}},"8":{"name":"downloadFile","decl":{"start":{"line":114,"column":22},"end":{"line":114,"column":34}},"loc":{"start":{"line":114,"column":51},"end":{"line":124,"column":1}}}},"branchMap":{"0":{"loc":{"start":{"line":15,"column":2},"end":{"line":17,"column":3}},"type":"if","locations":[{"start":{"line":15,"column":2},"end":{"line":17,"column":3}}]},"1":{"loc":{"start":{"line":15,"column":6},"end":{"line":15,"column":47}},"type":"binary-expr","locations":[{"start":{"line":15,"column":6},"end":{"line":15,"column":21}},{"start":{"line":15,"column":25},"end":{"line":15,"column":47}}]},"2":{"loc":{"start":{"line":18,"column":2},"end":{"line":20,"column":3}},"type":"if","locations":[{"start":{"line":18,"column":2},"end":{"line":20,"column":3}}]},"3":{"loc":{"start":{"line":18,"column":6},"end":{"line":18,"column":48}},"type":"binary-expr","locations":[{"start":{"line":18,"column":6},"end":{"line":18,"column":22}},{"start":{"line":18,"column":26},"end":{"line":18,"column":48}}]},"4":{"loc":{"start":{"line":55,"column":2},"end":{"line":77,"column":6}},"type":"cond-expr","locations":[{"start":{"line":56,"column":5},"end":{"line":62,"column":null}},{"start":{"line":63,"column":5},"end":{"line":77,"column":6}}]},"5":{"loc":{"start":{"line":92,"column":2},"end":{"line":94,"column":3}},"type":"if","locations":[{"start":{"line":92,"column":2},"end":{"line":94,"column":3}}]},"6":{"loc":{"start":{"line":96,"column":2},"end":{"line":100,"column":3}},"type":"if","locations":[{"start":{"line":96,"column":2},"end":{"line":100,"column":3}}]},"7":{"loc":{"start":{"line":102,"column":2},"end":{"line":106,"column":3}},"type":"if","locations":[{"start":{"line":102,"column":2},"end":{"line":106,"column":3}}]},"8":{"loc":{"start":{"line":108,"column":2},"end":{"line":110,"column":3}},"type":"if","locations":[{"start":{"line":108,"column":2},"end":{"line":110,"column":3}}]}},"s":{"0":1,"1":1,"2":1,"3":1,"4":1,"5":1,"6":1,"7":1,"8":1,"9":0,"10":0,"11":0,"12":0,"13":1,"14":0,"15":0,"16":0,"17":1,"18":0,"19":0,"20":0,"21":1,"22":0,"23":0,"24":0,"25":0,"26":0,"27":1,"28":1,"29":1,"30":1,"31":0,"32":0,"33":0,"34":0,"35":0,"36":0,"37":0,"38":0,"39":1,"40":0,"41":0,"42":1},"f":{"0":1,"1":0,"2":0,"3":0,"4":0,"5":0,"6":1,"7":0,"8":0},"b":{"0":[0],"1":[0,0],"2":[0],"3":[0,0],"4":[0,0],"5":[0],"6":[0],"7":[0],"8":[0]}}
,"D:\\CHAT-Client\\src\\entities\\notification\\index.ts": {"path":"D:\\CHAT-Client\\src\\entities\\notification\\index.ts","statementMap":{"0":{"start":{"line":1,"column":0},"end":{"line":1,"column":9}},"1":{"start":{"line":1,"column":9},"end":{"line":1,"column":59}}},"fnMap":{"0":{"name":"(anonymous_0)","decl":{"start":{"line":1,"column":9},"end":{"line":1,"column":26}},"loc":{"start":{"line":1,"column":9},"end":{"line":1,"column":59}}}},"branchMap":{},"s":{"0":3,"1":3},"f":{"0":0},"b":{}}
,"D:\\CHAT-Client\\src\\entities\\notification\\api\\notificationsApi.ts": {"path":"D:\\CHAT-Client\\src\\entities\\notification\\api\\notificationsApi.ts","statementMap":{"0":{"start":{"line":12,"column":1},"end":{"line":12,"column":57}},"1":{"start":{"line":5,"column":0},"end":{"line":5,"column":16}}},"fnMap":{"0":{"name":"clearNotification","decl":{"start":{"line":5,"column":16},"end":{"line":5,"column":33}},"loc":{"start":{"line":9,"column":24},"end":{"line":13,"column":1}}}},"branchMap":{},"s":{"0":0,"1":3},"f":{"0":0},"b":{}}
,"D:\\CHAT-Client\\src\\entities\\session\\index.ts": {"path":"D:\\CHAT-Client\\src\\entities\\session\\index.ts","statementMap":{"0":{"start":{"line":1,"column":0},"end":{"line":1,"column":null}},"1":{"start":{"line":2,"column":1},"end":{"line":2,"column":null}},"2":{"start":{"line":3,"column":1},"end":{"line":3,"column":null}},"3":{"start":{"line":4,"column":1},"end":{"line":4,"column":null}},"4":{"start":{"line":5,"column":1},"end":{"line":5,"column":null}},"5":{"start":{"line":6,"column":1},"end":{"line":6,"column":null}}},"fnMap":{"0":{"name":"(anonymous_0)","decl":{"start":{"line":2,"column":1},"end":{"line":2,"column":9}},"loc":{"start":{"line":2,"column":1},"end":{"line":2,"column":null}}},"1":{"name":"(anonymous_1)","decl":{"start":{"line":3,"column":1},"end":{"line":3,"column":10}},"loc":{"start":{"line":3,"column":1},"end":{"line":3,"column":null}}},"2":{"name":"(anonymous_2)","decl":{"start":{"line":4,"column":1},"end":{"line":4,"column":10}},"loc":{"start":{"line":4,"column":1},"end":{"line":4,"column":null}}},"3":{"name":"(anonymous_3)","decl":{"start":{"line":5,"column":1},"end":{"line":5,"column":22}},"loc":{"start":{"line":5,"column":1},"end":{"line":5,"column":null}}},"4":{"name":"(anonymous_4)","decl":{"start":{"line":6,"column":1},"end":{"line":6,"column":15}},"loc":{"start":{"line":6,"column":1},"end":{"line":6,"column":null}}}},"branchMap":{},"s":{"0":3,"1":4,"2":3,"3":3,"4":4,"5":4},"f":{"0":1,"1":0,"2":0,"3":1,"4":1},"b":{}}
,"D:\\CHAT-Client\\src\\entities\\session\\api\\sessionApi.ts": {"path":"D:\\CHAT-Client\\src\\entities\\session\\api\\sessionApi.ts","statementMap":{"0":{"start":{"line":2,"column":0},"end":{"line":2,"column":42}},"1":{"start":{"line":3,"column":0},"end":{"line":3,"column":77}},"2":{"start":{"line":4,"column":0},"end":{"line":4,"column":79}},"3":{"start":{"line":7,"column":18},"end":{"line":17,"column":3}},"4":{"start":{"line":19,"column":1},"end":{"line":19,"column":68}},"5":{"start":{"line":6,"column":0},"end":{"line":6,"column":7}},"6":{"start":{"line":29,"column":18},"end":{"line":29,"column":32}},"7":{"start":{"line":30,"column":1},"end":{"line":30,"column":33}},"8":{"start":{"line":31,"column":1},"end":{"line":31,"column":39}},"9":{"start":{"line":32,"column":1},"end":{"line":32,"column":35}},"10":{"start":{"line":33,"column":1},"end":{"line":33,"column":31}},"11":{"start":{"line":34,"column":1},"end":{"line":34,"column":29}},"12":{"start":{"line":36,"column":18},"end":{"line":40,"column":3}},"13":{"start":{"line":42,"column":1},"end":{"line":42,"column":68}},"14":{"start":{"line":22,"column":0},"end":{"line":22,"column":7}},"15":{"start":{"line":46,"column":18},"end":{"line":49,"column":3}},"16":{"start":{"line":51,"column":1},"end":{"line":51,"column":24}},"17":{"start":{"line":45,"column":0},"end":{"line":45,"column":7}},"18":{"start":{"line":55,"column":14},"end":{"line":55,"column":40}},"19":{"start":{"line":56,"column":23},"end":{"line":56,"column":65}},"20":{"start":{"line":56,"column":54},"end":{"line":56,"column":64}},"21":{"start":{"line":57,"column":18},"end":{"line":57,"column":47}},"22":{"start":{"line":57,"column":40},"end":{"line":57,"column":46}},"23":{"start":{"line":59,"column":1},"end":{"line":62,"column":4}},"24":{"start":{"line":54,"column":0},"end":{"line":54,"column":16}},"25":{"start":{"line":66,"column":18},"end":{"line":66,"column":32}},"26":{"start":{"line":68,"column":1},"end":{"line":75,"column":4}},"27":{"start":{"line":69,"column":2},"end":{"line":71,"column":3}},"28":{"start":{"line":70,"column":3},"end":{"line":70,"column":43}},"29":{"start":{"line":72,"column":2},"end":{"line":74,"column":3}},"30":{"start":{"line":73,"column":3},"end":{"line":73,"column":45}},"31":{"start":{"line":65,"column":0},"end":{"line":65,"column":16}}},"fnMap":{"0":{"name":"loginApi","decl":{"start":{"line":6,"column":22},"end":{"line":6,"column":30}},"loc":{"start":{"line":6,"column":62},"end":{"line":20,"column":1}}},"1":{"name":"signupApi","decl":{"start":{"line":22,"column":22},"end":{"line":22,"column":31}},"loc":{"start":{"line":27,"column":10},"end":{"line":43,"column":1}}},"2":{"name":"logoutApi","decl":{"start":{"line":45,"column":22},"end":{"line":45,"column":31}},"loc":{"start":{"line":45,"column":31},"end":{"line":52,"column":1}}},"3":{"name":"connectToRooms","decl":{"start":{"line":54,"column":16},"end":{"line":54,"column":30}},"loc":{"start":{"line":54,"column":45},"end":{"line":63,"column":1}}},"4":{"name":"(anonymous_4)","decl":{"start":{"line":56,"column":41},"end":{"line":56,"column":42}},"loc":{"start":{"line":56,"column":54},"end":{"line":56,"column":64}}},"5":{"name":"(anonymous_5)","decl":{"start":{"line":57,"column":31},"end":{"line":57,"column":32}},"loc":{"start":{"line":57,"column":40},"end":{"line":57,"column":46}}},"6":{"name":"getConnectionStatuses","decl":{"start":{"line":65,"column":16},"end":{"line":65,"column":37}},"loc":{"start":{"line":65,"column":52},"end":{"line":76,"column":1}}},"7":{"name":"(anonymous_7)","decl":{"start":{"line":68,"column":21},"end":{"line":68,"column":22}},"loc":{"start":{"line":68,"column":42},"end":{"line":75,"column":2}}}},"branchMap":{"0":{"loc":{"start":{"line":69,"column":2},"end":{"line":71,"column":3}},"type":"if","locations":[{"start":{"line":69,"column":2},"end":{"line":71,"column":3}}]},"1":{"loc":{"start":{"line":72,"column":2},"end":{"line":74,"column":3}},"type":"if","locations":[{"start":{"line":72,"column":2},"end":{"line":74,"column":3}}]}},"s":{"0":3,"1":3,"2":3,"3":1,"4":1,"5":3,"6":0,"7":0,"8":0,"9":0,"10":0,"11":0,"12":0,"13":0,"14":3,"15":0,"16":0,"17":3,"18":1,"19":1,"20":1,"21":1,"22":0,"23":1,"24":3,"25":1,"26":1,"27":0,"28":0,"29":0,"30":0,"31":3},"f":{"0":1,"1":0,"2":0,"3":1,"4":1,"5":0,"6":1,"7":0},"b":{"0":[0],
[...]
,"D:\\CHAT-Client\\src\\widgets\\Notification\\ui\\UnreadMessagesNotifications\\index.ts": {"path":"D:\\CHAT-Client\\src\\widgets\\Notification\\ui\\UnreadMessagesNotifications\\index.ts","statementMap":{"0":{"start":{"line":1,"column":0},"end":{"line":1,"column":9}},"1":{"start":{"line":1,"column":9},"end":{"line":1,"column":76}}},"fnMap":{"0":{"name":"(anonymous_0)","decl":{"start":{"line":1,"column":9},"end":{"line":1,"column":36}},"loc":{"start":{"line":1,"column":9},"end":{"line":1,"column":76}}}},"branchMap":{},"s":{"0":1,"1":1},"f":{"0":0},"b":{}}
,"D:\\CHAT-Client\\src\\widgets\\SearchBlock\\SearchBlock.tsx": {"path":"D:\\CHAT-Client\\src\\widgets\\SearchBlock\\SearchBlock.tsx","statementMap":{"0":{"start":{"line":1,"column":0},"end":{"line":1,"column":47}},"1":{"start":{"line":2,"column":0},"end":{"line":2,"column":33}},"2":{"start":{"line":3,"column":0},"end":{"line":3,"column":57}},"3":{"start":{"line":4,"column":0},"end":{"line":4,"column":49}},"4":{"start":{"line":7,"column":47},"end":{"line":7,"column":66}},"5":{"start":{"line":9,"column":1},"end":{"line":32,"column":3}},"6":{"start":{"line":13,"column":20},"end":{"line":13,"column":41}},"7":{"start":{"line":21,"column":20},"end":{"line":21,"column":41}},"8":{"start":{"line":6,"column":0},"end":{"line":6,"column":16}}},"fnMap":{"0":{"name":"SearchBlock","decl":{"start":{"line":6,"column":16},"end":{"line":6,"column":27}},"loc":{"start":{"line":6,"column":27},"end":{"line":33,"column":1}}},"1":{"name":"(anonymous_2)","decl":{"start":{"line":13,"column":14},"end":{"line":13,"column":17}},"loc":{"start":{"line":13,"column":20},"end":{"line":13,"column":41}}},"2":{"name":"(anonymous_3)","decl":{"start":{"line":21,"column":14},"end":{"line":21,"column":17}},"loc":{"start":{"line":21,"column":20},"end":{"line":21,"column":41}}}},"branchMap":{"0":{"loc":{"start":{"line":15,"column":6},"end":{"line":15,"column":69}},"type":"cond-expr","locations":[{"start":{"line":15,"column":30},"end":{"line":15,"column":51}},{"start":{"line":15,"column":54},"end":{"line":15,"column":69}}]},"1":{"loc":{"start":{"line":23,"column":6},"end":{"line":23,"column":69}},"type":"cond-expr","locations":[{"start":{"line":23,"column":30},"end":{"line":23,"column":51}},{"start":{"line":23,"column":54},"end":{"line":23,"column":69}}]},"2":{"loc":{"start":{"line":29,"column":4},"end":{"line":29,"column":49}},"type":"binary-expr","locations":[{"start":{"line":29,"column":4},"end":{"line":29,"column":25}},{"start":{"line":29,"column":29},"end":{"line":29,"column":49}}]},"3":{"loc":{"start":{"line":30,"column":4},"end":{"line":30,"column":45}},"type":"binary-expr","locations":[{"start":{"line":30,"column":4},"end":{"line":30,"column":25}},{"start":{"line":30,"column":29},"end":{"line":30,"column":45}}]}},"s":{"0":1,"1":1,"2":1,"3":1,"4":0,"5":0,"6":0,"7":0,"8":1},"f":{"0":0,"1":0,"2":0},"b":{"0":[0,0],"1":[0,0],"2":[0,0],"3":[0,0]}}
,"D:\\CHAT-Client\\src\\widgets\\SearchBlock\\index.ts": {"path":"D:\\CHAT-Client\\src\\widgets\\SearchBlock\\index.ts","statementMap":{"0":{"start":{"line":1,"column":0},"end":{"line":1,"column":9}},"1":{"start":{"line":1,"column":9},"end":{"line":1,"column":44}}},"fnMap":{"0":{"name":"(anonymous_0)","decl":{"start":{"line":1,"column":9},"end":{"line":1,"column":20}},"loc":{"start":{"line":1,"column":9},"end":{"line":1,"column":44}}}},"branchMap":{},"s":{"0":1,"1":1},"f":{"0":0},"b":{}}
,"D:\\CHAT-Client\\src\\widgets\\SearchBlock\\ui\\ChannelContainer\\ChannelContainer.tsx": {"path":"D:\\CHAT-Client\\src\\widgets\\SearchBlock\\ui\\ChannelContainer\\ChannelContainer.tsx","statementMap":{"0":{"start":{"line":1,"column":0},"end":{"line":1,"column":52}},"1":{"start":{"line":2,"column":0},"end":{"line":2,"column":50}},"2":{"start":{"line":4,"column":0},"end":{"line":4,"column":33}},"3":{"start":{"line":5,"column":0},"end":{"line":5,"column":51}},"4":{"start":{"line":6,"column":0},"end":{"line":6,"column":66}},"5":{"start":{"line":7,"column":0},"end":{"line":7,"column":54}},"6":{"start":{"line":8,"column":0},"end":{"line":8,"column":61}},"7":{"start":{"line":9,"column":0},"end":{"line":9,"column":73}},"8":{"start":{"line":10,"column":0},"end":{"line":10,"column":63}},"9":{"start":{"line":14,"column":25},"end":{"line":14,"column":36}},"10":{"start":{"line":15,"column":27},"end":{"line":15,"column":44}},"11":{"start":{"line":16,"column":24},"end":{"line":16,"column":55}},"12":{"start":{"line":18,"column":64},"end":{"line":20,"column":null}},"13":{"start":{"line":23,"column":1},"end":{"line":25,"column":2}},"14":{"start":{"line":24,"column":2},"end":{"line":24,"column":27}},"15":{"start":{"line":27,"column":1},"end":{"line":29,"column":2}},"16":{"start":{"line":28,"column":2},"end":{"line":28,"column":29}},"17":{"start":{"line":31,"column":1},"end":{"line":76,"column":3}},"18":{"start":{"line":35,"column":28},"end":{"line":36,"column":null}},"19":{"start":{"line":36,"column":25},"end":{"line":36,"column":56}},"20":{"start":{"line":38,"column":5},"end":{"line":52,"column":7}},"21":{"start":{"line":59,"column":6},"end":{"line":61,"column":8}},"22":{"start":{"line":60,"column":7},"end":{"line":60,"column":40}},"23":{"start":{"line":69,"column":20},"end":{"line":69,"column":47}},"24":{"start":{"line":69,"column":38},"end":{"line":69,"column":46}},"25":{"start":{"line":13,"column":0},"end":{"line":13,"column":16}}},"fnMap":{"0":{"name":"ChannelContainer","decl":{"start":{"line":13,"column":16},"end":{"line":13,"column":32}},"loc":{"start":{"line":13,"column":32},"end":{"line":77,"column":1}}},"1":{"name":"(anonymous_2)","decl":{"start":{"line":34,"column":23},"end":{"line":34,"column":24}},"loc":{"start":{"line":34,"column":45},"end":{"line":53,"column":5}}},"2":{"name":"(anonymous_3)","decl":{"start":{"line":36,"column":6},"end":{"line":36,"column":7}},"loc":{"start":{"line":36,"column":25},"end":{"line":36,"column":56}}},"3":{"name":"(anonymous_4)","decl":{"start":{"line":58,"column":14},"end":{"line":58,"column":17}},"loc":{"start":{"line":59,"column":6},"end":{"line":61,"column":8}}},"4":{"name":"(anonymous_5)","decl":{"start":{"line":59,"column":14},"end":{"line":59,"column":15}},"loc":{"start":{"line":59,"column":23},"end":{"line":61,"column":7}}},"5":{"name":"(anonymous_6)","decl":{"start":{"line":69,"column":14},"end":{"line":69,"column":17}},"loc":{"start":{"line":69,"column":20},"end":{"line":69,"column":47}}},"6":{"name":"(anonymous_7)","decl":{"start":{"line":69,"column":28},"end":{"line":69,"column":29}},"loc":{"start":{"line":69,"column":38},"end":{"line":69,"column":46}}}},"branchMap":{"0":{"loc":{"start":{"line":23,"column":1},"end":{"line":25,"column":2}},"type":"if","locations":[{"start":{"line":23,"column":1},"end":{"line":25,"column":2}}]},"1":{"loc":{"start":{"line":27,"column":1},"end":{"line":29,"column":2}},"type":"if","locations":[{"start":{"line":27,"column":1},"end":{"line":29,"column":2}}]},"2":{"loc":{"start":{"line":44,"column":8},"end":{"line":44,"column":67}},"type":"binary-expr","locations":[{"start":{"line":44,"column":8},"end":{"line":44,"column":22}},{"start":{"line":44,"column":26},"end":{"line":44,"column":67}}]},"3":{"loc":{"start":{"line":45,"column":8},"end":{"line":46,"column":null}},"type":"binary-expr","locations":[{"start":{"line":45,"column":8},"end":{"line":45,"column":23}},{"start":{"line":45,"column":27},"end":{"line":45,"column":61}},{"start":{"line":46,"column":8},"end":{"line":46,"column":54}}]},"4":{"loc":{"start":{"line":48,"column":8},"end":{"line":49,"column":null}},"type":"binary-expr","locations":[{"start":{"line":48,"column":8},"end":{"line":48,"column":23}},{"start":{"line":48,"column":27},"end":{"line":48,"column":60}},{"start":{"line":49,"column":8},"end":{"line":49,"column":45}}]},"5":{"loc":{"start":{"line":60,"column":14},"end":{"line":60,"column":39}},"type":"cond-expr","locations":[{"start":{"line":60,"column":27},"end":{"line":60,"column":28}},{"start":{"line":60,"column":31},"end":{"line":60,"column":39}}]},"6":{"loc":{"start":{"line":70,"column":15},"end":{"line":70,"column":49}},"type":"binary-expr","locations":[{"start":{"line":70,"column":15},"end":{"line":70,"column":32}},{"start":{"line":70,"column":36},"end":{"line":70,"column":49}}]}},"s":{"0":1,"1":1,"2":1,"3":1,"4":1,"5":1,"6":1,"7":1,"8":1,"9":0,"10":0,"11":0,"12":0,"13":0,"14":0,"15":0,"16":0,"17":0,"18":0,"19":0,"20":0,"21":0,"22":0,"23":0,"24":0,"25":1},"f":{"0":0,"1":0,"2":0,"3":0,"4":0,"5":0,"6":0},"b":{"0":[0],"1":[0],"2":[0,0],"3":[0,0,0],"4":[0,0,0],"5":[0,0],"6":[0,0]}}
,"D:\\CHAT-Client\\src\\widgets\\SearchBlock\\ui\\ChannelContainer\\index.ts": {"path":"D:\\CHAT-Client\\src\\widgets\\SearchBlock\\ui\\ChannelContainer\\index.ts","statementMap":{"0":{"start":{"line":1,"column":0},"end":{"line":1,"column":9}},"1":{"start":{"line":1,"column":9},"end":{"line":1,"column":54}}},"fnMap":{"0":{"name":"(anonymous_0)","decl":{"start":{"line":1,"column":9},"end":{"line":1,"column":25}},"loc":{"start":{"line":1,"column":9},"end":{"line":1,"column":54}}}},"branchMap":{},"s":{"0":1,"1":1},"f":{"0":0},"b":{}}
,"D:\\CHAT-Client\\src\\widgets\\SearchBlock\\ui\\DmsContainer\\DmsContainer.tsx": {"path":"D:\\CHAT-Client\\src\\widgets\\SearchBlock\\ui\\DmsContainer\\DmsContainer.tsx","statementMap":{"0":{"start":{"line":1,"column":0},"end":{"line":1,"column":48}},"1":{"start":{"line":2,"column":0},"end":{"line":2,"column":40}},"2":{"start":{"line":4,"column":0},"end":{"line":4,"column":33}},"3":{"start":{"line":5,"column":0},"end":{"line":5,"column":51}},"4":{"start":{"line":6,"column":0},"end":{"line":6,"column":63}},"5":{"start":{"line":7,"column":0},"end":{"line":7,"column":54}},"6":{"start":{"line":8,"column":0},"end":{"line":8,"column":46}},"7":{"start":{"line":9,"column":0},"end":{"line":9,"column":48}},"8":{"start":{"line":12,"column":25},"end":{"line":12,"column":36}},"9":{"start":{"line":13,"column":27},"end":{"line":13,"column":44}},"10":{"start":{"line":14,"column":14},"end":{"line":14,"column":42}},"11":{"start":{"line":15,"column":25},"end":{"line":19,"column":3}},"12":{"start":{"line":16,"column":2},"end":{"line":18,"column":25}},"13":{"start":{"line":21,"column":64},"end":{"line":23,"column":null}},"14":{"start":{"line":26,"column":1},"end":{"line":28,"column":2}},"15":{"start":{"line":27,"column":2},"end":{"line":27,"column":27}},"16":{"start":{"line":30,"column":1},"end":{"line":32,"column":2}},"17":{"start":{"line":31,"column":2},"end":{"line":31,"column":29}},"18":{"start":{"line":34,"column":1},"end":{"line":82,"column":3}},"19":{"start":{"line":38,"column":5},"end":{"line":38,"column":48}},"20":{"start":{"line":38,"column":36},"end":{"line":38,"column":48}},"21":{"start":{"line":39,"column":23},"end":{"line":39,"column":58}},"22":{"start":{"line":40,"column":5},"end":{"line":58,"column":7}},"23":{"start":{"line":65,"column":6},"end":{"line":67,"column":8}},"24":{"start":{"line":66,"column":7},"end":{"line":66,"column":40}},"25":{"start":{"line":75,"column":20},"end":{"line":75,"column":47}},"26":{"start":{"line":75,"column":38},"end":{"line":75,"column":46}},"27":{"start":{"line":11,"column":0},"end":{"line":11,"column":16}}},"fnMap":{"0":{"name":"DmsContainer","decl":{"start":{"line":11,"column":16},"end":{"line":11,"column":28}},"loc":{"start":{"line":11,"column":28},"end":{"line":83,"column":1}}},"1":{"name":"(anonymous_2)","decl":{"start":{"line":15,"column":38},"end":{"line":15,"column":39}},"loc":{"start":{"line":15,"column":45},"end":{"line":19,"column":2}}},"2":{"name":"(anonymous_3)","decl":{"start":{"line":37,"column":18},"end":{"line":37,"column":19}},"loc":{"start":{"line":37,"column":32},"end":{"line":59,"column":5}}},"3":{"name":"(anonymous_4)","decl":{"start":{"line":64,"column":14},"end":{"line":64,"column":17}},"loc":{"start":{"line":65,"column":6},"end":{"line":67,"column":8}}},"4":{"name":"(anonymous_5)","decl":{"start":{"line":65,"column":14},"end":{"line":65,"column":15}},"loc":{"start":{"line":65,"column":23},"end":{"line":67,"column":7}}},"5":{"name":"(anonymous_6)","decl":{"start":{"line":75,"column":14},"end":{"line":75,"column":17}},"loc":{"start":{"line":75,"column":20},"end":{"line":75,"column":47}}},"6":{"name":"(anonymous_7)","decl":{"start":{"line":75,"column":28},"end":{"line":75,"column":29}},"loc":{"start":{"line":75,"column":38},"end":{"line":75,"column":46}}}},"branchMap":{"0":{"loc":{"start":{"line":16,"column":9},"end":{"line":18,"column":24}},"type":"cond-expr","locations":[{"start":{"line":17,"column":5},"end":{"line":17,"column":25}},{"start":{"line":18,"column":5},"end":{"line":18,"column":24}}]},"1":{"loc":{"start":{"line":26,"column":1},"end":{"line":28,"column":2}},"type":"if","locations":[{"start":{"line":26,"column":1},"end":{"line":28,"column":2}}]},"2":{"loc":{"start":{"line":30,"column":1},"end":{"line":32,"column":2}},"type":"if","locations":[{"start":{"line":30,"column":1},"end":{"line":32,"column":2}}]},"3":{"loc":{"start":{"line":38,"column":5},"end":{"line":38,"column":48}},"type":"if","locations":[{"start":{"line":38,"column":5},"end":{"line":38,"column":48}}]},"4":{"loc":{"start":{"line":55,"column":8},"end":{"line":55,"column":47}},"type":"binary-expr","locations":[{"start":{"line":55,"column":8},"end":{"line":55,"column":17}},{"start":{"line":55,"column":21},"end":{"line":55,"column":47}}]},"5":{"loc":{"start":{"line":56,"column":8},"end":{"line":56,"column":44}},"type":"binary-expr","locations":[{"start":{"line":56,"column":8},"end":{"line":56,"column":18}},{"start":{"line":56,"column":22},"end":{"line":56,"column":44}}]},"6":{"loc":{"start":{"line":66,"column":14},"end":{"line":66,"column":39}},"type":"cond-expr","locations":[{"start":{"line":66,"column":27},"end":{"line":66,"column":28}},{"start":{"line":66,"column":31},"end":{"line":66,"column":39}}]},"7":{"loc":{"start":{"line":76,"column":15},"end":{"line":76,"column":49}},"type":"binary-expr","locations":[{"start":{"line":76,"column":15},"end":{"line":76,"column":32}},{"start":{"line":76,"column":36},"end":{"line":76,"column":49}}]}},"s":{"0":1,"1":1,"2":1,"3":1,"4":1,"5":1,"6":1,"7":1,"8":0,"9":0,"10":0,"11":0,"12":0,"13":0,"14":0,"15":0,"16":0,"17":0,"18":0,"19":0,"20":0,"21":0,"22":0,"23":0,"24":0,"25":0,"26":0,"27":1},"f":{"0":0,"1":0,"2":0,"3":0,"4":0,"5":0,"6":0},"b":{"0":[0,0],"1":[0],"2":[0],"3":[0],"4":[0,0],"5":[0,0],"6":[0,0],"7":[0,0]}}
,"D:\\CHAT-Client\\src\\widgets\\SearchBlock\\ui\\DmsContainer\\index.ts": {"path":"D:\\CHAT-Client\\src\\widgets\\SearchBlock\\ui\\DmsContainer\\index.ts","statementMap":{"0":{"start":{"line":1,"column":0},"end":{"line":1,"column":9}},"1":{"start":{"line":1,"column":9},"end":{"line":1,"column":46}}},"fnMap":{"0":{"name":"(anonymous_0)","decl":{"start":{"line":1,"column":9},"end":{"line":1,"column":21}},"loc":{"start":{"line":1,"column":9},"end":{"line":1,"column":46}}}},"branchMap":{},"s":{"0":1,"1":1},"f":{"0":0},"b":{}}
,"D:\\CHAT-Client\\src\\widgets\\SignupForm\\SignupForm.tsx": {"path":"D:\\CHAT-Client\\src\\widgets\\SignupForm\\SignupForm.tsx","statementMap":{"0":{"start":{"line":1,"column":0},"end":{"line":1,"column":46}},"1":{"start":{"line":2,"column":0},"end":{"line":2,"column":52}},"2":{"start":{"line":3,"column":0},"end":{"line":3,"column":33}},"3":{"start":{"line":4,"column":0},"end":{"line":4,"column":51}},"4":{"start":{"line":7,"column":27},"end":{"line":7,"column":47}},"5":{"start":{"line":8,"column":33},"end":{"line":8,"column":53}},"6":{"start":{"line":9,"column":29},"end":{"line":9,"column":49}},"7":{"start":{"line":10,"column":25},"end":{"line":10,"column":45}},"8":{"start":{"line":11,"column":23},"end":{"line":11,"column":50}},"9":{"start":{"line":13,"column":1},"end":{"line":82,"column":3}},"10":{"start":{"line":20,"column":23},"end":{"line":20,"column":47}},"11":{"start":{"line":28,"column":23},"end":{"line":28,"column":50}},"12":{"start":{"line":36,"column":23},"end":{"line":36,"column":48}},"13":{"start":{"line":44,"column":23},"end":{"line":44,"column":46}},"14":{"start":{"line":66,"column":8},"end":{"line":68,"column":9}},"15":{"start":{"line":67,"column":9},"end":{"line":67,"column":35}},"16":{"start":{"line":6,"column":0},"end":{"line":6,"column":16}}},"fnMap":{"0":{"name":"SignupForm","decl":{"start":{"line":6,"column":16},"end":{"line":6,"column":26}},"loc":{"start":{"line":6,"column":26},"end":{"line":83,"column":1}}},"1":{"name":"(anonymous_2)","decl":{"start":{"line":20,"column":16},"end":{"line":20,"column":17}},"loc":{"start":{"line":20,"column":23},"end":{"line":20,"column":47}}},"2":{"name":"(anonymous_3)","decl":{"start":{"line":28,"column":16},"end":{"line":28,"column":17}},"loc":{"start":{"line":28,"column":23},"end":{"line":28,"column":50}}},"3":{"name":"(anonymous_4)","decl":{"start":{"line":36,"column":16},"end":{"line":36,"column":17}},"loc":{"start":{"line":36,"column":23},"end":{"line":36,"column":48}}},"4":{"name":"(anonymous_5)","decl":{"start":{"line":44,"column":16},"end":{"line":44,"column":17}},"loc":{"start":{"line":44,"column":23},"end":{"line":44,"column":46}}},"5":{"name":"(anonymous_6)","decl":{"start":{"line":65,"column":17},"end":{"line":65,"column":18}},"loc":{"start":{"line":65,"column":23},"end":{"line":69,"column":8}}}},"branchMap":{"0":{"loc":{"start":{"line":53,"column":7},"end":{"line":60,"column":null}},"type":"binary-expr","locations":[{"start":{"line":53,"column":7},"end":{"line":53,"column":10}},{"start":{"line":54,"column":7},"end":{"line":59,"column":null}}]},"1":{"loc":{"start":{"line":66,"column":8},"end":{"line":68,"column":9}},"type":"if","locations":[{"start":{"line":66,"column":8},"end":{"line":68,"column":9}}]},"2":{"loc":{"start":{"line":66,"column":12},"end":{"line":66,"column":65}},"type":"binary-expr","locations":[{"start":{"line":66,"column":12},"end":{"line":66,"column":35}},{"start":{"line":66,"column":39},"end":{"line":66,"column":65}}]}},"s":{"0":1,"1":1,"2":1,"3":1,"4":1,"5":1,"6":1,"7":1,"8":1,"9":1,"10":0,"11":0,"12":0,"13":0,"14":0,"15":0,"16":1},"f":{"0":1,"1":0,"2":0,"3":0,"4":0,"5":0},"b":{"0":[1,0],"1":[0],"2":[0,0]}}
,"D:\\CHAT-Client\\src\\widgets\\SignupForm\\index.ts": {"path":"D:\\CHAT-Client\\src\\widgets\\SignupForm\\index.ts","statementMap":{"0":{"start":{"line":1,"column":0},"end":{"line":1,"column":9}},"1":{"start":{"line":1,"column":9},"end":{"line":1,"column":42}}},"fnMap":{"0":{"name":"(anonymous_0)","decl":{"start":{"line":1,"column":9},"end":{"line":1,"column":19}},"loc":{"start":{"line":1,"column":9},"end":{"line":1,"column":42}}}},"branchMap":{},"s":{"0":1,"1":2},"f":{"0":1},"b":{}}
,"D:\\CHAT-Client\\src\\widgets\\UserInfo\\UserInfo.tsx": {"path":"D:\\CHAT-Client\\src\\widgets\\UserInfo\\UserInfo.tsx","statementMap":{"0":{"start":{"line":1,"column":0},"end":{"line":1,"column":44}},"1":{"start":{"line":2,"column":0},"end":{"line":2,"column":48}},"2":{"start":{"line":3,"column":0},"end":{"line":3,"column":63}},"3":{"start":{"line":4,"column":0},"end":{"line":4,"column":54}},"4":{"start":{"line":7,"column":14},"end":{"line":7,"column":42}},"5":{"start":{"line":9,"column":1},"end":{"line":41,"column":3}},"6":{"start":{"line":6,"column":0},"end":{"line":6,"column":16}}},"fnMap":{"0":{"name":"UserInfo","decl":{"start":{"line":6,"column":16},"end":{"line":6,"column":24}},"loc":{"start":{"line":6,"column":24},"end":{"line":42,"column":1}}}},"branchMap":{},"s":{"0":1,"1":1,"2":1,"3":1,"4":0,"5":0,"6":1},"f":{"0":0},"b":{}}
,"D:\\CHAT-Client\\src\\widgets\\UserInfo\\index.ts": {"path":"D:\\CHAT-Client\\src\\widgets\\UserInfo\\index.ts","statementMap":{"0":{"start":{"line":1,"column":0},"end":{"line":1,"column":9}},"1":{"start":{"line":1,"column":9},"end":{"line":1,"column":38}}},"fnMap":{"0":{"name":"(anonymous_0)","decl":{"start":{"line":1,"column":9},"end":{"line":1,"column":17}},"loc":{"start":{"line":1,"column":9},"end":{"line":1,"column":38}}}},"branchMap":{},"s":{"0":1,"1":1},"f":{"0":0},"b":{}}
}
