TN:
SF:src\app\App.tsx
FN:14,App
FNF:1
FNH:1
FNDA:3,App
DA:1,1
DA:2,1
DA:3,1
DA:4,1
DA:5,1
DA:6,1
DA:11,1
DA:12,1
DA:15,3
DA:41,1
LF:10
LH:10
BRF:0
BRH:0
end_of_record
TN:
SF:src\app\socket.ts
FNF:0
FNH:0
DA:1,3
DA:3,3
LF:2
LH:2
BRF:0
BRH:0
end_of_record
TN:
SF:src\app\ProtectedMiddleware\ProtectedMiddleware.tsx
FN:10,ProtectedMiddleware
FN:12,(anonymous_1)
FNF:2
FNH:2
FNDA:4,ProtectedMiddleware
FNDA:8,(anonymous_1)
DA:1,1
DA:3,1
DA:10,1
DA:11,4
DA:12,8
DA:15,4
DA:16,3
DA:24,1
LF:8
LH:8
BRDA:15,0,0,3
BRF:1
BRH:1
end_of_record
TN:
SF:src\app\ProtectedMiddleware\index.ts
FN:1,(anonymous_0)
FNF:1
FNH:1
FNDA:3,(anonymous_0)
DA:1,4
LF:1
LH:1
BRF:0
BRH:0
end_of_record
TN:
SF:src\app\contextProviders\togglersProvider.tsx
FN:13,TogglersProvider
FNF:1
FNH:1
FNDA:1,TogglersProvider
DA:1,1
DA:2,1
DA:13,1
DA:14,1
DA:15,1
DA:16,1
DA:18,1
DA:27,1
LF:8
LH:8
BRF:0
BRH:0
end_of_record
TN:
SF:src\app\contextProviders\useSocketContext.tsx
FN:6,useSocketContext
FN:7,(anonymous_1)
FNF:2
FNH:2
FNDA:7,useSocketContext
FNDA:7,(anonymous_1)
DA:1,3
DA:2,3
DA:4,3
DA:6,3
DA:7,7
LF:5
LH:5
BRF:0
BRH:0
end_of_record
TN:
SF:src\app\contextProviders\useTogglers.ts
FN:5,(anonymous_0)
FN:8,(anonymous_1)
FNF:2
FNH:2
FNDA:6,(anonymous_0)
FNDA:6,(anonymous_1)
DA:1,1
DA:2,1
DA:5,1
DA:6,6
DA:8,1
DA:10,6
LF:6
LH:6
BRF:0
BRH:0
end_of_record
TN:
SF:src\app\store\store.ts
FNF:0
FNH:0
DA:1,5
DA:2,5
DA:4,5
DA:5,5
DA:6,5
DA:7,5
DA:8,5
DA:9,5
DA:10,5
DA:12,5
LF:10
LH:10
BRF:0
BRH:0
end_of_record
TN:
SF:src\app\store\activeChatSlice\activeChatSlice.ts
FN:17,(anonymous_0)
FN:24,(anonymous_1)
FN:27,(anonymous_2)
FN:36,(anonymous_3)
FNF:4
FNH:1
FNDA:0,(anonymous_0)
FNDA:0,(anonymous_1)
FNDA:0,(anonymous_2)
FNDA:5,(anonymous_3)
DA:1,6
DA:11,6
DA:13,6
DA:21,0
DA:22,0
DA:25,0
DA:28,0
DA:29,0
DA:34,6
DA:36,6
DA:37,5
DA:38,6
LF:12
LH:7
BRF:0
BRH:0
end_of_record
TN:
SF:src\app\store\channelsSlice\channelsSlice.ts
FN:16,(anonymous_0)
FN:20,(anonymous_1)
FN:23,(anonymous_2)
FN:27,(anonymous_3)
FN:33,(anonymous_4)
FN:42,(anonymous_5)
FN:48,(anonymous_6)
FN:69,(anonymous_7)
FNF:8
FNH:7
FNDA:2,(anonymous_0)
FNDA:1,(anonymous_1)
FNDA:2,(anonymous_2)
FNDA:1,(anonymous_3)
FNDA:1,(anonymous_4)
FNDA:1,(anonymous_5)
FNDA:1,(anonymous_6)
FNDA:0,(anonymous_7)
DA:1,6
DA:10,6
DA:12,6
DA:17,2
DA:18,2
DA:21,1
DA:24,2
DA:25,2
DA:31,1
DA:32,1
DA:33,1
DA:34,1
DA:35,1
DA:38,1
DA:39,1
DA:46,1
DA:47,1
DA:48,1
DA:49,1
DA:50,1
DA:51,1
DA:55,1
DA:56,1
DA:62,6
DA:69,6
DA:71,6
LF:26
LH:26
BRDA:34,0,0,1
BRDA:38,1,0,1
BRDA:49,2,0,1
BRDA:55,3,0,1
BRF:4
BRH:4
end_of_record
TN:
SF:src\app\store\dmsSlice\dmsSlice.ts
FN:16,(anonymous_0)
FN:20,(anonymous_1)
FN:23,(anonymous_2)
FN:27,(anonymous_3)
FN:30,(anonymous_4)
FN:39,(anonymous_5)
FN:45,(anonymous_6)
FN:61,(anonymous_7)
FNF:8
FNH:0
FNDA:0,(anonymous_0)
FNDA:0,(anonymous_1)
FNDA:0,(anonymous_2)
FNDA:0,(anonymous_3)
FNDA:0,(anonymous_4)
FNDA:0,(anonymous_5)
FNDA:0,(anonymous_6)
FNDA:0,(anonymous_7)
DA:2,6
DA:10,6
DA:12,6
DA:17,0
DA:18,0
DA:21,0
DA:24,0
DA:25,0
DA:28,0
DA:29,0
DA:30,0
DA:31,0
DA:32,0
DA:35,0
DA:36,0
DA:43,0
DA:44,0
DA:45,0
DA:46,0
DA:47,0
DA:48,0
DA:52,0
DA:53,0
DA:59,6
DA:61,6
DA:62,6
LF:26
LH:6
BRDA:31,0,0,0
BRDA:35,1,0,0
BRDA:46,2,0,0
BRDA:52,3,0,0
BRF:4
BRH:0
end_of_record
TN:
SF:src\app\store\messageNotificationSlice\messageNotificationSlice.ts
FN:37,(anonymous_0)
FN:44,(anonymous_1)
FN:64,(anonymous_2)
FN:72,(anonymous_3)
FN:79,(anonymous_4)
FN:89,(anonymous_5)
FN:103,(anonymous_6)
FN:111,(anonymous_7)
FN:119,(anonymous_8)
FN:130,(anonymous_9)
FN:137,(anonymous_10)
FN:151,(anonymous_11)
FN:158,(anonymous_12)
FN:171,(anonymous_13)
FN:178,(anonymous_14)
FN:188,(anonymous_15)
FN:199,(anonymous_16)
FN:214,(anonymous_17)
FN:221,(anonymous_18)
FN:234,(anonymous_19)
FN:241,(anonymous_20)
FN:273,(anonymous_21)
FN:275,(anonymous_22)
FN:277,(anonymous_23)
FN:279,(anonymous_24)
FN:281,(anonymous_25)
FN:283,(anonymous_26)
FN:285,(anonymous_27)
FNF:28
FNH:2
FNDA:0,(anonymous_0)
FNDA:0,(anonymous_1)
FNDA:0,(anonymous_2)
FNDA:0,(anonymous_3)
FNDA:0,(anonymous_4)
FNDA:0,(anonymous_5)
FNDA:0,(anonymous_6)
FNDA:0,(anonymous_7)
FNDA:0,(anonymous_8)
FNDA:0,(anonymous_9)
FNDA:0,(anonymous_10)
FNDA:0,(anonymous_11)
FNDA:0,(anonymous_12)
FNDA:0,(anonymous_13)
FNDA:0,(anonymous_14)
FNDA:0,(anonymous_15)
FNDA:0,(anonymous_16)
FNDA:0,(anonymous_17)
FNDA:0,(anonymous_18)
FNDA:0,(anonymous_19)
FNDA:0,(anonymous_20)
FNDA:1,(anonymous_21)
FNDA:3,(anonymous_22)
FNDA:0,(anonymous_23)
FNDA:0,(anonymous_24)
FNDA:0,(anonymous_25)
FNDA:0,(anonymous_26)
FNDA:0,(anonymous_27)
DA:1,6
DA:24,6
DA:33,6
DA:41,0
DA:43,0
DA:44,0
DA:45,0
DA:46,0
DA:50,0
DA:51,0
DA:58,0
DA:61,0
DA:68,0
DA:70,0
DA:76,0
DA:78,0
DA:79,0
DA:80,0
DA:81,0
DA:85,0
DA:86,0
DA:93,0
DA:94,0
DA:95,0
DA:97,0
DA:107,0
DA:109,0
DA:115,0
DA:116,0
DA:118,0
DA:119,0
DA:120,0
DA:121,0
DA:124,0
DA:126,0
DA:127,0
DA:134,0
DA:136,0
DA:137,0
DA:138,0
DA:139,0
DA:143,0
DA:144,0
DA:155,0
DA:157,0
DA:158,0
DA:159,0
DA:163,0
DA:167,0
DA:168,0
DA:175,0
DA:177,0
DA:178,0
DA:179,0
DA:180,0
DA:184,0
DA:185,0
DA:196,0
DA:198,0
DA:199,0
DA:200,0
DA:201,0
DA:205,0
DA:206,0
DA:218,0
DA:220,0
DA:221,0
DA:222,0
DA:226,0
DA:230,0
DA:231,0
DA:238,0
DA:240,0
DA:241,0
DA:242,0
DA:243,0
DA:247,0
DA:248,0
DA:259,6
DA:273,6
DA:274,1
DA:275,6
DA:276,3
DA:277,6
DA:278,0
DA:279,6
DA:280,0
DA:281,6
DA:282,0
DA:283,6
DA:284,0
DA:285,6
DA:286,0
DA:296,6
LF:94
LH:14
BRDA:45,0,0,0
BRDA:50,1,0,0
BRDA:80,2,0,0
BRDA:85,3,0,0
BRDA:120,4,0,0
BRDA:126,5,0,0
BRDA:138,6,0,0
BRDA:138,7,0,0
BRDA:138,7,1,0
BRDA:143,8,0,0
BRDA:159,9,0,0
BRDA:160,10,0,0
BRDA:160,10,1,0
BRDA:167,11,0,0
BRDA:179,12,0,0
BRDA:179,13,0,0
BRDA:179,13,1,0
BRDA:184,14,0,0
BRDA:200,15,0,0
BRDA:200,16,0,0
BRDA:200,16,1,0
BRDA:205,17,0,0
BRDA:222,18,0,0
BRDA:223,19,0,0
BRDA:223,19,1,0
BRDA:230,20,0,0
BRDA:242,21,0,0
BRDA:242,22,0,0
BRDA:242,22,1,0
BRDA:247,23,0,0
BRF:30
BRH:0
end_of_record
TN:
SF:src\app\store\onlineUsersSlice\onlineUserSlice.ts
FN:12,(anonymous_0)
FN:18,(anonymous_1)
FN:19,(anonymous_2)
FN:29,(anonymous_3)
FN:32,(anonymous_4)
FN:45,(anonymous_5)
FNF:6
FNH:1
FNDA:0,(anonymous_0)
FNDA:0,(anonymous_1)
FNDA:0,(anonymous_2)
FNDA:0,(anonymous_3)
FNDA:0,(anonymous_4)
FNDA:4,(anonymous_5)
DA:1,6
DA:6,6
DA:8,6
DA:16,0
DA:17,0
DA:18,0
DA:19,0
DA:20,0
DA:21,0
DA:25,0
DA:26,0
DA:30,0
DA:31,0
DA:32,0
DA:33,0
DA:34,0
DA:37,0
DA:38,0
DA:44,6
DA:45,6
DA:46,6
LF:21
LH:6
BRDA:17,0,0,0
BRDA:20,1,0,0
BRDA:25,2,0,0
BRDA:25,3,0,0
BRDA:25,3,1,0
BRDA:33,4,0,0
BRDA:37,5,0,0
BRF:7
BRH:0
end_of_record
TN:
SF:src\app\store\sessionSlice\sessionSlice.ts
FN:16,(anonymous_0)
FN:20,(anonymous_1)
FN:27,(anonymous_2)
FNF:3
FNH:1
FNDA:1,(anonymous_0)
FNDA:0,(anonymous_1)
FNDA:0,(anonymous_2)
DA:2,6
DA:8,6
DA:12,6
DA:17,1
DA:18,1
DA:21,0
DA:26,6
DA:27,6
DA:28,6
LF:9
LH:8
BRF:0
BRH:0
end_of_record
TN:
SF:src\app\store\userSlice\userSlice.ts
FN:14,(anonymous_0)
FN:18,(anonymous_1)
FN:22,(anonymous_2)
FN:29,(anonymous_3)
FN:40,(anonymous_4)
FN:47,(anonymous_5)
FN:58,(anonymous_6)
FN:61,(anonymous_7)
FN:76,(anonymous_8)
FN:95,(anonymous_9)
FN:96,(anonymous_10)
FN:97,(anonymous_11)
FNF:12
FNH:4
FNDA:0,(anonymous_0)
FNDA:1,(anonymous_1)
FNDA:0,(anonymous_2)
FNDA:0,(anonymous_3)
FNDA:0,(anonymous_4)
FNDA:0,(anonymous_5)
FNDA:0,(anonymous_6)
FNDA:0,(anonymous_7)
FNDA:0,(anonymous_8)
FNDA:10,(anonymous_9)
FNDA:4,(anonymous_10)
FNDA:1,(anonymous_11)
DA:1,6
DA:6,6
DA:10,6
DA:15,0
DA:16,0
DA:19,1
DA:20,1
DA:26,0
DA:28,0
DA:29,0
DA:30,0
DA:31,0
DA:32,0
DA:36,0
DA:37,0
DA:44,0
DA:46,0
DA:47,0
DA:48,0
DA:49,0
DA:50,0
DA:54,0
DA:55,0
DA:59,0
DA:69,0
DA:71,0
DA:72,0
DA:74,0
DA:75,0
DA:76,0
DA:78,0
DA:80,0
DA:81,0
DA:87,6
DA:95,10
DA:96,6
DA:97,6
DA:98,6
LF:38
LH:10
BRDA:30,0,0,0
BRDA:36,1,0,0
BRDA:48,2,0,0
BRDA:54,3,0,0
BRDA:71,4,0,0
BRDA:71,5,0,0
BRDA:71,5,1,0
BRDA:74,6,0,0
BRDA:74,7,0,0
BRDA:74,7,1,0
BRDA:80,8,0,0
BRDA:80,9,0,0
BRDA:80,9,1,0
BRF:13
BRH:0
end_of_record
TN:
SF:src\app\store\usersTyping\usersTyping.ts
FN:12,(anonymous_0)
FN:16,(anonymous_1)
FN:25,(anonymous_2)
FNF:3
FNH:1
FNDA:0,(anonymous_0)
FNDA:0,(anonymous_1)
FNDA:1,(anonymous_2)
DA:1,6
DA:6,6
DA:8,6
DA:13,0
DA:14,0
DA:17,0
DA:18,0
DA:19,0
DA:24,6
DA:25,6
DA:26,6
LF:11
LH:6
BRF:0
BRH:0
end_of_record
TN:
SF:src\entities\channel\index.ts
FN:1,(anonymous_0)
FN:2,(anonymous_1)
FN:3,(anonymous_2)
FN:4,(anonymous_3)
FNF:4
FNH:0
FNDA:0,(anonymous_0)
FNDA:0,(anonymous_1)
FNDA:0,(anonymous_2)
FNDA:0,(anonymous_3)
DA:1,1
DA:2,1
DA:3,1
DA:4,1
LF:4
LH:4
BRF:0
BRH:0
end_of_record
TN:
SF:src\entities\channel\queries.ts
FN:4,loadChannels
FN:7,(anonymous_1)
FNF:2
FNH:0
FNDA:0,loadChannels
FNDA:0,(anonymous_1)
DA:1,1
DA:2,1
DA:4,1
DA:5,0
DA:7,0
LF:5
LH:3
BRF:0
BRH:0
end_of_record
TN:
SF:src\entities\channel\api\channelsApi.ts
FN:14,getChannels
FN:27,newChannel
FN:43,getNewChannel
FN:44,(anonymous_3)
FN:63,deleteChannelRequest
FN:67,deleteChannelResponse
FN:73,(anonymous_6)
FN:93,applyEnter
FN:97,getApplyEnterRequest
FN:100,(anonymous_9)
FN:105,approveApplyEnter
FN:113,denyApplyEnter
FN:117,getApplyEnterResponse
FN:120,(anonymous_13)
FNF:14
FNH:4
FNDA:0,getChannels
FNDA:0,newChannel
FNDA:1,getNewChannel
FNDA:0,(anonymous_3)
FNDA:0,deleteChannelRequest
FNDA:1,deleteChannelResponse
FNDA:0,(anonymous_6)
FNDA:0,applyEnter
FNDA:1,getApplyEnterRequest
FNDA:0,(anonymous_9)
FNDA:0,approveApplyEnter
FNDA:0,denyApplyEnter
FNDA:1,getApplyEnterResponse
FNDA:0,(anonymous_13)
DA:2,2
DA:3,2
DA:4,2
DA:6,2
DA:7,2
DA:12,2
DA:14,2
DA:15,0
DA:19,0
DA:24,0
DA:27,2
DA:33,0
DA:35,0
DA:43,2
DA:44,1
DA:45,0
DA:46,0
DA:48,0
DA:49,0
DA:58,0
DA:59,0
DA:63,2
DA:64,0
DA:67,2
DA:68,1
DA:69,1
DA:70,1
DA:71,1
DA:73,1
DA:74,0
DA:82,0
DA:83,0
DA:87,0
DA:88,0
DA:93,2
DA:94,0
DA:97,2
DA:98,1
DA:100,1
DA:101,0
DA:105,2
DA:110,0
DA:113,2
DA:114,0
DA:117,2
DA:118,1
DA:120,1
DA:121,0
DA:122,0
DA:124,0
DA:125,0
LF:51
LH:26
BRDA:15,0,0,0
BRDA:15,0,1,0
BRDA:48,1,0,0
BRDA:82,2,0,0
BRDA:87,3,0,0
BRDA:124,4,0,0
BRF:6
BRH:0
end_of_record
TN:
SF:src\entities\dm\index.ts
FN:1,(anonymous_0)
FN:2,(anonymous_1)
FN:3,(anonymous_2)
FN:4,(anonymous_3)
FNF:4
FNH:1
FNDA:0,(anonymous_0)
FNDA:0,(anonymous_1)
FNDA:1,(anonymous_2)
FNDA:0,(anonymous_3)
DA:1,1
DA:2,1
DA:3,2
DA:4,1
LF:4
LH:4
BRF:0
BRH:0
end_of_record
TN:
SF:src\entities\dm\queries.ts
FN:4,loadDms
FN:7,(anonymous_1)
FNF:2
FNH:0
FNDA:0,loadDms
FNDA:0,(anonymous_1)
DA:1,1
DA:2,1
DA:4,1
DA:5,0
DA:7,0
LF:5
LH:3
BRF:0
BRH:0
end_of_record
TN:
SF:src\entities\dm\api\dmsApi.ts
FN:6,getDms
FN:19,enterDm
FN:22,(anonymous_2)
FN:32,getNewDm
FN:35,(anonymous_4)
FNF:5
FNH:2
FNDA:0,getDms
FNDA:1,enterDm
FNDA:0,(anonymous_2)
FNDA:1,getNewDm
FNDA:0,(anonymous_4)
DA:2,1
DA:3,1
DA:4,1
DA:6,1
DA:7,0
DA:11,0
DA:16,0
DA:19,1
DA:20,1
DA:22,1
DA:23,0
DA:24,0
DA:32,1
DA:33,1
DA:35,1
DA:36,0
DA:37,0
DA:38,0
DA:42,0
LF:19
LH:10
BRDA:7,0,0,0
BRDA:7,0,1,0
BRF:2
BRH:0
end_of_record
TN:
SF:src\entities\message\index.ts
FN:2,(anonymous_0)
FN:3,(anonymous_1)
FN:4,(anonymous_2)
FN:5,(anonymous_3)
FN:6,(anonymous_4)
FNF:5
FNH:2
FNDA:1,(anonymous_0)
FNDA:0,(anonymous_1)
FNDA:0,(anonymous_2)
FNDA:0,(anonymous_3)
FNDA:1,(anonymous_4)
DA:1,1
DA:2,2
DA:3,1
DA:4,1
DA:5,1
DA:6,2
LF:6
LH:6
BRF:0
BRH:0
end_of_record
TN:
SF:src\entities\message\api\messagesApi.ts
FN:10,receiveMessageStatus
FN:14,(anonymous_1)
FN:24,sendActiveMessageStatus
FN:35,sendIdleMessageStatus
FN:46,sendMessage
FN:69,(anonymous_5)
FN:87,receiveMessage
FN:91,(anonymous_7)
FN:114,downloadFile
FNF:9
FNH:2
FNDA:1,receiveMessageStatus
FNDA:0,(anonymous_1)
FNDA:0,sendActiveMessageStatus
FNDA:0,sendIdleMessageStatus
FNDA:0,sendMessage
FNDA:0,(anonymous_5)
FNDA:1,receiveMessage
FNDA:0,(anonymous_7)
FNDA:0,downloadFile
DA:2,1
DA:3,1
DA:5,1
DA:6,1
DA:7,1
DA:8,1
DA:10,1
DA:11,1
DA:12,1
DA:14,1
DA:15,0
DA:16,0
DA:18,0
DA:19,0
DA:24,1
DA:25,0
DA:26,0
DA:28,0
DA:35,1
DA:36,0
DA:37,0
DA:39,0
DA:46,1
DA:51,0
DA:52,0
DA:55,0
DA:70,0
DA:79,0
DA:87,1
DA:88,1
DA:89,1
DA:91,1
DA:92,0
DA:93,0
DA:96,0
DA:97,0
DA:102,0
DA:103,0
DA:108,0
DA:109,0
DA:114,1
DA:115,0
DA:123,0
LF:43
LH:18
BRDA:15,0,0,0
BRDA:15,1,0,0
BRDA:15,1,1,0
BRDA:18,2,0,0
BRDA:18,3,0,0
BRDA:18,3,1,0
BRDA:55,4,0,0
BRDA:55,4,1,0
BRDA:92,5,0,0
BRDA:96,6,0,0
BRDA:102,7,0,0
BRDA:108,8,0,0
BRF:12
BRH:0
end_of_record
TN:
SF:src\entities\notification\index.ts
FN:1,(anonymous_0)
FNF:1
FNH:0
FNDA:0,(anonymous_0)
DA:1,3
LF:1
LH:1
BRF:0
BRH:0
end_of_record
TN:
SF:src\entities\notification\api\notificationsApi.ts
FN:5,clearNotification
FNF:1
FNH:0
FNDA:0,clearNotification
DA:5,3
DA:12,0
LF:2
LH:1
BRF:0
BRH:0
end_of_record
TN:
SF:src\entities\session\index.ts
FN:2,(anonymous_0)
FN:3,(anonymous_1)
FN:4,(anonymous_2)
FN:5,(anonymous_3)
FN:6,(anonymous_4)
FNF:5
FNH:3
FNDA:1,(anonymous_0)
FNDA:0,(anonymous_1)
FNDA:0,(anonymous_2)
FNDA:1,(anonymous_3)
FNDA:1,(anonymous_4)
DA:1,3
DA:2,4
DA:3,3
DA:4,3
DA:5,4
DA:6,4
LF:6
LH:6
BRF:0
BRH:0
end_of_record
TN:
SF:src\entities\session\api\sessionApi.ts
FN:6,loginApi
FN:22,signupApi
FN:45,logoutApi
FN:54,connectToRooms
FN:56,(anonymous_4)
FN:57,(anonymous_5)
FN:65,getConnectionStatuses
FN:68,(anonymous_7)
FNF:8
FNH:4
FNDA:1,loginApi
FNDA:0,signupApi
FNDA:0,logoutApi
FNDA:1,connectToRooms
FNDA:1,(anonymous_4)
FNDA:0,(anonymous_5)
FNDA:1,getConnectionStatuses
FNDA:0,(anonymous_7)
DA:2,3
DA:3,3
DA:4,3
DA:6,3
DA:7,1
DA:19,1
DA:22,3
DA:29,0
DA:30,0
DA:31,0
DA:32,0
DA:33,0
DA:34,0
DA:36,0
DA:42,0
DA:45,3
DA:46,0
DA:51,0
DA:54,3
DA:55,1
DA:56,1
DA:57,1
DA:59,1
DA:65,3
DA:66,1
DA:68,1
DA:69,0
DA:70,0
DA:72,0
DA:73,0
LF:30
LH:16
BRDA:69,0,0,0
BRDA:72,1,0,0
BRF:2
BRH:0
end_of_record
TN:
SF:src\features\channel\ApplyEnterChannel\ApplyEnterChannel.tsx
FN:12,ApplyEnterChannel
FN:16,applyEnterHandler
FNF:2
FNH:0
FNDA:0,ApplyEnterChannel
FNDA:0,applyEnterHandler
DA:1,1
DA:2,1
DA:3,1
DA:5,1
DA:6,1
DA:12,1
DA:13,0
DA:14,0
DA:17,0
DA:20,0
LF:10
LH:6
BRF:0
BRH:0
end_of_record
TN:
SF:src\features\channel\ApplyEnterChannel\index.ts
FN:1,(anonymous_0)
FNF:1
FNH:0
FNDA:0,(anonymous_0)
DA:1,1
LF:1
LH:1
BRF:0
BRH:0
end_of_record
TN:
SF:src\features\channel\ApproveApplyEnterChannel\ApproveApplyEnterChannel.tsx
FN:16,ApproveApplyEnterChannel
FN:24,approveApplyEnterHandler
FN:26,(anonymous_3)
FNF:3
FNH:0
FNDA:0,ApproveApplyEnterChannel
FNDA:0,approveApplyEnterHandler
FNDA:0,(anonymous_3)
DA:1,1
DA:2,1
DA:3,1
DA:6,1
DA:7,1
DA:8,1
DA:9,1
DA:16,1
DA:20,0
DA:21,0
DA:22,0
DA:25,0
DA:26,0
DA:27,0
DA:28,0
DA:36,0
LF:16
LH:8
BRF:0
BRH:0
end_of_record
TN:
SF:src\features\channel\ApproveApplyEnterChannel\index.ts
FN:1,(anonymous_0)
FNF:1
FNH:0
FNDA:0,(anonymous_0)
DA:1,1
LF:1
LH:1
BRF:0
BRH:0
end_of_record
TN:
SF:src\features\channel\CreateChannel\CreateChannel.tsx
FN:13,CreateChannel
FN:21,createHandler
FNF:2
FNH:0
FNDA:0,CreateChannel
FNDA:0,createHandler
DA:1,2
DA:2,2
DA:3,2
DA:13,2
DA:19,0
DA:22,0
DA:23,0
DA:26,0
LF:8
LH:4
BRF:0
BRH:0
end_of_record
TN:
SF:src\features\channel\CreateChannel\index.ts
FN:1,(anonymous_0)
FNF:1
FNH:0
FNDA:0,(anonymous_0)
DA:1,2
LF:1
LH:1
BRF:0
BRH:0
end_of_record
TN:
SF:src\features\channel\DeleteChannel\DeleteChannel.tsx
FN:8,DeleteChannel
FN:12,deleteHandler
FNF:2
FNH:0
FNDA:0,DeleteChannel
FNDA:0,deleteHandler
DA:1,1
DA:2,1
DA:3,1
DA:4,1
DA:5,1
DA:8,1
DA:9,0
DA:10,0
DA:13,0
DA:16,0
LF:10
LH:6
BRF:0
BRH:0
end_of_record
TN:
SF:src\features\channel\DeleteChannel\index.ts
FN:1,(anonymous_0)
FNF:1
FNH:0
FNDA:0,(anonymous_0)
DA:1,1
LF:1
LH:1
BRF:0
BRH:0
end_of_record
TN:
SF:src\features\channel\DenyApplyEnterChannel\DenyApplyEnterChannel.tsx
FN:16,DenyApplyEnterChannel
FN:24,denyApplyEnterHandler
FN:25,(anonymous_3)
FNF:3
FNH:0
FNDA:0,DenyApplyEnterChannel
FNDA:0,denyApplyEnterHandler
FNDA:0,(anonymous_3)
DA:1,1
DA:2,1
DA:3,1
DA:6,1
DA:7,1
DA:8,1
DA:9,1
DA:16,1
DA:20,0
DA:21,0
DA:22,0
DA:25,0
DA:26,0
DA:27,0
DA:28,0
DA:36,0
LF:16
LH:8
BRF:0
BRH:0
end_of_record
TN:
SF:src\features\channel\DenyApplyEnterChannel\index.ts
FN:1,(anonymous_0)
FNF:1
FNH:0
FNDA:0,(anonymous_0)
DA:1,1
LF:1
LH:1
BRF:0
BRH:0
end_of_record
TN:
SF:src\features\channel\EnterChannel\EnterChannel.tsx
FN:14,EnterChannel
FN:18,(anonymous_2)
FN:20,enterHandler
FNF:3
FNH:0
FNDA:0,EnterChannel
FNDA:0,(anonymous_2)
FNDA:0,enterHandler
DA:1,1
DA:2,1
DA:3,1
DA:4,1
DA:5,1
DA:6,1
DA:8,1
DA:14,1
DA:15,0
DA:16,0
DA:17,0
DA:18,0
DA:21,0
DA:22,0
DA:29,0
DA:30,0
DA:36,0
LF:17
LH:8
BRF:0
BRH:0
end_of_record
TN:
SF:src\features\channel\EnterChannel\index.ts
FN:1,(anonymous_0)
FNF:1
FNH:0
FNDA:0,(anonymous_0)
DA:1,1
LF:1
LH:1
BRF:0
BRH:0
end_of_record
TN:
SF:src\features\channel\LeaveChannel\LeaveChannel.tsx
FN:9,LeaveChannel
FN:16,leaveHandler
FNF:2
FNH:0
FNDA:0,LeaveChannel
FNDA:0,leaveHandler
DA:1,1
DA:2,1
DA:3,1
DA:4,1
DA:5,1
DA:6,1
DA:7,1
DA:9,1
DA:10,0
DA:11,0
DA:12,0
DA:13,0
DA:14,0
DA:17,0
DA:24,0
DA:25,0
DA:31,0
LF:17
LH:8
BRF:0
BRH:0
end_of_record
TN:
SF:src\features\channel\LeaveChannel\index.ts
FN:1,(anonymous_0)
FNF:1
FNH:0
FNDA:0,(anonymous_0)
DA:1,1
LF:1
LH:1
BRF:0
BRH:0
end_of_record
TN:
SF:src\features\channel\OpenChannel\OpenChannel.tsx
FN:11,OpenChannel
FN:13,(anonymous_2)
FN:15,openHandler
FNF:3
FNH:0
FNDA:0,OpenChannel
FNDA:0,(anonymous_2)
FNDA:0,openHandler
DA:1,1
DA:2,1
DA:3,1
DA:5,1
DA:11,1
DA:12,0
DA:13,0
DA:16,0
DA:17,0
DA:20,0
LF:10
LH:5
BRF:0
BRH:0
end_of_record
TN:
SF:src\features\channel\OpenChannel\index.ts
FN:1,(anonymous_0)
FNF:1
FNH:0
FNDA:0,(anonymous_0)
DA:1,1
LF:1
LH:1
BRF:0
BRH:0
end_of_record
TN:
SF:src\features\dm\EnterDm\EnterDm.tsx
FN:12,EnterDm
FN:15,(anonymous_2)
FN:17,enterHandler
FNF:3
FNH:0
FNDA:0,EnterDm
FNDA:0,(anonymous_2)
FNDA:0,enterHandler
DA:1,1
DA:2,1
DA:3,1
DA:4,1
DA:6,1
DA:12,1
DA:13,0
DA:14,0
DA:15,0
DA:18,0
DA:19,0
DA:20,0
DA:21,0
DA:33,0
DA:36,0
LF:15
LH:6
BRF:0
BRH:0
end_of_record
TN:
SF:src\features\dm\EnterDm\index.ts
FN:1,(anonymous_0)
FNF:1
FNH:0
FNDA:0,(anonymous_0)
DA:1,1
LF:1
LH:1
BRF:0
BRH:0
end_of_record
TN:
SF:src\features\dm\OpenDm\OpenDm.tsx
FN:12,OpenDm
FN:15,(anonymous_2)
FN:17,openHandler
FN:19,(anonymous_4)
FNF:4
FNH:0
FNDA:0,OpenDm
FNDA:0,(anonymous_2)
FNDA:0,openHandler
FNDA:0,(anonymous_4)
DA:1,1
DA:2,1
DA:3,1
DA:5,1
DA:6,1
DA:12,1
DA:13,0
DA:14,0
DA:15,0
DA:18,0
DA:20,0
DA:23,0
DA:24,0
DA:27,0
LF:14
LH:6
BRDA:20,0,0,0
BRDA:20,0,1,0
BRF:2
BRH:0
end_of_record
TN:
SF:src\features\dm\OpenDm\index.ts
FN:1,(anonymous_0)
FNF:1
FNH:0
FNDA:0,(anonymous_0)
DA:1,1
LF:1
LH:1
BRF:0
BRH:0
end_of_record
TN:
SF:src\features\message\CreateMessage\CreateMessage.tsx
FN:14,CreateMessage
FN:22,sendHandler
FNF:2
FNH:1
FNDA:1,CreateMessage
FNDA:0,sendHandler
DA:1,1
DA:2,1
DA:3,1
DA:5,1
DA:14,1
DA:20,1
DA:23,0
DA:24,0
DA:25,0
DA:28,1
LF:10
LH:7
BRF:0
BRH:0
end_of_record
TN:
SF:src\features\message\CreateMessage\index.ts
FN:1,(anonymous_0)
FNF:1
FNH:1
FNDA:1,(anonymous_0)
DA:1,2
LF:1
LH:1
BRF:0
BRH:0
end_of_record
TN:
SF:src\features\message\DownloadFile\DownloadFile.tsx
FN:14,DownloadFile
FN:27,(anonymous_2)
FN:46,(anonymous_3)
FNF:3
FNH:0
FNDA:0,DownloadFile
FNDA:0,(anonymous_2)
FNDA:0,(anonymous_3)
DA:1,1
DA:3,1
DA:4,1
DA:5,1
DA:6,1
DA:12,1
DA:14,1
DA:15,0
DA:16,0
DA:28,0
DA:29,0
DA:30,0
DA:31,0
DA:32,0
DA:34,0
DA:36,0
DA:38,0
DA:44,0
DA:47,0
DA:48,0
DA:49,0
DA:50,0
DA:51,0
DA:53,0
DA:55,0
DA:57,0
LF:26
LH:7
BRDA:15,0,0,0
BRF:1
BRH:0
end_of_record
TN:
SF:src\features\message\DownloadFile\index.ts
FN:1,(anonymous_0)
FNF:1
FNH:0
FNDA:0,(anonymous_0)
DA:1,1
LF:1
LH:1
BRF:0
BRH:0
end_of_record
TN:
SF:src\features\message\Search\Search.tsx
FN:6,Search
FN:8,handleChange
FNF:2
FNH:1
FNDA:1,Search
FNDA:0,handleChange
DA:1,1
DA:2,1
DA:4,1
DA:6,1
DA:7,1
DA:9,0
DA:10,0
DA:11,0
DA:12,0
DA:14,0
DA:17,1
LF:11
LH:6
BRDA:9,0,0,0
BRF:1
BRH:0
end_of_record
TN:
SF:src\features\message\Search\index.ts
FN:1,(anonymous_0)
FNF:1
FNH:1
FNDA:2,(anonymous_0)
DA:1,3
LF:1
LH:1
BRF:0
BRH:0
end_of_record
TN:
SF:src\features\session\Login\Login.tsx
FN:20,Login
FN:24,loginHandler
FN:34,(anonymous_3)
FNF:3
FNH:2
FNDA:4,Login
FNDA:1,loginHandler
FNDA:0,(anonymous_3)
DA:1,3
DA:2,3
DA:3,3
DA:4,3
DA:5,3
DA:6,3
DA:7,3
DA:13,3
DA:20,3
DA:21,4
DA:22,4
DA:25,1
DA:26,1
DA:27,1
DA:28,1
DA:29,1
DA:30,0
DA:34,1
DA:35,0
DA:36,0
DA:42,0
DA:43,0
DA:49,0
DA:50,0
DA:56,0
DA:57,0
DA:64,1
DA:68,4
LF:28
LH:19
BRDA:26,0,0,1
BRDA:29,1,0,0
BRDA:35,2,0,0
BRDA:42,3,0,0
BRDA:49,4,0,0
BRDA:56,5,0,0
BRF:6
BRH:1
end_of_record
TN:
SF:src\features\session\Login\index.ts
FN:1,(anonymous_0)
FNF:1
FNH:1
FNDA:4,(anonymous_0)
DA:1,7
LF:1
LH:1
BRF:0
BRH:0
end_of_record
TN:
SF:src\features\session\Logout\Logout.tsx
FN:10,Logout
FN:13,logoutHandler
FNF:2
FNH:1
FNDA:1,Logout
FNDA:0,logoutHandler
DA:1,1
DA:2,1
DA:3,1
DA:4,1
DA:5,1
DA:6,1
DA:7,1
DA:8,1
DA:10,1
DA:11,1
DA:14,0
DA:15,0
DA:16,0
DA:17,0
DA:18,0
DA:19,0
DA:22,1
LF:17
LH:11
BRF:0
BRH:0
end_of_record
TN:
SF:src\features\session\Logout\index.ts
FN:1,(anonymous_0)
FNF:1
FNH:1
FNDA:2,(anonymous_0)
DA:1,3
LF:1
LH:1
BRF:0
BRH:0
end_of_record
TN:
SF:src\features\session\Signup\Signup.tsx
FN:17,Signup
FN:21,signupHandler
FNF:2
FNH:1
FNDA:1,Signup
FNDA:0,signupHandler
DA:1,1
DA:2,1
DA:3,1
DA:4,1
DA:5,1
DA:6,1
DA:7,1
DA:17,1
DA:18,1
DA:19,1
DA:22,0
DA:23,0
DA:24,0
DA:25,0
DA:26,0
DA:27,0
DA:31,0
DA:35,1
LF:18
LH:11
BRDA:23,0,0,0
BRDA:26,1,0,0
BRF:2
BRH:0
end_of_record
TN:
SF:src\features\session\Signup\index.ts
FN:1,(anonymous_0)
FNF:1
FNH:1
FNDA:1,(anonymous_0)
DA:1,2
LF:1
LH:1
BRF:0
BRH:0
end_of_record
TN:
SF:src\pages\Chat\Chat.tsx
FN:27,Chat
FN:32,(anonymous_2)
FN:33,(anonymous_3)
FN:34,(anonymous_4)
FN:36,(anonymous_5)
FN:39,(anonymous_6)
FN:44,(anonymous_7)
FN:56,(anonymous_8)
FNF:8
FNH:8
FNDA:2,Chat
FNDA:2,(anonymous_2)
FNDA:2,(anonymous_3)
FNDA:2,(anonymous_4)
FNDA:1,(anonymous_5)
FNDA:1,(anonymous_6)
FNDA:1,(anonymous_7)
FNDA:1,(anonymous_8)
DA:1,1
DA:2,1
DA:3,1
DA:4,1
DA:5,1
DA:6,1
DA:7,1
DA:8,1
DA:9,1
DA:10,1
DA:11,1
DA:12,1
DA:13,1
DA:14,1
DA:20,1
DA:21,1
DA:22,1
DA:23,1
DA:24,1
DA:25,1
DA:27,1
DA:28,2
DA:29,2
DA:30,2
DA:31,2
DA:32,2
DA:33,2
DA:34,2
DA:36,2
DA:37,1
DA:39,1
DA:40,1
DA:44,2
DA:45,1
DA:46,1
DA:47,1
DA:48,1
DA:49,1
DA:50,1
DA:51,1
DA:52,1
DA:53,1
DA:54,1
DA:56,1
DA:57,1
DA:58,1
DA:59,1
DA:60,1
DA:61,1
DA:62,1
DA:63,1
DA:64,1
DA:65,1
DA:69,2
LF:54
LH:54
BRDA:79,0,0,2
BRDA:79,0,1,2
BRDA:80,1,0,2
BRDA:80,1,1,0
BRDA:81,2,0,2
BRDA:81,2,1,0
BRDA:82,3,0,2
BRDA:82,3,1,0
BRF:8
BRH:5
end_of_record
TN:
SF:src\pages\Chat\index.ts
FN:1,(anonymous_0)
FNF:1
FNH:1
FNDA:3,(anonymous_0)
DA:1,4
LF:1
LH:1
BRF:0
BRH:0
end_of_record
TN:
SF:src\pages\Login\Login.tsx
FN:6,Login
FNF:1
FNH:1
FNDA:3,Login
DA:1,2
DA:2,2
DA:3,2
DA:4,2
DA:6,2
DA:7,3
LF:6
LH:6
BRF:0
BRH:0
end_of_record
TN:
SF:src\pages\Login\index.ts
FN:1,(anonymous_0)
FNF:1
FNH:1
FNDA:3,(anonymous_0)
DA:1,4
LF:1
LH:1
BRF:0
BRH:0
end_of_record
TN:
SF:src\pages\Login\Check\Check.tsx
FN:7,Check
FNF:1
FNH:0
FNDA:0,Check
DA:7,1
DA:8,0
LF:2
LH:1
BRF:0
BRH:0
end_of_record
TN:
SF:src\pages\Signup\Signup.tsx
FN:6,Signup
FNF:1
FNH:1
FNDA:1,Signup
DA:1,1
DA:2,1
DA:3,1
DA:4,1
DA:6,1
DA:7,1
LF:6
LH:6
BRF:0
BRH:0
end_of_record
TN:
SF:src\pages\Signup\index.ts
FN:1,(anonymous_0)
FNF:1
FNH:1
FNDA:3,(anonymous_0)
DA:1,4
LF:1
LH:1
BRF:0
BRH:0
end_of_record
TN:
SF:src\shared\ui\AccdbSvg\AccdbSvg.tsx
FN:1,AccdbSvg
FNF:1
FNH:0
FNDA:0,AccdbSvg
DA:1,1
DA:2,0
LF:2
LH:1
BRF:0
BRH:0
end_of_record
TN:
SF:src\shared\ui\AccdbSvg\index.ts
FN:1,(anonymous_0)
FNF:1
FNH:0
FNDA:0,(anonymous_0)
DA:1,1
LF:1
LH:1
BRF:0
BRH:0
end_of_record
TN:
SF:src\shared\ui\BellSvg\BellSvg.tsx
FN:7,BellSvg
FN:10,(anonymous_1)
FN:10,(anonymous_2)
FNF:3
FNH:1
FNDA:1,BellSvg
FNDA:0,(anonymous_1)
FNDA:0,(anonymous_2)
DA:7,1
DA:8,1
DA:10,0
LF:3
LH:2
BRF:0
BRH:0
end_of_record
TN:
SF:src\shared\ui\BellSvg\index.ts
FN:1,(anonymous_0)
FNF:1
FNH:1
FNDA:1,(anonymous_0)
DA:1,2
LF:1
LH:1
BRF:0
BRH:0
end_of_record
TN:
SF:src\shared\ui\ChainSvg\ChainSvg.tsx
FN:1,ChainSvg
FNF:1
FNH:1
FNDA:1,ChainSvg
DA:1,1
DA:2,1
LF:2
LH:2
BRF:0
BRH:0
end_of_record
TN:
SF:src\shared\ui\ChainSvg\index.ts
FN:1,(anonymous_0)
FNF:1
FNH:1
FNDA:1,(anonymous_0)
DA:1,2
LF:1
LH:1
BRF:0
BRH:0
end_of_record
TN:
SF:src\shared\ui\ClipSvg\ClipSvg.tsx
FN:1,ClipSvg
FNF:1
FNH:1
FNDA:1,ClipSvg
DA:1,1
DA:2,1
LF:2
LH:2
BRF:0
BRH:0
end_of_record
TN:
SF:src\shared\ui\ClipSvg\index.ts
FN:1,(anonymous_0)
FNF:1
FNH:1
FNDA:1,(anonymous_0)
DA:1,2
LF:1
LH:1
BRF:0
BRH:0
end_of_record
TN:
SF:src\shared\ui\CrossSvg\CrossSvg.tsx
FN:1,CrossSvg
FNF:1
FNH:0
FNDA:0,CrossSvg
DA:1,2
DA:2,0
LF:2
LH:1
BRF:0
BRH:0
end_of_record
TN:
SF:src\shared\ui\CrossSvg\index.ts
FN:1,(anonymous_0)
FNF:1
FNH:0
FNDA:0,(anonymous_0)
DA:1,2
LF:1
LH:1
BRF:0
BRH:0
end_of_record
TN:
SF:src\shared\ui\CssSvg\CssSvg.tsx
FN:1,CssSvg
FNF:1
FNH:0
FNDA:0,CssSvg
DA:1,1
DA:2,0
LF:2
LH:1
BRF:0
BRH:0
end_of_record
TN:
SF:src\shared\ui\CssSvg\index.ts
FN:1,(anonymous_0)
FNF:1
FNH:0
FNDA:0,(anonymous_0)
DA:1,1
LF:1
LH:1
BRF:0
BRH:0
end_of_record
TN:
SF:src\shared\ui\DeleteSvg\DeleteSvg.tsx
FN:1,DeleteSvg
FNF:1
FNH:0
FNDA:0,DeleteSvg
DA:1,1
DA:2,0
LF:2
LH:1
BRF:0
BRH:0
end_of_record
TN:
SF:src\shared\ui\DeleteSvg\index.ts
FN:1,(anonymous_0)
FNF:1
FNH:0
FNDA:0,(anonymous_0)
DA:1,1
LF:1
LH:1
BRF:0
BRH:0
end_of_record
TN:
SF:src\shared\ui\DocxSvg\DocxSvg.tsx
FN:1,DocxSvg
FNF:1
FNH:0
FNDA:0,DocxSvg
DA:1,1
DA:2,0
LF:2
LH:1
BRF:0
BRH:0
end_of_record
TN:
SF:src\shared\ui\DocxSvg\index.ts
FN:1,(anonymous_0)
FNF:1
FNH:0
FNDA:0,(anonymous_0)
DA:1,1
LF:1
LH:1
BRF:0
BRH:0
end_of_record
TN:
SF:src\shared\ui\DownloadSvg\DownloadSvg.tsx
FN:1,DownloadSvg
FNF:1
FNH:0
FNDA:0,DownloadSvg
DA:1,1
DA:2,0
LF:2
LH:1
BRF:0
BRH:0
end_of_record
TN:
SF:src\shared\ui\DownloadSvg\index.ts
FN:1,(anonymous_0)
FNF:1
FNH:0
FNDA:0,(anonymous_0)
DA:1,1
LF:1
LH:1
BRF:0
BRH:0
end_of_record
TN:
SF:src\shared\ui\Ellipse1\Ellipse1.tsx
FN:3,Ellipse1
FNF:1
FNH:1
FNDA:3,Ellipse1
DA:1,2
DA:3,2
DA:4,3
LF:3
LH:3
BRF:0
BRH:0
end_of_record
TN:
SF:src\shared\ui\Ellipse1\index.ts
FN:1,(anonymous_0)
FNF:1
FNH:1
FNDA:3,(anonymous_0)
DA:1,5
LF:1
LH:1
BRF:0
BRH:0
end_of_record
TN:
SF:src\shared\ui\Ellipse2\Ellipse2.tsx
FN:3,Ellipse2
FNF:1
FNH:1
FNDA:2,Ellipse2
DA:1,1
DA:3,1
DA:4,2
LF:3
LH:3
BRF:0
BRH:0
end_of_record
TN:
SF:src\shared\ui\Ellipse2\index.ts
FN:1,(anonymous_0)
FNF:1
FNH:1
FNDA:3,(anonymous_0)
DA:1,4
LF:1
LH:1
BRF:0
BRH:0
end_of_record
TN:
SF:src\shared\ui\Ellipse3\Ellipse3.tsx
FN:3,Ellipse3
FNF:1
FNH:1
FNDA:1,Ellipse3
DA:1,1
DA:3,1
DA:4,1
LF:3
LH:3
BRF:0
BRH:0
end_of_record
TN:
SF:src\shared\ui\Ellipse3\index.ts
FN:1,(anonymous_0)
FNF:1
FNH:1
FNDA:2,(anonymous_0)
DA:1,3
LF:1
LH:1
BRF:0
BRH:0
end_of_record
TN:
SF:src\shared\ui\EraseSvg\EraseSvg.tsx
FN:3,EraseSvg
FNF:1
FNH:0
FNDA:0,EraseSvg
DA:1,1
DA:3,1
DA:4,0
LF:3
LH:2
BRF:0
BRH:0
end_of_record
TN:
SF:src\shared\ui\EraseSvg\index.ts
FN:1,(anonymous_0)
FNF:1
FNH:0
FNDA:0,(anonymous_0)
DA:1,1
LF:1
LH:1
BRF:0
BRH:0
end_of_record
TN:
SF:src\shared\ui\ExitSvg\ExitSvg.tsx
FN:3,ExitSvg
FNF:1
FNH:1
FNDA:1,ExitSvg
DA:1,1
DA:3,1
DA:4,1
LF:3
LH:3
BRF:0
BRH:0
end_of_record
TN:
SF:src\shared\ui\ExitSvg\index.ts
FN:1,(anonymous_0)
FNF:1
FNH:1
FNDA:2,(anonymous_0)
DA:1,3
LF:1
LH:1
BRF:0
BRH:0
end_of_record
TN:
SF:src\shared\ui\FileIcon\FileIcon.tsx
FN:27,FileIcon
FNF:1
FNH:0
FNDA:0,FileIcon
DA:1,1
DA:2,1
DA:3,1
DA:4,1
DA:5,1
DA:6,1
DA:7,1
DA:8,1
DA:9,1
DA:10,1
DA:11,1
DA:12,1
DA:13,1
DA:14,1
DA:15,1
DA:16,1
DA:17,1
DA:18,1
DA:19,1
DA:20,1
DA:21,1
DA:27,1
DA:28,0
DA:30,0
DA:32,0
DA:34,0
DA:36,0
DA:38,0
DA:40,0
DA:42,0
DA:44,0
DA:46,0
DA:48,0
DA:50,0
DA:52,0
DA:54,0
DA:56,0
DA:58,0
DA:60,0
DA:62,0
DA:64,0
DA:66,0
DA:68,0
DA:70,0
DA:72,0
DA:74,0
LF:46
LH:22
BRDA:28,0,0,0
BRDA:28,0,1,0
BRDA:28,0,2,0
BRDA:28,0,3,0
BRDA:28,0,4,0
BRDA:28,0,5,0
BRDA:28,0,6,0
BRDA:28,0,7,0
BRDA:28,0,8,0
BRDA:28,0,9,0
BRDA:28,0,10,0
BRDA:28,0,11,0
BRDA:28,0,12,0
BRDA:28,0,13,0
BRDA:28,0,14,0
BRDA:28,0,15,0
BRDA:28,0,16,0
BRDA:28,0,17,0
BRDA:28,0,18,0
BRDA:28,0,19,0
BRDA:28,0,20,0
BRDA:28,0,21,0
BRDA:28,0,22,0
BRF:23
BRH:0
end_of_record
TN:
SF:src\shared\ui\FileIcon\index.ts
FN:1,(anonymous_0)
FNF:1
FNH:0
FNDA:0,(anonymous_0)
DA:1,1
LF:1
LH:1
BRF:0
BRH:0
end_of_record
TN:
SF:src\shared\ui\FileSvg\FileSvg.tsx
FN:1,FileSvg
FNF:1
FNH:0
FNDA:0,FileSvg
DA:1,1
DA:2,0
LF:2
LH:1
BRF:0
BRH:0
end_of_record
TN:
SF:src\shared\ui\FileSvg\index.ts
FN:1,(anonymous_0)
FNF:1
FNH:0
FNDA:0,(anonymous_0)
DA:1,1
LF:1
LH:1
BRF:0
BRH:0
end_of_record
TN:
SF:src\shared\ui\JpgSvg\JpgSvg.tsx
FN:1,JpgSvg
FNF:1
FNH:0
FNDA:0,JpgSvg
DA:1,1
DA:2,0
LF:2
LH:1
BRF:0
BRH:0
end_of_record
TN:
SF:src\shared\ui\JpgSvg\index.ts
FN:1,(anonymous_0)
FNF:1
FNH:0
FNDA:0,(anonymous_0)
DA:1,1
LF:1
LH:1
BRF:0
BRH:0
end_of_record
TN:
SF:src\shared\ui\JsSvg\JsSvg.tsx
FN:1,JsSvg
FNF:1
FNH:0
FNDA:0,JsSvg
DA:1,1
DA:2,0
LF:2
LH:1
BRF:0
BRH:0
end_of_record
TN:
SF:src\shared\ui\JsSvg\index.ts
FN:1,(anonymous_0)
FNF:1
FNH:0
FNDA:0,(anonymous_0)
DA:1,1
LF:1
LH:1
BRF:0
BRH:0
end_of_record
TN:
SF:src\shared\ui\JsonSvg\JsonSvg.tsx
FN:1,JsonSvg
FNF:1
FNH:0
FNDA:0,JsonSvg
DA:1,1
DA:2,0
LF:2
LH:1
BRF:0
BRH:0
end_of_record
TN:
SF:src\shared\ui\JsonSvg\index.ts
FN:1,(anonymous_0)
FNF:1
FNH:0
FNDA:0,(anonymous_0)
DA:1,1
LF:1
LH:1
BRF:0
BRH:0
end_of_record
TN:
SF:src\shared\ui\LightingSvg\LightingSvg.tsx
FN:1,LightingSvg
FNF:1
FNH:1
FNDA:1,LightingSvg
DA:1,1
DA:2,1
LF:2
LH:2
BRF:0
BRH:0
end_of_record
TN:
SF:src\shared\ui\LightingSvg\index.ts
FN:1,(anonymous_0)
FNF:1
FNH:1
FNDA:1,(anonymous_0)
DA:1,2
LF:1
LH:1
BRF:0
BRH:0
end_of_record
TN:
SF:src\shared\ui\MessageSvg\MessageSvg.tsx
FN:1,MessageSvg
FNF:1
FNH:1
FNDA:2,MessageSvg
DA:1,2
DA:2,2
LF:2
LH:2
BRF:0
BRH:0
end_of_record
TN:
SF:src\shared\ui\MessageSvg\index.ts
FN:1,(anonymous_0)
FNF:1
FNH:1
FNDA:2,(anonymous_0)
DA:1,4
LF:1
LH:1
BRF:0
BRH:0
end_of_record
TN:
SF:src\shared\ui\Mp3Svg\Mp3Svg.tsx
FN:1,Mp3Svg
FNF:1
FNH:0
FNDA:0,Mp3Svg
DA:1,1
DA:2,0
LF:2
LH:1
BRF:0
BRH:0
end_of_record
TN:
SF:src\shared\ui\Mp3Svg\index.ts
FN:1,(anonymous_0)
FNF:1
FNH:0
FNDA:0,(anonymous_0)
DA:1,1
LF:1
LH:1
BRF:0
BRH:0
end_of_record
TN:
SF:src\shared\ui\MpgSvg\MpgSvg.tsx
FN:1,MpgSvg
FNF:1
FNH:0
FNDA:0,MpgSvg
DA:1,1
DA:2,0
LF:2
LH:1
BRF:0
BRH:0
end_of_record
TN:
SF:src\shared\ui\MpgSvg\index.ts
FN:1,(anonymous_0)
FNF:1
FNH:0
FNDA:0,(anonymous_0)
DA:1,1
LF:1
LH:1
BRF:0
BRH:0
end_of_record
TN:
SF:src\shared\ui\NewUserSvg\NewUserSvg.tsx
FN:1,NewUserSvg
FNF:1
FNH:1
FNDA:2,NewUserSvg
DA:1,1
DA:2,2
LF:2
LH:2
BRF:0
BRH:0
end_of_record
TN:
SF:src\shared\ui\NewUserSvg\index.ts
FN:1,(anonymous_0)
FNF:1
FNH:1
FNDA:3,(anonymous_0)
DA:1,4
LF:1
LH:1
BRF:0
BRH:0
end_of_record
TN:
SF:src\shared\ui\PdfSvg\PdfSvg.tsx
FN:1,PdfSvg
FNF:1
FNH:0
FNDA:0,PdfSvg
DA:1,1
DA:2,0
LF:2
LH:1
BRF:0
BRH:0
end_of_record
TN:
SF:src\shared\ui\PdfSvg\index.ts
FN:1,(anonymous_0)
FNF:1
FNH:0
FNDA:0,(anonymous_0)
DA:1,1
LF:1
LH:1
BRF:0
BRH:0
end_of_record
TN:
SF:src\shared\ui\PhoneSvg\PhoneSvg.tsx
FN:1,PhoneSvg
FNF:1
FNH:0
FNDA:0,PhoneSvg
DA:1,1
DA:2,0
LF:2
LH:1
BRF:0
BRH:0
end_of_record
TN:
SF:src\shared\ui\PhoneSvg\index.ts
FN:1,(anonymous_0)
FNF:1
FNH:0
FNDA:0,(anonymous_0)
DA:1,1
LF:1
LH:1
BRF:0
BRH:0
end_of_record
TN:
SF:src\shared\ui\PlusSvg\PlusSvg.tsx
FN:1,PlusSvg
FNF:1
FNH:1
FNDA:2,PlusSvg
DA:1,2
DA:2,2
LF:2
LH:2
BRF:0
BRH:0
end_of_record
TN:
SF:src\shared\ui\PlusSvg\index.ts
FN:1,(anonymous_0)
FNF:1
FNH:1
FNDA:2,(anonymous_0)
DA:1,4
LF:1
LH:1
BRF:0
BRH:0
end_of_record
TN:
SF:src\shared\ui\PngSvg\PngSvg.tsx
FN:1,PngSvg
FNF:1
FNH:0
FNDA:0,PngSvg
DA:1,1
DA:2,0
LF:2
LH:1
BRF:0
BRH:0
end_of_record
TN:
SF:src\shared\ui\PngSvg\index.ts
FN:1,(anonymous_0)
FNF:1
FNH:0
FNDA:0,(anonymous_0)
DA:1,1
LF:1
LH:1
BRF:0
BRH:0
end_of_record
TN:
SF:src\shared\ui\PptxSvg\PptxSvg.tsx
FN:1,PptxSvg
FNF:1
FNH:0
FNDA:0,PptxSvg
DA:1,1
DA:2,0
LF:2
LH:1
BRF:0
BRH:0
end_of_record
TN:
SF:src\shared\ui\PptxSvg\index.ts
FN:1,(anonymous_0)
FNF:1
FNH:0
FNDA:0,(anonymous_0)
DA:1,1
LF:1
LH:1
BRF:0
BRH:0
end_of_record
TN:
SF:src\shared\ui\ReactSvg\ReactSvg.tsx
FN:1,ReactSvg
FNF:1
FNH:0
FNDA:0,ReactSvg
DA:1,1
DA:2,0
LF:2
LH:1
BRF:0
BRH:0
end_of_record
TN:
SF:src\shared\ui\ReactSvg\index.ts
FN:1,(anonymous_0)
FNF:1
FNH:0
FNDA:0,(anonymous_0)
DA:1,1
LF:1
LH:1
BRF:0
BRH:0
end_of_record
TN:
SF:src\shared\ui\SassSvg\SassSvg.tsx
FN:1,SassSvg
FNF:1
FNH:0
FNDA:0,SassSvg
DA:1,1
DA:2,0
LF:2
LH:1
BRF:0
BRH:0
end_of_record
TN:
SF:src\shared\ui\SassSvg\index.ts
FN:1,(anonymous_0)
FNF:1
FNH:0
FNDA:0,(anonymous_0)
DA:1,1
LF:1
LH:1
BRF:0
BRH:0
end_of_record
TN:
SF:src\shared\ui\SearchGlassSvg\SearchGlassSvg.tsx
FN:1,SearchGlassSvg
FNF:1
FNH:1
FNDA:1,SearchGlassSvg
DA:1,1
DA:2,1
LF:2
LH:2
BRF:0
BRH:0
end_of_record
TN:
SF:src\shared\ui\SearchGlassSvg\index.ts
FN:1,(anonymous_0)
FNF:1
FNH:1
FNDA:1,(anonymous_0)
DA:1,2
LF:1
LH:1
BRF:0
BRH:0
end_of_record
TN:
SF:src\shared\ui\SearchSvg\SearchSvg.tsx
FN:1,SearchSvg
FNF:1
FNH:0
FNDA:0,SearchSvg
DA:1,1
DA:2,0
LF:2
LH:1
BRF:0
BRH:0
end_of_record
TN:
SF:src\shared\ui\SearchSvg\index.ts
FN:1,(anonymous_0)
FNF:1
FNH:0
FNDA:0,(anonymous_0)
DA:1,1
LF:1
LH:1
BRF:0
BRH:0
end_of_record
TN:
SF:src\shared\ui\SendSvg\SendSvg.tsx
FN:1,SendSvg
FNF:1
FNH:1
FNDA:1,SendSvg
DA:1,1
DA:2,1
LF:2
LH:2
BRF:0
BRH:0
end_of_record
TN:
SF:src\shared\ui\SendSvg\index.ts
FN:1,(anonymous_0)
FNF:1
FNH:1
FNDA:1,(anonymous_0)
DA:1,2
LF:1
LH:1
BRF:0
BRH:0
end_of_record
TN:
SF:src\shared\ui\SmileSvg\SmileSvg.tsx
FN:1,SmileSvg
FNF:1
FNH:1
FNDA:1,SmileSvg
DA:1,1
DA:2,1
LF:2
LH:2
BRF:0
BRH:0
end_of_record
TN:
SF:src\shared\ui\SmileSvg\index.ts
FN:1,(anonymous_0)
FNF:1
FNH:1
FNDA:1,(anonymous_0)
DA:1,2
LF:1
LH:1
BRF:0
BRH:0
end_of_record
TN:
SF:src\shared\ui\SqlSvg\SqlSvg.tsx
FN:1,SqlSvg
FNF:1
FNH:0
FNDA:0,SqlSvg
DA:1,1
DA:2,0
LF:2
LH:1
BRF:0
BRH:0
end_of_record
TN:
SF:src\shared\ui\SqlSvg\index.ts
FN:1,(anonymous_0)
FNF:1
FNH:0
FNDA:0,(anonymous_0)
DA:1,1
LF:1
LH:1
BRF:0
BRH:0
end_of_record
TN:
SF:src\shared\ui\StarSvg\StarSvg.tsx
FN:1,StarSvg
FNF:1
FNH:0
FNDA:0,StarSvg
DA:1,1
DA:2,0
LF:2
LH:1
BRF:0
BRH:0
end_of_record
TN:
SF:src\shared\ui\StarSvg\index.ts
FN:1,(anonymous_0)
FNF:1
FNH:0
FNDA:0,(anonymous_0)
DA:1,1
LF:1
LH:1
BRF:0
BRH:0
end_of_record
TN:
SF:src\shared\ui\SvgSvg\SvgSvg.tsx
FN:1,SvgSvg
FNF:1
FNH:0
FNDA:0,SvgSvg
DA:1,1
DA:2,0
LF:2
LH:1
BRF:0
BRH:0
end_of_record
TN:
SF:src\shared\ui\SvgSvg\index.ts
FN:1,(anonymous_0)
FNF:1
FNH:0
FNDA:0,(anonymous_0)
DA:1,1
LF:1
LH:1
BRF:0
BRH:0
end_of_record
TN:
SF:src\shared\ui\TagSvg\TagSvg.tsx
FN:1,TagSvg
FNF:1
FNH:1
FNDA:1,TagSvg
DA:1,1
DA:2,1
LF:2
LH:2
BRF:0
BRH:0
end_of_record
TN:
SF:src\shared\ui\TagSvg\index.ts
FN:1,(anonymous_0)
FNF:1
FNH:1
FNDA:1,(anonymous_0)
DA:1,2
LF:1
LH:1
BRF:0
BRH:0
end_of_record
TN:
SF:src\shared\ui\ThreeDotsSvg\ThreeDotsSvg.tsx
FN:1,ThreeDotsSvg
FNF:1
FNH:0
FNDA:0,ThreeDotsSvg
DA:1,1
DA:2,0
LF:2
LH:1
BRF:0
BRH:0
end_of_record
TN:
SF:src\shared\ui\ThreeDotsSvg\index.ts
FN:1,(anonymous_0)
FNF:1
FNH:0
FNDA:0,(anonymous_0)
DA:1,1
LF:1
LH:1
BRF:0
BRH:0
end_of_record
TN:
SF:src\shared\ui\Toggler\Toggler.tsx
FN:4,Toggler
FN:9,(anonymous_2)
FN:10,(anonymous_3)
FNF:3
FNH:1
FNDA:1,Toggler
FNDA:0,(anonymous_2)
FNDA:0,(anonymous_3)
DA:1,1
DA:2,1
DA:4,1
DA:5,1
DA:7,1
DA:10,0
LF:6
LH:5
BRDA:10,0,0,0
BRDA:10,0,1,0
BRF:2
BRH:0
end_of_record
TN:
SF:src\shared\ui\Toggler\index.ts
FN:1,(anonymous_0)
FNF:1
FNH:1
FNDA:2,(anonymous_0)
DA:1,3
LF:1
LH:1
BRF:0
BRH:0
end_of_record
TN:
SF:src\shared\ui\TriangleSvg\TriangleSvg.tsx
FN:1,TriangleSvg
FNF:1
FNH:0
FNDA:0,TriangleSvg
DA:1,1
DA:2,0
LF:2
LH:1
BRF:0
BRH:0
end_of_record
TN:
SF:src\shared\ui\TriangleSvg\index.ts
FN:1,(anonymous_0)
FNF:1
FNH:0
FNDA:0,(anonymous_0)
DA:1,1
LF:1
LH:1
BRF:0
BRH:0
end_of_record
TN:
SF:src\shared\ui\TsSvg\TsSvg.tsx
FN:1,TsSvg
FNF:1
FNH:0
FNDA:0,TsSvg
DA:1,1
DA:2,0
LF:2
LH:1
BRF:0
BRH:0
end_of_record
TN:
SF:src\shared\ui\TsSvg\index.ts
FN:1,(anonymous_0)
FNF:1
FNH:0
FNDA:0,(anonymous_0)
DA:1,1
LF:1
LH:1
BRF:0
BRH:0
end_of_record
TN:
SF:src\shared\ui\TxtSvg\TxtSvg.tsx
FN:1,TxtSvg
FNF:1
FNH:0
FNDA:0,TxtSvg
DA:1,1
DA:2,0
LF:2
LH:1
BRF:0
BRH:0
end_of_record
TN:
SF:src\shared\ui\TxtSvg\index.ts
FN:1,(anonymous_0)
FNF:1
FNH:0
FNDA:0,(anonymous_0)
DA:1,1
LF:1
LH:1
BRF:0
BRH:0
end_of_record
TN:
SF:src\shared\ui\VueSvg\VueSvg.tsx
FN:1,VueSvg
FNF:1
FNH:0
FNDA:0,VueSvg
DA:1,1
DA:2,0
LF:2
LH:1
BRF:0
BRH:0
end_of_record
TN:
SF:src\shared\ui\VueSvg\index.ts
FN:1,(anonymous_0)
FNF:1
FNH:0
FNDA:0,(anonymous_0)
DA:1,1
LF:1
LH:1
BRF:0
BRH:0
end_of_record
TN:
SF:src\shared\ui\XlsxSvg\XlsxSvg.tsx
FN:1,XlsxSvg
FNF:1
FNH:0
FNDA:0,XlsxSvg
DA:1,1
DA:2,0
LF:2
LH:1
BRF:0
BRH:0
end_of_record
TN:
SF:src\shared\ui\XlsxSvg\index.ts
FN:1,(anonymous_0)
FNF:1
FNH:0
FNDA:0,(anonymous_0)
DA:1,1
LF:1
LH:1
BRF:0
BRH:0
end_of_record
TN:
SF:src\shared\ui\ZipSvg\ZipSvg.tsx
FN:1,ZipSvg
FNF:1
FNH:0
FNDA:0,ZipSvg
DA:1,1
DA:2,0
LF:2
LH:1
BRF:0
BRH:0
end_of_record
TN:
SF:src\shared\ui\ZipSvg\index.ts
FN:1,(anonymous_0)
FNF:1
FNH:0
FNDA:0,(anonymous_0)
DA:1,1
LF:1
LH:1
BRF:0
BRH:0
end_of_record
TN:
SF:src\shared\utils\b64toBlob.ts
FN:1,b64toBlob
FNF:1
FNH:0
FNDA:0,b64toBlob
DA:1,1
DA:2,0
DA:3,0
DA:5,0
DA:6,0
DA:8,0
DA:9,0
DA:10,0
DA:13,0
DA:14,0
DA:17,0
DA:18,0
LF:12
LH:1
BRDA:1,0,0,0
BRDA:1,1,0,0
BRF:2
BRH:0
end_of_record
TN:
SF:src\shared\utils\hooks.ts
FNF:0
FNH:0
DA:2,5
DA:6,5
DA:7,5
LF:3
LH:3
BRF:0
BRH:0
end_of_record
TN:
SF:src\shared\utils\renderWithReduxAndRouter.tsx
FN:15,renderWithProvidersReduxAndRouter
FN:33,Wrapper
FNF:2
FNH:2
FNDA:6,renderWithProvidersReduxAndRouter
FNDA:6,Wrapper
DA:2,5
DA:3,5
DA:4,5
DA:5,5
DA:6,5
DA:7,5
DA:8,5
DA:9,5
DA:10,5
DA:11,5
DA:12,5
DA:13,5
DA:15,5
DA:34,6
DA:41,6
LF:15
LH:15
BRDA:17,0,0,6
BRDA:18,1,0,6
BRF:2
BRH:2
end_of_record
TN:
SF:src\widgets\ChatBlock\ChatBlock.tsx
FN:5,ChatBlock
FNF:1
FNH:1
FNDA:1,ChatBlock
DA:1,1
DA:2,1
DA:3,1
DA:5,1
DA:6,1
LF:5
LH:5
BRF:0
BRH:0
end_of_record
TN:
SF:src\widgets\ChatBlock\index.ts
FN:1,(anonymous_0)
FNF:1
FNH:1
FNDA:2,(anonymous_0)
DA:1,3
LF:1
LH:1
BRF:0
BRH:0
end_of_record
TN:
SF:src\widgets\ChatBlock\ui\ChatsMessagesBlock\ChatsMessagesBlock.tsx
FN:13,ChatsMessagesBlock
FN:38,(anonymous_2)
FN:81,(anonymous_3)
FNF:3
FNH:1
FNDA:1,ChatsMessagesBlock
FNDA:0,(anonymous_2)
FNDA:0,(anonymous_3)
DA:1,1
DA:2,1
DA:4,1
DA:5,1
DA:6,1
DA:7,1
DA:8,1
DA:9,1
DA:10,1
DA:11,1
DA:13,1
DA:14,1
DA:15,1
DA:16,1
DA:17,1
DA:26,1
DA:27,0
DA:30,1
DA:39,0
DA:40,0
DA:48,0
DA:82,0
LF:22
LH:17
BRDA:26,0,0,0
BRDA:39,1,0,0
BRDA:52,2,0,0
BRDA:52,2,1,0
BRDA:57,3,0,0
BRDA:57,3,1,0
BRDA:60,4,0,0
BRDA:60,4,1,0
BRDA:79,5,0,0
BRDA:79,5,1,0
BRF:10
BRH:0
end_of_record
TN:
SF:src\widgets\ChatBlock\ui\ChatsMessagesBlock\index.ts
FN:1,(anonymous_0)
FNF:1
FNH:1
FNDA:1,(anonymous_0)
DA:1,2
LF:1
LH:1
BRF:0
BRH:0
end_of_record
TN:
SF:src\widgets\ChatBlock\ui\ChatsMessagesBlock\ui\ChatHeader\ChatHeader.tsx
FN:19,ChatHeader
FN:25,(anonymous_2)
FN:35,(anonymous_3)
FN:56,(anonymous_4)
FN:56,(anonymous_5)
FN:62,(anonymous_6)
FN:62,(anonymous_7)
FN:67,(anonymous_8)
FN:67,(anonymous_9)
FN:97,(anonymous_10)
FN:97,(anonymous_11)
FNF:11
FNH:2
FNDA:2,ChatHeader
FNDA:2,(anonymous_2)
FNDA:0,(anonymous_3)
FNDA:0,(anonymous_4)
FNDA:0,(anonymous_5)
FNDA:0,(anonymous_6)
FNDA:0,(anonymous_7)
FNDA:0,(anonymous_8)
FNDA:0,(anonymous_9)
FNDA:0,(anonymous_10)
FNDA:0,(anonymous_11)
DA:1,1
DA:2,1
DA:3,1
DA:4,1
DA:5,1
DA:6,1
DA:9,1
DA:10,1
DA:11,1
DA:12,1
DA:13,1
DA:14,1
DA:15,1
DA:16,1
DA:17,1
DA:19,1
DA:20,2
DA:21,2
DA:22,2
DA:23,2
DA:24,2
DA:25,2
DA:27,2
DA:36,0
DA:37,0
DA:56,0
DA:62,0
DA:67,0
DA:97,0
LF:29
LH:23
BRDA:29,0,0,2
BRDA:29,0,1,0
BRDA:36,1,0,0
BRDA:61,2,0,2
BRDA:61,2,1,2
BRDA:66,3,0,2
BRDA:66,3,1,0
BRDA:77,4,0,0
BRDA:77,4,1,0
BRDA:81,5,0,0
BRDA:81,5,1,0
BRDA:82,6,0,0
BRDA:82,6,1,0
BRDA:86,7,0,0
BRDA:86,7,1,0
BRDA:87,8,0,0
BRDA:87,8,1,0
BRDA:107,9,0,2
BRDA:107,9,1,0
BRDA:109,10,0,2
BRDA:109,10,1,0
BRF:21
BRH:6
end_of_record
TN:
SF:src\widgets\ChatBlock\ui\ChatsMessagesBlock\ui\ChatHeader\index.ts
FN:1,(anonymous_0)
FNF:1
FNH:1
FNDA:1,(anonymous_0)
DA:1,2
LF:1
LH:1
BRF:0
BRH:0
end_of_record
TN:
SF:src\widgets\ChatBlock\ui\ChatsMessagesBlock\ui\SpecialMessage\SpecialMessage.tsx
FN:11,SpecialMessage
FNF:1
FNH:0
FNDA:0,SpecialMessage
DA:1,1
DA:2,1
DA:3,1
DA:11,1
DA:12,0
DA:14,0
DA:15,0
DA:25,0
DA:26,0
DA:36,0
DA:37,0
DA:47,0
DA:48,0
DA:58,0
DA:59,0
DA:69,0
DA:70,0
DA:80,0
LF:18
LH:4
BRDA:14,0,0,0
BRDA:14,1,0,0
BRDA:14,1,1,0
BRDA:25,2,0,0
BRDA:25,3,0,0
BRDA:25,3,1,0
BRDA:36,4,0,0
BRDA:36,5,0,0
BRDA:36,5,1,0
BRDA:47,6,0,0
BRDA:47,7,0,0
BRDA:47,7,1,0
BRDA:58,8,0,0
BRDA:69,9,0,0
BRF:14
BRH:0
end_of_record
TN:
SF:src\widgets\ChatBlock\ui\ChatsMessagesBlock\ui\SpecialMessage\index.ts
FN:1,(anonymous_0)
FNF:1
FNH:0
FNDA:0,(anonymous_0)
DA:1,1
LF:1
LH:1
BRF:0
BRH:0
end_of_record
TN:
SF:src\widgets\ChatBlock\ui\ChatsMessagesBlock\ui\TypingInfo\TypingInfo.tsx
FN:5,TypingInfo
FNF:1
FNH:1
FNDA:1,TypingInfo
DA:1,1
DA:2,1
DA:3,1
DA:5,1
DA:6,1
DA:8,1
LF:6
LH:6
BRDA:10,0,0,1
BRDA:10,0,1,1
BRDA:11,1,0,1
BRDA:11,1,1,0
BRDA:16,2,0,1
BRDA:16,2,1,0
BRDA:21,3,0,1
BRDA:21,3,1,0
BRF:8
BRH:5
end_of_record
TN:
SF:src\widgets\ChatBlock\ui\ChatsMessagesBlock\ui\TypingInfo\index.ts
FN:1,(anonymous_0)
FNF:1
FNH:1
FNDA:1,(anonymous_0)
DA:1,2
LF:1
LH:1
BRF:0
BRH:0
end_of_record
TN:
SF:src\widgets\ChatBlock\ui\CreateMessageForm\CreateMessageForm.tsx
FN:15,CreateMessageForm
FN:25,(anonymous_2)
FN:27,(anonymous_3)
FN:28,(anonymous_4)
FN:33,(anonymous_5)
FN:45,(anonymous_6)
FN:46,(anonymous_7)
FN:48,(anonymous_8)
FN:74,(anonymous_9)
FN:76,(anonymous_10)
FNF:10
FNH:1
FNDA:1,CreateMessageForm
FNDA:0,(anonymous_2)
FNDA:0,(anonymous_3)
FNDA:0,(anonymous_4)
FNDA:0,(anonymous_5)
FNDA:0,(anonymous_6)
FNDA:0,(anonymous_7)
FNDA:0,(anonymous_8)
FNDA:0,(anonymous_9)
FNDA:0,(anonymous_10)
DA:1,1
DA:2,1
DA:3,1
DA:4,1
DA:5,1
DA:6,1
DA:7,1
DA:8,1
DA:9,1
DA:10,1
DA:11,1
DA:12,1
DA:13,1
DA:15,1
DA:16,1
DA:17,1
DA:18,1
DA:20,1
DA:25,0
DA:27,0
DA:28,0
DA:34,0
DA:46,0
DA:47,0
DA:48,0
DA:50,0
DA:75,0
DA:76,0
DA:77,0
DA:78,0
DA:80,0
LF:31
LH:18
BRDA:50,0,0,0
BRDA:50,0,1,0
BRDA:77,1,0,0
BRF:3
BRH:0
end_of_record
TN:
SF:src\widgets\ChatBlock\ui\CreateMessageForm\index.ts
FN:1,(anonymous_0)
FNF:1
FNH:1
FNDA:1,(anonymous_0)
DA:1,2
LF:1
LH:1
BRF:0
BRH:0
end_of_record
TN:
SF:src\widgets\ChatInfo\ChatInfo.tsx
FN:13,ChatInfo
FNF:1
FNH:0
FNDA:0,ChatInfo
DA:1,1
DA:2,1
DA:3,1
DA:4,1
DA:5,1
DA:6,1
DA:9,1
DA:10,1
DA:11,1
DA:13,1
DA:14,0
DA:15,0
DA:17,0
DA:19,0
DA:20,0
DA:23,0
DA:24,0
DA:30,0
LF:18
LH:10
BRDA:19,0,0,0
BRDA:23,1,0,0
BRDA:25,2,0,0
BRDA:25,2,1,0
BRF:4
BRH:0
end_of_record
TN:
SF:src\widgets\ChatInfo\index.ts
FN:1,(anonymous_0)
FNF:1
FNH:0
FNDA:0,(anonymous_0)
DA:1,1
LF:1
LH:1
BRF:0
BRH:0
end_of_record
TN:
SF:src\widgets\ChatsNavigation\ChatsNavigation.tsx
FN:10,ChatsNavigation
FN:32,(anonymous_2)
FNF:2
FNH:1
FNDA:2,ChatsNavigation
FNDA:0,(anonymous_2)
DA:1,2
DA:2,2
DA:3,2
DA:4,2
DA:5,2
DA:6,2
DA:7,2
DA:8,2
DA:10,2
DA:11,2
DA:13,2
DA:32,0
LF:12
LH:11
BRDA:38,0,0,2
BRDA:38,0,1,0
BRF:2
BRH:1
end_of_record
TN:
SF:src\widgets\ChatsNavigation\index.ts
FN:1,(anonymous_0)
FNF:1
FNH:1
FNDA:2,(anonymous_0)
DA:1,3
LF:1
LH:1
BRF:0
BRH:0
end_of_record
TN:
SF:src\widgets\ChatsNavigation\ui\ChannelsAccordion\ChannelsAccordion.tsx
FN:12,ChannelsAccordion
FN:26,(anonymous_2)
FN:29,(anonymous_3)
FN:31,(anonymous_4)
FN:43,(anonymous_5)
FN:45,(anonymous_6)
FN:54,(anonymous_7)
FNF:7
FNH:2
FNDA:2,ChannelsAccordion
FNDA:0,(anonymous_2)
FNDA:2,(anonymous_3)
FNDA:0,(anonymous_4)
FNDA:0,(anonymous_5)
FNDA:0,(anonymous_6)
FNDA:0,(anonymous_7)
DA:1,3
DA:2,3
DA:3,3
DA:4,3
DA:5,3
DA:6,3
DA:7,3
DA:8,3
DA:9,3
DA:12,3
DA:13,2
DA:14,2
DA:15,2
DA:16,2
DA:17,2
DA:18,2
DA:20,2
DA:26,0
DA:30,2
DA:31,0
DA:34,2
DA:35,0
DA:38,2
DA:44,0
DA:45,0
DA:48,0
DA:49,0
DA:50,0
DA:53,0
DA:55,0
DA:59,0
DA:63,0
DA:72,0
DA:73,0
DA:74,0
LF:35
LH:20
BRDA:34,0,0,0
BRDA:34,1,0,2
BRDA:34,1,1,0
BRDA:48,2,0,0
BRDA:83,3,0,2
BRDA:83,3,1,0
BRF:6
BRH:2
end_of_record
TN:
SF:src\widgets\ChatsNavigation\ui\ChannelsAccordion\index.ts
FN:1,(anonymous_0)
FNF:1
FNH:1
FNDA:2,(anonymous_0)
DA:1,4
LF:1
LH:1
BRF:0
BRH:0
end_of_record
TN:
SF:src\widgets\ChatsNavigation\ui\DmsAccordion\DmsAccordion.tsx
FN:13,DmsAccordion
FN:29,(anonymous_2)
FN:33,(anonymous_3)
FN:38,(anonymous_4)
FN:49,(anonymous_5)
FN:50,(anonymous_6)
FN:58,(anonymous_7)
FNF:7
FNH:1
FNDA:1,DmsAccordion
FNDA:0,(anonymous_2)
FNDA:0,(anonymous_3)
FNDA:0,(anonymous_4)
FNDA:0,(anonymous_5)
FNDA:0,(anonymous_6)
FNDA:0,(anonymous_7)
DA:1,2
DA:2,2
DA:3,2
DA:4,2
DA:5,2
DA:6,2
DA:7,2
DA:8,2
DA:9,2
DA:10,2
DA:13,2
DA:14,1
DA:15,1
DA:16,1
DA:17,1
DA:18,1
DA:21,1
DA:22,1
DA:24,1
DA:29,0
DA:35,0
DA:37,0
DA:38,0
DA:41,0
DA:42,0
DA:45,0
DA:50,0
DA:52,0
DA:53,0
DA:54,0
DA:57,0
DA:59,0
DA:63,0
DA:67,0
DA:76,0
DA:77,0
DA:78,0
LF:37
LH:19
BRDA:35,0,0,0
BRDA:35,0,1,0
BRDA:41,1,0,0
BRDA:41,2,0,0
BRDA:41,2,1,0
BRDA:52,3,0,0
BRDA:86,4,0,0
BRDA:86,4,1,0
BRDA:97,5,0,0
BRDA:97,5,1,0
BRF:10
BRH:0
end_of_record
TN:
SF:src\widgets\ChatsNavigation\ui\DmsAccordion\index.ts
FN:1,(anonymous_0)
FNF:1
FNH:1
FNDA:2,(anonymous_0)
DA:1,4
LF:1
LH:1
BRF:0
BRH:0
end_of_record
TN:
SF:src\widgets\CreateChannelModal\CreateChannelModal.tsx
FN:11,CreateChannelModal
FN:16,closeModalHandler
FN:42,(anonymous_3)
FN:47,(anonymous_4)
FN:54,(anonymous_5)
FNF:5
FNH:0
FNDA:0,CreateChannelModal
FNDA:0,closeModalHandler
FNDA:0,(anonymous_3)
FNDA:0,(anonymous_4)
FNDA:0,(anonymous_5)
DA:2,2
DA:3,2
DA:4,2
DA:5,2
DA:11,2
DA:12,0
DA:13,0
DA:14,0
DA:17,0
DA:18,0
DA:19,0
DA:23,0
DA:42,0
DA:47,0
DA:54,0
LF:15
LH:5
BRDA:18,0,0,0
BRDA:18,1,0,0
BRDA:18,1,1,0
BRF:3
BRH:0
end_of_record
TN:
SF:src\widgets\CreateChannelModal\index.ts
FN:1,(anonymous_0)
FNF:1
FNH:0
FNDA:0,(anonymous_0)
DA:1,2
LF:1
LH:1
BRF:0
BRH:0
end_of_record
TN:
SF:src\widgets\DeleteModal\DeleteModal.tsx
FN:10,DeleteModal
FN:13,(anonymous_2)
FN:18,(anonymous_3)
FNF:3
FNH:0
FNDA:0,DeleteModal
FNDA:0,(anonymous_2)
FNDA:0,(anonymous_3)
DA:2,1
DA:3,1
DA:4,1
DA:10,1
DA:11,0
DA:13,0
DA:18,0
LF:7
LH:4
BRF:0
BRH:0
end_of_record
TN:
SF:src\widgets\DeleteModal\index.ts
FN:1,(anonymous_0)
FNF:1
FNH:0
FNDA:0,(anonymous_0)
DA:1,1
LF:1
LH:1
BRF:0
BRH:0
end_of_record
TN:
SF:src\widgets\LeaveModal\LeaveModal.tsx
FN:10,LeaveModal
FN:13,(anonymous_2)
FN:18,(anonymous_3)
FNF:3
FNH:0
FNDA:0,LeaveModal
FNDA:0,(anonymous_2)
FNDA:0,(anonymous_3)
DA:2,1
DA:3,1
DA:4,1
DA:10,1
DA:11,0
DA:13,0
DA:18,0
LF:7
LH:4
BRF:0
BRH:0
end_of_record
TN:
SF:src\widgets\LeaveModal\index.ts
FN:1,(anonymous_0)
FNF:1
FNH:0
FNDA:0,(anonymous_0)
DA:1,1
LF:1
LH:1
BRF:0
BRH:0
end_of_record
TN:
SF:src\widgets\LoginForm\LoginForm.tsx
FN:5,LoginForm
FN:16,(anonymous_2)
FN:25,(anonymous_3)
FNF:3
FNH:1
FNDA:4,LoginForm
FNDA:0,(anonymous_2)
FNDA:0,(anonymous_3)
DA:1,3
DA:2,3
DA:3,3
DA:5,3
DA:6,4
DA:7,4
DA:9,4
DA:16,0
DA:25,0
LF:9
LH:7
BRF:0
BRH:0
end_of_record
TN:
SF:src\widgets\LoginForm\index.ts
FN:1,(anonymous_0)
FNF:1
FNH:1
FNDA:3,(anonymous_0)
DA:1,5
LF:1
LH:1
BRF:0
BRH:0
end_of_record
TN:
SF:src\widgets\Navbar\Navbar.tsx
FN:10,Navbar
FN:12,(anonymous_2)
FN:13,(anonymous_3)
FN:17,(anonymous_4)
FN:17,(anonymous_5)
FN:25,(anonymous_6)
FN:25,(anonymous_7)
FNF:7
FNH:3
FNDA:2,Navbar
FNDA:2,(anonymous_2)
FNDA:2,(anonymous_3)
FNDA:0,(anonymous_4)
FNDA:0,(anonymous_5)
FNDA:0,(anonymous_6)
FNDA:0,(anonymous_7)
DA:1,1
DA:2,1
DA:3,1
DA:4,1
DA:5,1
DA:6,1
DA:7,1
DA:8,1
DA:10,1
DA:11,2
DA:12,2
DA:13,2
DA:15,2
DA:17,0
DA:25,0
LF:15
LH:13
BRF:0
BRH:0
end_of_record
TN:
SF:src\widgets\Navbar\index.ts
FN:1,(anonymous_0)
FNF:1
FNH:1
FNDA:2,(anonymous_0)
DA:1,3
LF:1
LH:1
BRF:0
BRH:0
end_of_record
TN:
SF:src\widgets\Notification\Notification.tsx
FN:11,Notification
FNF:1
FNH:1
FNDA:1,Notification
DA:1,1
DA:2,1
DA:3,1
DA:4,1
DA:5,1
DA:6,1
DA:7,1
DA:8,1
DA:9,1
DA:11,1
DA:12,1
DA:14,1
LF:12
LH:12
BRDA:19,0,0,1
BRDA:19,0,1,0
BRF:2
BRH:1
end_of_record
TN:
SF:src\widgets\Notification\index.ts
FN:1,(anonymous_0)
FNF:1
FNH:1
FNDA:2,(anonymous_0)
DA:1,3
LF:1
LH:1
BRF:0
BRH:0
end_of_record
TN:
SF:src\widgets\Notification\ui\ApplyRequestNotifications\ApplyRequestNotifications.tsx
FN:12,ApplyRequestNotifications
FN:21,(anonymous_2)
FNF:2
FNH:0
FNDA:0,ApplyRequestNotifications
FNDA:0,(anonymous_2)
DA:1,1
DA:2,1
DA:3,1
DA:4,1
DA:5,1
DA:12,1
DA:15,0
DA:19,0
DA:22,0
DA:26,0
LF:10
LH:6
BRF:0
BRH:0
end_of_record
TN:
SF:src\widgets\Notification\ui\ApplyRequestNotifications\index.ts
FN:1,(anonymous_0)
FNF:1
FNH:0
FNDA:0,(anonymous_0)
DA:1,1
LF:1
LH:1
BRF:0
BRH:0
end_of_record
TN:
SF:src\widgets\Notification\ui\ApplyResponseNotifications\ApplyResponseNotifications.tsx
FN:16,ApplyResponseNotifications
FN:28,(anonymous_2)
FN:38,(anonymous_3)
FN:66,(anonymous_4)
FNF:4
FNH:0
FNDA:0,ApplyResponseNotifications
FNDA:0,(anonymous_2)
FNDA:0,(anonymous_3)
FNDA:0,(anonymous_4)
DA:1,1
DA:2,1
DA:3,1
DA:8,1
DA:9,1
DA:10,1
DA:16,1
DA:19,0
DA:22,0
DA:23,0
DA:24,0
DA:26,0
DA:29,0
DA:33,0
DA:34,0
DA:39,0
DA:43,0
DA:44,0
DA:50,0
DA:62,0
DA:67,0
DA:68,0
DA:74,0
LF:23
LH:7
BRDA:33,0,0,0
BRF:1
BRH:0
end_of_record
TN:
SF:src\widgets\Notification\ui\ApplyResponseNotifications\index.ts
FN:1,(anonymous_0)
FNF:1
FNH:0
FNDA:0,(anonymous_0)
DA:1,1
LF:1
LH:1
BRF:0
BRH:0
end_of_record
TN:
SF:src\widgets\Notification\ui\DeletionNotifications\DeletionNotifications.tsx
FN:16,DeletionNotifications
FN:25,(anonymous_2)
FN:29,(anonymous_3)
FN:41,(anonymous_4)
FNF:4
FNH:0
FNDA:0,DeletionNotifications
FNDA:0,(anonymous_2)
FNDA:0,(anonymous_3)
FNDA:0,(anonymous_4)
DA:1,1
DA:2,1
DA:6,1
DA:7,1
DA:8,1
DA:9,1
DA:16,1
DA:17,0
DA:20,0
DA:21,0
DA:22,0
DA:23,0
DA:26,0
DA:30,0
DA:35,0
DA:41,0
LF:16
LH:7
BRF:0
BRH:0
end_of_record
TN:
SF:src\widgets\Notification\ui\DeletionNotifications\index.ts
FN:1,(anonymous_0)
FNF:1
FNH:0
FNDA:0,(anonymous_0)
DA:1,1
LF:1
LH:1
BRF:0
BRH:0
end_of_record
TN:
SF:src\widgets\Notification\ui\NewNotificationsIndicator\NewNotificationsIndicator.tsx
FN:5,NewNotificationsIndicator
FN:9,(anonymous_2)
FNF:2
FNH:2
FNDA:1,NewNotificationsIndicator
FNDA:6,(anonymous_2)
DA:1,1
DA:2,1
DA:3,1
DA:5,1
DA:6,1
DA:8,1
DA:9,6
DA:13,1
LF:8
LH:8
BRDA:15,0,0,1
BRDA:15,0,1,0
BRF:2
BRH:1
end_of_record
TN:
SF:src\widgets\Notification\ui\NewNotificationsIndicator\index.ts
FN:1,(anonymous_0)
FNF:1
FNH:1
FNDA:1,(anonymous_0)
DA:1,2
LF:1
LH:1
BRF:0
BRH:0
end_of_record
TN:
SF:src\widgets\Notification\ui\NoNotificationsMessage\NoNotificationsMessage.tsx
FN:5,NoNotificationsMessage
FN:9,(anonymous_2)
FNF:2
FNH:0
FNDA:0,NoNotificationsMessage
FNDA:0,(anonymous_2)
DA:1,1
DA:2,1
DA:3,1
DA:5,1
DA:6,0
DA:8,0
DA:9,0
DA:12,0
LF:8
LH:4
BRDA:14,0,0,0
BRDA:14,0,1,0
BRF:2
BRH:0
end_of_record
TN:
SF:src\widgets\Notification\ui\NoNotificationsMessage\index.ts
FN:1,(anonymous_0)
FNF:1
FNH:0
FNDA:0,(anonymous_0)
DA:1,1
LF:1
LH:1
BRF:0
BRH:0
end_of_record
TN:
SF:src\widgets\Notification\ui\UnreadMessagesNotifications\UnreadMessagesNotifications.tsx
FN:18,UnreadMessagesNotifications
FN:32,(anonymous_2)
FN:36,(anonymous_3)
FN:38,(anonymous_4)
FN:40,(anonymous_5)
FN:45,(anonymous_6)
FN:76,(anonymous_7)
FNF:7
FNH:0
FNDA:0,UnreadMessagesNotifications
FNDA:0,(anonymous_2)
FNDA:0,(anonymous_3)
FNDA:0,(anonymous_4)
FNDA:0,(anonymous_5)
FNDA:0,(anonymous_6)
FNDA:0,(anonymous_7)
DA:1,1
DA:2,1
DA:3,1
DA:4,1
DA:5,1
DA:6,1
DA:7,1
DA:8,1
DA:9,1
DA:10,1
DA:18,1
DA:21,0
DA:22,0
DA:23,0
DA:24,0
DA:25,0
DA:26,0
DA:30,0
DA:33,0
DA:37,0
DA:38,0
DA:40,0
DA:42,0
DA:44,0
DA:46,0
DA:49,0
DA:53,0
DA:62,0
DA:67,0
DA:70,0
DA:76,0
LF:31
LH:11
BRDA:42,0,0,0
BRDA:42,0,1,0
BRF:2
BRH:0
end_of_record
TN:
SF:src\widgets\Notification\ui\UnreadMessagesNotifications\index.ts
FN:1,(anonymous_0)
FNF:1
FNH:0
FNDA:0,(anonymous_0)
DA:1,1
LF:1
LH:1
BRF:0
BRH:0
end_of_record
TN:
SF:src\widgets\SearchBlock\SearchBlock.tsx
FN:6,SearchBlock
FN:13,(anonymous_2)
FN:21,(anonymous_3)
FNF:3
FNH:0
FNDA:0,SearchBlock
FNDA:0,(anonymous_2)
FNDA:0,(anonymous_3)
DA:1,1
DA:2,1
DA:3,1
DA:4,1
DA:6,1
DA:7,0
DA:9,0
DA:13,0
DA:21,0
LF:9
LH:5
BRDA:15,0,0,0
BRDA:15,0,1,0
BRDA:23,1,0,0
BRDA:23,1,1,0
BRDA:29,2,0,0
BRDA:29,2,1,0
BRDA:30,3,0,0
BRDA:30,3,1,0
BRF:8
BRH:0
end_of_record
TN:
SF:src\widgets\SearchBlock\index.ts
FN:1,(anonymous_0)
FNF:1
FNH:0
FNDA:0,(anonymous_0)
DA:1,1
LF:1
LH:1
BRF:0
BRH:0
end_of_record
TN:
SF:src\widgets\SearchBlock\ui\ChannelContainer\ChannelContainer.tsx
FN:13,ChannelContainer
FN:34,(anonymous_2)
FN:36,(anonymous_3)
FN:58,(anonymous_4)
FN:59,(anonymous_5)
FN:69,(anonymous_6)
FN:69,(anonymous_7)
FNF:7
FNH:0
FNDA:0,ChannelContainer
FNDA:0,(anonymous_2)
FNDA:0,(anonymous_3)
FNDA:0,(anonymous_4)
FNDA:0,(anonymous_5)
FNDA:0,(anonymous_6)
FNDA:0,(anonymous_7)
DA:1,1
DA:2,1
DA:4,1
DA:5,1
DA:6,1
DA:7,1
DA:8,1
DA:9,1
DA:10,1
DA:13,1
DA:14,0
DA:15,0
DA:16,0
DA:18,0
DA:23,0
DA:24,0
DA:27,0
DA:28,0
DA:31,0
DA:35,0
DA:36,0
DA:38,0
DA:59,0
DA:60,0
DA:69,0
LF:25
LH:10
BRDA:23,0,0,0
BRDA:27,1,0,0
BRDA:44,2,0,0
BRDA:44,2,1,0
BRDA:45,3,0,0
BRDA:45,3,1,0
BRDA:45,3,2,0
BRDA:48,4,0,0
BRDA:48,4,1,0
BRDA:48,4,2,0
BRDA:60,5,0,0
BRDA:60,5,1,0
BRDA:70,6,0,0
BRDA:70,6,1,0
BRF:14
BRH:0
end_of_record
TN:
SF:src\widgets\SearchBlock\ui\ChannelContainer\index.ts
FN:1,(anonymous_0)
FNF:1
FNH:0
FNDA:0,(anonymous_0)
DA:1,1
LF:1
LH:1
BRF:0
BRH:0
end_of_record
TN:
SF:src\widgets\SearchBlock\ui\DmsContainer\DmsContainer.tsx
FN:11,DmsContainer
FN:15,(anonymous_2)
FN:37,(anonymous_3)
FN:64,(anonymous_4)
FN:65,(anonymous_5)
FN:75,(anonymous_6)
FN:75,(anonymous_7)
FNF:7
FNH:0
FNDA:0,DmsContainer
FNDA:0,(anonymous_2)
FNDA:0,(anonymous_3)
FNDA:0,(anonymous_4)
FNDA:0,(anonymous_5)
FNDA:0,(anonymous_6)
FNDA:0,(anonymous_7)
DA:1,1
DA:2,1
DA:4,1
DA:5,1
DA:6,1
DA:7,1
DA:8,1
DA:9,1
DA:11,1
DA:12,0
DA:13,0
DA:14,0
DA:15,0
DA:16,0
DA:21,0
DA:26,0
DA:27,0
DA:30,0
DA:31,0
DA:34,0
DA:38,0
DA:39,0
DA:40,0
DA:65,0
DA:66,0
DA:75,0
LF:26
LH:9
BRDA:16,0,0,0
BRDA:16,0,1,0
BRDA:26,1,0,0
BRDA:30,2,0,0
BRDA:38,3,0,0
BRDA:55,4,0,0
BRDA:55,4,1,0
BRDA:56,5,0,0
BRDA:56,5,1,0
BRDA:66,6,0,0
BRDA:66,6,1,0
BRDA:76,7,0,0
BRDA:76,7,1,0
BRF:13
BRH:0
end_of_record
TN:
SF:src\widgets\SearchBlock\ui\DmsContainer\index.ts
FN:1,(anonymous_0)
FNF:1
FNH:0
FNDA:0,(anonymous_0)
DA:1,1
LF:1
LH:1
BRF:0
BRH:0
end_of_record
TN:
SF:src\widgets\SignupForm\SignupForm.tsx
FN:6,SignupForm
FN:20,(anonymous_2)
FN:28,(anonymous_3)
FN:36,(anonymous_4)
FN:44,(anonymous_5)
FN:65,(anonymous_6)
FNF:6
FNH:1
FNDA:1,SignupForm
FNDA:0,(anonymous_2)
FNDA:0,(anonymous_3)
FNDA:0,(anonymous_4)
FNDA:0,(anonymous_5)
FNDA:0,(anonymous_6)
DA:1,1
DA:2,1
DA:3,1
DA:4,1
DA:6,1
DA:7,1
DA:8,1
DA:9,1
DA:10,1
DA:11,1
DA:13,1
DA:20,0
DA:28,0
DA:36,0
DA:44,0
DA:66,0
DA:67,0
LF:17
LH:11
BRDA:53,0,0,1
BRDA:53,0,1,0
BRDA:66,1,0,0
BRDA:66,2,0,0
BRDA:66,2,1,0
BRF:5
BRH:1
end_of_record
TN:
SF:src\widgets\SignupForm\index.ts
FN:1,(anonymous_0)
FNF:1
FNH:1
FNDA:1,(anonymous_0)
DA:1,2
LF:1
LH:1
BRF:0
BRH:0
end_of_record
TN:
SF:src\widgets\UserInfo\UserInfo.tsx
FN:6,UserInfo
FNF:1
FNH:0
FNDA:0,UserInfo
DA:1,1
DA:2,1
DA:3,1
DA:4,1
DA:6,1
DA:7,0
DA:9,0
LF:7
LH:5
BRF:0
BRH:0
end_of_record
TN:
SF:src\widgets\UserInfo\index.ts
FN:1,(anonymous_0)
FNF:1
FNH:0
FNDA:0,(anonymous_0)
DA:1,1
LF:1
LH:1
BRF:0
BRH:0
end_of_record
